{"/home/ubuntu/html-document/lib/Abstract/AbstractCSSStyleDeclaration.js":{"path":"/home/ubuntu/html-document/lib/Abstract/AbstractCSSStyleDeclaration.js","s":{"1":1,"2":1,"3":1,"4":1,"5":23,"6":23,"7":23,"8":23,"9":1,"10":1,"11":438,"12":1,"13":12,"14":12,"15":12,"16":12,"17":22,"18":22,"19":1,"20":21,"21":21,"22":10,"23":21,"24":21,"25":21,"26":21,"27":21,"28":12,"29":16,"30":16,"31":28,"32":16,"33":3,"34":5,"35":10,"36":1,"37":1,"38":1,"39":1,"40":1,"41":1,"42":2,"43":2,"44":23,"45":0,"46":23,"47":23,"48":1,"49":22,"50":23,"51":8,"52":12,"53":1,"54":1,"55":1},"b":{"1":[1,21],"2":[10,11],"3":[21,0],"4":[21,10],"5":[28,13,15],"6":[3,2,1],"7":[5,4],"8":[10,6],"9":[1,0],"10":[0,23],"11":[1,22]},"f":{"1":23,"2":1,"3":438,"4":12,"5":22,"6":16,"7":28,"8":3,"9":5,"10":10,"11":1,"12":2,"13":23,"14":8,"15":12},"fnMap":{"1":{"name":"CSSStyleRule","line":20,"loc":{"start":{"line":20,"column":0},"end":{"line":20,"column":54}}},"2":{"name":"(anonymous_2)","line":39,"loc":{"start":{"line":39,"column":35},"end":{"line":39,"column":47}}},"3":{"name":"AbstractCSSStyleDeclaration","line":40,"loc":{"start":{"line":40,"column":4},"end":{"line":40,"column":43}}},"4":{"name":"_parse","line":57,"loc":{"start":{"line":57,"column":15},"end":{"line":57,"column":38}}},"5":{"name":"(anonymous_5)","line":62,"loc":{"start":{"line":62,"column":37},"end":{"line":62,"column":53}}},"6":{"name":"_stringify","line":93,"loc":{"start":{"line":93,"column":15},"end":{"line":93,"column":37}}},"7":{"name":"(anonymous_7)","line":95,"loc":{"start":{"line":95,"column":37},"end":{"line":95,"column":53}}},"8":{"name":"getPropertyPriority","line":113,"loc":{"start":{"line":113,"column":15},"end":{"line":113,"column":58}}},"9":{"name":"getPropertyValue","line":129,"loc":{"start":{"line":129,"column":15},"end":{"line":129,"column":55}}},"10":{"name":"item","line":145,"loc":{"start":{"line":145,"column":15},"end":{"line":145,"column":36}}},"11":{"name":"removeProperty","line":161,"loc":{"start":{"line":161,"column":15},"end":{"line":161,"column":53}}},"12":{"name":"setProperty","line":186,"loc":{"start":{"line":186,"column":15},"end":{"line":186,"column":68}}},"13":{"name":"_setProperty","line":206,"loc":{"start":{"line":206,"column":15},"end":{"line":206,"column":69}}},"14":{"name":"get","line":229,"loc":{"start":{"line":229,"column":13},"end":{"line":229,"column":28}}},"15":{"name":"set","line":239,"loc":{"start":{"line":239,"column":13},"end":{"line":239,"column":33}}}},"statementMap":{"1":{"start":{"line":6,"column":0},"end":{"line":6,"column":83}},"2":{"start":{"line":8,"column":0},"end":{"line":8,"column":76}},"3":{"start":{"line":10,"column":0},"end":{"line":12,"column":3}},"4":{"start":{"line":14,"column":0},"end":{"line":36,"column":1}},"5":{"start":{"line":21,"column":4},"end":{"line":21,"column":40}},"6":{"start":{"line":23,"column":4},"end":{"line":23,"column":29}},"7":{"start":{"line":24,"column":4},"end":{"line":24,"column":23}},"8":{"start":{"line":25,"column":4},"end":{"line":25,"column":31}},"9":{"start":{"line":39,"column":0},"end":{"line":245,"column":5}},"10":{"start":{"line":40,"column":4},"end":{"line":42,"column":5}},"11":{"start":{"line":41,"column":8},"end":{"line":41,"column":59}},"12":{"start":{"line":44,"column":4},"end":{"line":242,"column":8}},"13":{"start":{"line":58,"column":12},"end":{"line":58,"column":29}},"14":{"start":{"line":60,"column":12},"end":{"line":60,"column":34}},"15":{"start":{"line":61,"column":12},"end":{"line":61,"column":37}},"16":{"start":{"line":62,"column":12},"end":{"line":79,"column":15}},"17":{"start":{"line":63,"column":16},"end":{"line":63,"column":35}},"18":{"start":{"line":64,"column":16},"end":{"line":66,"column":17}},"19":{"start":{"line":65,"column":20},"end":{"line":65,"column":27}},"20":{"start":{"line":68,"column":16},"end":{"line":68,"column":60}},"21":{"start":{"line":69,"column":16},"end":{"line":71,"column":17}},"22":{"start":{"line":70,"column":20},"end":{"line":70,"column":63}},"23":{"start":{"line":73,"column":16},"end":{"line":73,"column":51}},"24":{"start":{"line":74,"column":16},"end":{"line":78,"column":17}},"25":{"start":{"line":75,"column":20},"end":{"line":75,"column":63}},"26":{"start":{"line":76,"column":20},"end":{"line":76,"column":66}},"27":{"start":{"line":77,"column":20},"end":{"line":77,"column":77}},"28":{"start":{"line":80,"column":12},"end":{"line":80,"column":30}},"29":{"start":{"line":94,"column":12},"end":{"line":94,"column":31}},"30":{"start":{"line":95,"column":12},"end":{"line":97,"column":15}},"31":{"start":{"line":96,"column":16},"end":{"line":96,"column":105}},"32":{"start":{"line":98,"column":12},"end":{"line":98,"column":36}},"33":{"start":{"line":114,"column":12},"end":{"line":114,"column":115}},"34":{"start":{"line":130,"column":12},"end":{"line":130,"column":96}},"35":{"start":{"line":146,"column":12},"end":{"line":146,"column":75}},"36":{"start":{"line":162,"column":12},"end":{"line":168,"column":13}},"37":{"start":{"line":163,"column":16},"end":{"line":163,"column":62}},"38":{"start":{"line":164,"column":16},"end":{"line":164,"column":76}},"39":{"start":{"line":165,"column":16},"end":{"line":165,"column":57}},"40":{"start":{"line":166,"column":16},"end":{"line":166,"column":34}},"41":{"start":{"line":167,"column":16},"end":{"line":167,"column":35}},"42":{"start":{"line":187,"column":12},"end":{"line":187,"column":62}},"43":{"start":{"line":188,"column":12},"end":{"line":188,"column":30}},"44":{"start":{"line":207,"column":12},"end":{"line":209,"column":13}},"45":{"start":{"line":208,"column":16},"end":{"line":208,"column":76}},"46":{"start":{"line":211,"column":12},"end":{"line":211,"column":91}},"47":{"start":{"line":212,"column":12},"end":{"line":216,"column":13}},"48":{"start":{"line":213,"column":16},"end":{"line":213,"column":113}},"49":{"start":{"line":215,"column":16},"end":{"line":215,"column":47}},"50":{"start":{"line":218,"column":12},"end":{"line":218,"column":56}},"51":{"start":{"line":230,"column":12},"end":{"line":230,"column":31}},"52":{"start":{"line":240,"column":12},"end":{"line":240,"column":31}},"53":{"start":{"line":244,"column":4},"end":{"line":244,"column":39}},"54":{"start":{"line":247,"column":0},"end":{"line":247,"column":49}},"55":{"start":{"line":248,"column":0},"end":{"line":248,"column":36}}},"branchMap":{"1":{"line":64,"type":"if","locations":[{"start":{"line":64,"column":16},"end":{"line":64,"column":16}},{"start":{"line":64,"column":16},"end":{"line":64,"column":16}}]},"2":{"line":69,"type":"if","locations":[{"start":{"line":69,"column":16},"end":{"line":69,"column":16}},{"start":{"line":69,"column":16},"end":{"line":69,"column":16}}]},"3":{"line":74,"type":"if","locations":[{"start":{"line":74,"column":16},"end":{"line":74,"column":16}},{"start":{"line":74,"column":16},"end":{"line":74,"column":16}}]},"4":{"line":77,"type":"binary-expr","locations":[{"start":{"line":77,"column":51},"end":{"line":77,"column":60}},{"start":{"line":77,"column":64},"end":{"line":77,"column":75}}]},"5":{"line":96,"type":"binary-expr","locations":[{"start":{"line":96,"column":61},"end":{"line":96,"column":75}},{"start":{"line":96,"column":79},"end":{"line":96,"column":91}},{"start":{"line":96,"column":95},"end":{"line":96,"column":97}}]},"6":{"line":114,"type":"binary-expr","locations":[{"start":{"line":114,"column":19},"end":{"line":114,"column":52}},{"start":{"line":114,"column":56},"end":{"line":114,"column":99}},{"start":{"line":114,"column":103},"end":{"line":114,"column":114}}]},"7":{"line":130,"type":"binary-expr","locations":[{"start":{"line":130,"column":19},"end":{"line":130,"column":52}},{"start":{"line":130,"column":56},"end":{"line":130,"column":95}}]},"8":{"line":146,"type":"binary-expr","locations":[{"start":{"line":146,"column":19},"end":{"line":146,"column":42}},{"start":{"line":146,"column":46},"end":{"line":146,"column":74}}]},"9":{"line":162,"type":"if","locations":[{"start":{"line":162,"column":12},"end":{"line":162,"column":12}},{"start":{"line":162,"column":12},"end":{"line":162,"column":12}}]},"10":{"line":207,"type":"if","locations":[{"start":{"line":207,"column":12},"end":{"line":207,"column":12}},{"start":{"line":207,"column":12},"end":{"line":207,"column":12}}]},"11":{"line":212,"type":"if","locations":[{"start":{"line":212,"column":12},"end":{"line":212,"column":12}},{"start":{"line":212,"column":12},"end":{"line":212,"column":12}}]}}},"/home/ubuntu/html-document/lib/Comment.js":{"path":"/home/ubuntu/html-document/lib/Comment.js","s":{"1":1,"2":1,"3":1,"4":1,"5":1,"6":1,"7":1,"8":1,"9":1,"10":1,"11":1,"12":1,"13":1,"14":2,"15":2,"16":2,"17":1,"18":1,"19":1,"20":1,"21":0,"22":1,"23":1,"24":1,"25":1,"26":1},"b":{},"f":{"1":1,"2":2,"3":1,"4":1,"5":1,"6":0},"fnMap":{"1":{"name":"(anonymous_1)","line":30,"loc":{"start":{"line":30,"column":15},"end":{"line":30,"column":32}}},"2":{"name":"Comment","line":37,"loc":{"start":{"line":37,"column":2},"end":{"line":37,"column":28}}},"3":{"name":"get","line":57,"loc":{"start":{"line":57,"column":9},"end":{"line":57,"column":24}}},"4":{"name":"get","line":69,"loc":{"start":{"line":69,"column":9},"end":{"line":69,"column":24}}},"5":{"name":"get","line":83,"loc":{"start":{"line":83,"column":9},"end":{"line":83,"column":24}}},"6":{"name":"set","line":93,"loc":{"start":{"line":93,"column":9},"end":{"line":93,"column":28}}}},"statementMap":{"1":{"start":{"line":3,"column":0},"end":{"line":3,"column":59}},"2":{"start":{"line":5,"column":0},"end":{"line":5,"column":69}},"3":{"start":{"line":7,"column":0},"end":{"line":7,"column":76}},"4":{"start":{"line":9,"column":0},"end":{"line":9,"column":83}},"5":{"start":{"line":11,"column":0},"end":{"line":11,"column":97}},"6":{"start":{"line":13,"column":0},"end":{"line":15,"column":3}},"7":{"start":{"line":17,"column":0},"end":{"line":17,"column":53}},"8":{"start":{"line":19,"column":0},"end":{"line":19,"column":65}},"9":{"start":{"line":21,"column":0},"end":{"line":21,"column":31}},"10":{"start":{"line":23,"column":0},"end":{"line":23,"column":44}},"11":{"start":{"line":30,"column":0},"end":{"line":99,"column":22}},"12":{"start":{"line":31,"column":2},"end":{"line":31,"column":28}},"13":{"start":{"line":37,"column":2},"end":{"line":42,"column":3}},"14":{"start":{"line":38,"column":4},"end":{"line":38,"column":35}},"15":{"start":{"line":40,"column":4},"end":{"line":40,"column":83}},"16":{"start":{"line":41,"column":4},"end":{"line":41,"column":26}},"17":{"start":{"line":55,"column":2},"end":{"line":96,"column":6}},"18":{"start":{"line":58,"column":6},"end":{"line":58,"column":16}},"19":{"start":{"line":70,"column":6},"end":{"line":70,"column":77}},"20":{"start":{"line":84,"column":6},"end":{"line":84,"column":25}},"21":{"start":{"line":94,"column":6},"end":{"line":94,"column":25}},"22":{"start":{"line":98,"column":2},"end":{"line":98,"column":17}},"23":{"start":{"line":101,"column":0},"end":{"line":101,"column":29}},"24":{"start":{"line":102,"column":0},"end":{"line":102,"column":96}},"25":{"start":{"line":107,"column":0},"end":{"line":107,"column":76}},"26":{"start":{"line":108,"column":0},"end":{"line":108,"column":36}}},"branchMap":{}},"/home/ubuntu/html-document/lib/utils/escapeHTML.js":{"path":"/home/ubuntu/html-document/lib/utils/escapeHTML.js","s":{"1":1,"2":1,"3":1,"4":29,"5":0,"6":29,"7":1},"b":{"1":[0,29]},"f":{"1":29},"fnMap":{"1":{"name":"escapeHTML","line":9,"loc":{"start":{"line":9,"column":0},"end":{"line":9,"column":28}}}},"statementMap":{"1":{"start":{"line":3,"column":0},"end":{"line":5,"column":3}},"2":{"start":{"line":6,"column":0},"end":{"line":6,"column":32}},"3":{"start":{"line":9,"column":0},"end":{"line":15,"column":1}},"4":{"start":{"line":10,"column":4},"end":{"line":12,"column":5}},"5":{"start":{"line":11,"column":8},"end":{"line":11,"column":22}},"6":{"start":{"line":14,"column":4},"end":{"line":14,"column":101}},"7":{"start":{"line":17,"column":0},"end":{"line":17,"column":36}}},"branchMap":{"1":{"line":10,"type":"if","locations":[{"start":{"line":10,"column":4},"end":{"line":10,"column":4}},{"start":{"line":10,"column":4},"end":{"line":10,"column":4}}]}}},"/home/ubuntu/html-document/lib/Node.js":{"path":"/home/ubuntu/html-document/lib/Node.js","s":{"1":1,"2":1,"3":1,"4":1,"5":1,"6":1,"7":615,"8":615,"9":1,"10":134,"11":105,"12":118,"13":118,"14":159,"15":17,"16":13,"17":13,"18":27,"19":4,"20":4,"21":4,"22":4,"23":4,"24":4,"25":4,"26":0,"27":4,"28":4,"29":1,"30":1,"31":1,"32":1,"33":1,"34":1,"35":0,"36":1,"37":1,"38":1,"39":1,"40":1,"41":0,"42":1,"43":0,"44":1,"45":1,"46":1,"47":1,"48":1,"49":1,"50":1,"51":1,"52":1,"53":1,"54":1,"55":0,"56":0,"57":0,"58":1,"59":0,"60":1,"61":1,"62":105,"63":0,"64":0,"65":1,"66":1,"67":1,"68":1,"69":1,"70":1,"71":1,"72":1,"73":1,"74":1,"75":1,"76":1,"77":1,"78":1,"79":1},"b":{"1":[83,51],"2":[13,4],"3":[4,0],"4":[4,0],"5":[4,0],"6":[1,0],"7":[1,0],"8":[1,1],"9":[0,1],"10":[0,1],"11":[0,1],"12":[1,1],"13":[1,0],"14":[1,0],"15":[1,0],"16":[0,1],"17":[0,1],"18":[1,1],"19":[105,10]},"f":{"1":1,"2":615,"3":134,"4":105,"5":118,"6":159,"7":17,"8":0,"9":27,"10":4,"11":1,"12":1,"13":1,"14":1,"15":1,"16":1,"17":0,"18":105,"19":0,"20":0,"21":0},"fnMap":{"1":{"name":"(anonymous_1)","line":19,"loc":{"start":{"line":19,"column":12},"end":{"line":19,"column":24}}},"2":{"name":"Node","line":20,"loc":{"start":{"line":20,"column":4},"end":{"line":20,"column":20}}},"3":{"name":"getAttribute","line":56,"loc":{"start":{"line":56,"column":15},"end":{"line":56,"column":52}}},"4":{"name":"hasAttribute","line":73,"loc":{"start":{"line":73,"column":15},"end":{"line":73,"column":52}}},"5":{"name":"setAttribute","line":91,"loc":{"start":{"line":91,"column":15},"end":{"line":91,"column":68}}},"6":{"name":"_setAttribute","line":110,"loc":{"start":{"line":110,"column":15},"end":{"line":110,"column":69}}},"7":{"name":"removeAttribute","line":125,"loc":{"start":{"line":125,"column":15},"end":{"line":125,"column":55}}},"8":{"name":"_updatedAttribute","line":144,"loc":{"start":{"line":144,"column":15},"end":{"line":144,"column":64}}},"9":{"name":"_toHTML","line":158,"loc":{"start":{"line":158,"column":35},"end":{"line":158,"column":54}}},"10":{"name":"addEventListener","line":177,"loc":{"start":{"line":177,"column":15},"end":{"line":177,"column":78}}},"11":{"name":"removeEventListener","line":208,"loc":{"start":{"line":208,"column":15},"end":{"line":208,"column":81}}},"12":{"name":"dispatchEvent","line":232,"loc":{"start":{"line":232,"column":15},"end":{"line":232,"column":45}}},"13":{"name":"capturingPhase","line":239,"loc":{"start":{"line":239,"column":50},"end":{"line":239,"column":81}}},"14":{"name":"(anonymous_14)","line":252,"loc":{"start":{"line":252,"column":56},"end":{"line":252,"column":76}}},"15":{"name":"(anonymous_15)","line":264,"loc":{"start":{"line":264,"column":17},"end":{"line":264,"column":29}}},"16":{"name":"bubblingPhase","line":266,"loc":{"start":{"line":266,"column":57},"end":{"line":266,"column":87}}},"17":{"name":"(anonymous_17)","line":271,"loc":{"start":{"line":271,"column":64},"end":{"line":271,"column":84}}},"18":{"name":"get","line":299,"loc":{"start":{"line":299,"column":13},"end":{"line":299,"column":28}}},"19":{"name":"get","line":304,"loc":{"start":{"line":304,"column":13},"end":{"line":304,"column":28}}},"20":{"name":"get","line":309,"loc":{"start":{"line":309,"column":13},"end":{"line":309,"column":28}}},"21":{"name":"set","line":319,"loc":{"start":{"line":319,"column":13},"end":{"line":319,"column":33}}}},"statementMap":{"1":{"start":{"line":9,"column":0},"end":{"line":9,"column":76}},"2":{"start":{"line":11,"column":0},"end":{"line":11,"column":83}},"3":{"start":{"line":13,"column":0},"end":{"line":13,"column":59}},"4":{"start":{"line":15,"column":0},"end":{"line":17,"column":3}},"5":{"start":{"line":19,"column":0},"end":{"line":323,"column":5}},"6":{"start":{"line":20,"column":4},"end":{"line":24,"column":5}},"7":{"start":{"line":21,"column":8},"end":{"line":21,"column":36}},"8":{"start":{"line":23,"column":8},"end":{"line":23,"column":30}},"9":{"start":{"line":41,"column":4},"end":{"line":320,"column":8}},"10":{"start":{"line":57,"column":12},"end":{"line":57,"column":94}},"11":{"start":{"line":74,"column":12},"end":{"line":74,"column":53}},"12":{"start":{"line":92,"column":12},"end":{"line":92,"column":62}},"13":{"start":{"line":93,"column":12},"end":{"line":93,"column":83}},"14":{"start":{"line":111,"column":12},"end":{"line":111,"column":69}},"15":{"start":{"line":126,"column":12},"end":{"line":129,"column":13}},"16":{"start":{"line":127,"column":16},"end":{"line":127,"column":55}},"17":{"start":{"line":128,"column":16},"end":{"line":128,"column":54}},"18":{"start":{"line":159,"column":12},"end":{"line":159,"column":34}},"19":{"start":{"line":178,"column":12},"end":{"line":178,"column":48}},"20":{"start":{"line":179,"column":12},"end":{"line":179,"column":95}},"21":{"start":{"line":180,"column":12},"end":{"line":182,"column":13}},"22":{"start":{"line":181,"column":16},"end":{"line":181,"column":46}},"23":{"start":{"line":184,"column":12},"end":{"line":184,"column":38}},"24":{"start":{"line":185,"column":12},"end":{"line":189,"column":13}},"25":{"start":{"line":186,"column":16},"end":{"line":186,"column":64}},"26":{"start":{"line":188,"column":16},"end":{"line":188,"column":60}},"27":{"start":{"line":191,"column":12},"end":{"line":191,"column":37}},"28":{"start":{"line":192,"column":12},"end":{"line":192,"column":24}},"29":{"start":{"line":209,"column":12},"end":{"line":209,"column":48}},"30":{"start":{"line":210,"column":12},"end":{"line":210,"column":95}},"31":{"start":{"line":211,"column":12},"end":{"line":219,"column":13}},"32":{"start":{"line":212,"column":16},"end":{"line":212,"column":64}},"33":{"start":{"line":213,"column":16},"end":{"line":213,"column":56}},"34":{"start":{"line":214,"column":16},"end":{"line":216,"column":17}},"35":{"start":{"line":215,"column":20},"end":{"line":215,"column":33}},"36":{"start":{"line":218,"column":16},"end":{"line":218,"column":43}},"37":{"start":{"line":233,"column":12},"end":{"line":233,"column":29}},"38":{"start":{"line":235,"column":12},"end":{"line":235,"column":32}},"39":{"start":{"line":238,"column":12},"end":{"line":258,"column":14}},"40":{"start":{"line":241,"column":16},"end":{"line":243,"column":17}},"41":{"start":{"line":242,"column":20},"end":{"line":242,"column":65}},"42":{"start":{"line":245,"column":16},"end":{"line":247,"column":17}},"43":{"start":{"line":246,"column":20},"end":{"line":246,"column":27}},"44":{"start":{"line":249,"column":16},"end":{"line":249,"column":105}},"45":{"start":{"line":250,"column":16},"end":{"line":257,"column":17}},"46":{"start":{"line":251,"column":20},"end":{"line":256,"column":23}},"47":{"start":{"line":254,"column":24},"end":{"line":254,"column":40}},"48":{"start":{"line":255,"column":24},"end":{"line":255,"column":65}},"49":{"start":{"line":260,"column":12},"end":{"line":260,"column":45}},"50":{"start":{"line":263,"column":12},"end":{"line":285,"column":13}},"51":{"start":{"line":264,"column":16},"end":{"line":284,"column":21}},"52":{"start":{"line":265,"column":20},"end":{"line":281,"column":22}},"53":{"start":{"line":268,"column":24},"end":{"line":268,"column":111}},"54":{"start":{"line":269,"column":24},"end":{"line":276,"column":25}},"55":{"start":{"line":270,"column":28},"end":{"line":275,"column":31}},"56":{"start":{"line":273,"column":32},"end":{"line":273,"column":48}},"57":{"start":{"line":274,"column":32},"end":{"line":274,"column":73}},"58":{"start":{"line":278,"column":24},"end":{"line":280,"column":25}},"59":{"start":{"line":279,"column":28},"end":{"line":279,"column":72}},"60":{"start":{"line":283,"column":20},"end":{"line":283,"column":53}},"61":{"start":{"line":287,"column":12},"end":{"line":287,"column":43}},"62":{"start":{"line":300,"column":12},"end":{"line":300,"column":47}},"63":{"start":{"line":305,"column":12},"end":{"line":305,"column":22}},"64":{"start":{"line":310,"column":12},"end":{"line":310,"column":24}},"65":{"start":{"line":322,"column":4},"end":{"line":322,"column":16}},"66":{"start":{"line":325,"column":0},"end":{"line":325,"column":26}},"67":{"start":{"line":326,"column":0},"end":{"line":326,"column":58}},"68":{"start":{"line":331,"column":0},"end":{"line":331,"column":60}},"69":{"start":{"line":336,"column":0},"end":{"line":336,"column":55}},"70":{"start":{"line":341,"column":0},"end":{"line":341,"column":64}},"71":{"start":{"line":346,"column":0},"end":{"line":346,"column":67}},"72":{"start":{"line":351,"column":0},"end":{"line":351,"column":57}},"73":{"start":{"line":356,"column":0},"end":{"line":356,"column":73}},"74":{"start":{"line":361,"column":0},"end":{"line":361,"column":58}},"75":{"start":{"line":366,"column":0},"end":{"line":366,"column":59}},"76":{"start":{"line":371,"column":0},"end":{"line":371,"column":65}},"77":{"start":{"line":376,"column":0},"end":{"line":376,"column":69}},"78":{"start":{"line":381,"column":0},"end":{"line":381,"column":60}},"79":{"start":{"line":382,"column":0},"end":{"line":382,"column":36}}},"branchMap":{"1":{"line":57,"type":"cond-expr","locations":[{"start":{"line":57,"column":55},"end":{"line":57,"column":86}},{"start":{"line":57,"column":89},"end":{"line":57,"column":93}}]},"2":{"line":126,"type":"if","locations":[{"start":{"line":126,"column":12},"end":{"line":126,"column":12}},{"start":{"line":126,"column":12},"end":{"line":126,"column":12}}]},"3":{"line":179,"type":"cond-expr","locations":[{"start":{"line":179,"column":46},"end":{"line":179,"column":69}},{"start":{"line":179,"column":72},"end":{"line":179,"column":94}}]},"4":{"line":180,"type":"if","locations":[{"start":{"line":180,"column":12},"end":{"line":180,"column":12}},{"start":{"line":180,"column":12},"end":{"line":180,"column":12}}]},"5":{"line":185,"type":"if","locations":[{"start":{"line":185,"column":12},"end":{"line":185,"column":12}},{"start":{"line":185,"column":12},"end":{"line":185,"column":12}}]},"6":{"line":210,"type":"cond-expr","locations":[{"start":{"line":210,"column":46},"end":{"line":210,"column":69}},{"start":{"line":210,"column":72},"end":{"line":210,"column":94}}]},"7":{"line":211,"type":"if","locations":[{"start":{"line":211,"column":12},"end":{"line":211,"column":12}},{"start":{"line":211,"column":12},"end":{"line":211,"column":12}}]},"8":{"line":211,"type":"binary-expr","locations":[{"start":{"line":211,"column":16},"end":{"line":211,"column":32}},{"start":{"line":211,"column":36},"end":{"line":211,"column":67}}]},"9":{"line":214,"type":"if","locations":[{"start":{"line":214,"column":16},"end":{"line":214,"column":16}},{"start":{"line":214,"column":16},"end":{"line":214,"column":16}}]},"10":{"line":241,"type":"if","locations":[{"start":{"line":241,"column":16},"end":{"line":241,"column":16}},{"start":{"line":241,"column":16},"end":{"line":241,"column":16}}]},"11":{"line":245,"type":"if","locations":[{"start":{"line":245,"column":16},"end":{"line":245,"column":16}},{"start":{"line":245,"column":16},"end":{"line":245,"column":16}}]},"12":{"line":249,"type":"binary-expr","locations":[{"start":{"line":249,"column":32},"end":{"line":249,"column":58}},{"start":{"line":249,"column":62},"end":{"line":249,"column":104}}]},"13":{"line":250,"type":"if","locations":[{"start":{"line":250,"column":16},"end":{"line":250,"column":16}},{"start":{"line":250,"column":16},"end":{"line":250,"column":16}}]},"14":{"line":263,"type":"if","locations":[{"start":{"line":263,"column":12},"end":{"line":263,"column":12}},{"start":{"line":263,"column":12},"end":{"line":263,"column":12}}]},"15":{"line":268,"type":"binary-expr","locations":[{"start":{"line":268,"column":40},"end":{"line":268,"column":65}},{"start":{"line":268,"column":69},"end":{"line":268,"column":110}}]},"16":{"line":269,"type":"if","locations":[{"start":{"line":269,"column":24},"end":{"line":269,"column":24}},{"start":{"line":269,"column":24},"end":{"line":269,"column":24}}]},"17":{"line":278,"type":"if","locations":[{"start":{"line":278,"column":24},"end":{"line":278,"column":24}},{"start":{"line":278,"column":24},"end":{"line":278,"column":24}}]},"18":{"line":278,"type":"binary-expr","locations":[{"start":{"line":278,"column":28},"end":{"line":278,"column":53}},{"start":{"line":278,"column":57},"end":{"line":278,"column":73}}]},"19":{"line":300,"type":"binary-expr","locations":[{"start":{"line":300,"column":19},"end":{"line":300,"column":38}},{"start":{"line":300,"column":42},"end":{"line":300,"column":46}}]}}},"/home/ubuntu/html-document/lib/Document.js":{"path":"/home/ubuntu/html-document/lib/Document.js","s":{"1":1,"2":1,"3":1,"4":1,"5":1,"6":1,"7":1,"8":1,"9":1,"10":1,"11":1,"12":1,"13":1,"14":1,"15":1,"16":1,"17":1,"18":1,"19":1,"20":1,"21":1,"22":1,"23":1,"24":1,"25":1,"26":1,"27":1,"28":1,"29":1,"30":1,"31":1,"32":1,"33":1,"34":1,"35":1,"36":1,"37":1,"38":1,"39":1,"40":1,"41":1,"42":1,"43":1,"44":84,"45":84,"46":84,"47":84,"48":84,"49":84,"50":1,"51":1,"52":1,"53":1,"54":5,"55":5,"56":5,"57":372,"58":372,"59":372,"60":372,"61":372,"62":250,"63":372,"64":76,"65":76,"66":76,"67":2,"68":1,"69":0,"70":1,"71":1,"72":87,"73":87,"74":85,"75":87,"76":1,"77":8,"78":5,"79":3,"80":5,"81":2,"82":2,"83":5,"84":58,"85":31,"86":58,"87":29,"88":29,"89":58,"90":2,"91":2,"92":1,"93":1,"94":15,"95":3,"96":1,"97":1,"98":1,"99":1},"b":{"1":[372,245],"2":[250,122],"3":[85,2],"4":[2,3],"5":[29,29],"6":[1,1]},"f":{"1":1,"2":84,"3":1,"4":5,"5":372,"6":76,"7":2,"8":1,"9":0,"10":1,"11":1,"12":87,"13":1,"14":8,"15":5,"16":3,"17":58,"18":31,"19":2,"20":15,"21":3},"fnMap":{"1":{"name":"(anonymous_1)","line":91,"loc":{"start":{"line":91,"column":16},"end":{"line":91,"column":39}}},"2":{"name":"Document","line":94,"loc":{"start":{"line":94,"column":4},"end":{"line":94,"column":24}}},"3":{"name":"createComment","line":127,"loc":{"start":{"line":127,"column":15},"end":{"line":127,"column":44}}},"4":{"name":"createDocumentFragment","line":145,"loc":{"start":{"line":145,"column":15},"end":{"line":145,"column":49}}},"5":{"name":"createElement","line":165,"loc":{"start":{"line":165,"column":15},"end":{"line":165,"column":44}}},"6":{"name":"createTextNode","line":193,"loc":{"start":{"line":193,"column":15},"end":{"line":193,"column":52}}},"7":{"name":"getElementById","line":213,"loc":{"start":{"line":213,"column":15},"end":{"line":213,"column":43}}},"8":{"name":"getElementsByTagName","line":235,"loc":{"start":{"line":235,"column":15},"end":{"line":235,"column":62}}},"9":{"name":"getElementsByClassName","line":243,"loc":{"start":{"line":243,"column":36},"end":{"line":243,"column":79}}},"10":{"name":"querySelector","line":263,"loc":{"start":{"line":263,"column":15},"end":{"line":263,"column":48}}},"11":{"name":"querySelectorAll","line":282,"loc":{"start":{"line":282,"column":15},"end":{"line":282,"column":51}}},"12":{"name":"appendChild","line":305,"loc":{"start":{"line":305,"column":15},"end":{"line":305,"column":43}}},"13":{"name":"get","line":315,"loc":{"start":{"line":315,"column":13},"end":{"line":315,"column":28}}},"14":{"name":"get","line":322,"loc":{"start":{"line":322,"column":41},"end":{"line":322,"column":56}}},"15":{"name":"get","line":329,"loc":{"start":{"line":329,"column":30},"end":{"line":329,"column":45}}},"16":{"name":"(anonymous_16)","line":330,"loc":{"start":{"line":330,"column":60},"end":{"line":330,"column":76}}},"17":{"name":"get","line":344,"loc":{"start":{"line":344,"column":30},"end":{"line":344,"column":45}}},"18":{"name":"(anonymous_18)","line":345,"loc":{"start":{"line":345,"column":60},"end":{"line":345,"column":76}}},"19":{"name":"set","line":357,"loc":{"start":{"line":357,"column":29},"end":{"line":357,"column":48}}},"20":{"name":"get","line":369,"loc":{"start":{"line":369,"column":34},"end":{"line":369,"column":49}}},"21":{"name":"set","line":374,"loc":{"start":{"line":374,"column":30},"end":{"line":374,"column":50}}}},"statementMap":{"1":{"start":{"line":3,"column":0},"end":{"line":3,"column":59}},"2":{"start":{"line":5,"column":0},"end":{"line":5,"column":69}},"3":{"start":{"line":7,"column":0},"end":{"line":7,"column":76}},"4":{"start":{"line":9,"column":0},"end":{"line":9,"column":83}},"5":{"start":{"line":11,"column":0},"end":{"line":11,"column":59}},"6":{"start":{"line":13,"column":0},"end":{"line":13,"column":97}},"7":{"start":{"line":15,"column":0},"end":{"line":17,"column":3}},"8":{"start":{"line":19,"column":0},"end":{"line":19,"column":30}},"9":{"start":{"line":21,"column":0},"end":{"line":21,"column":43}},"10":{"start":{"line":23,"column":0},"end":{"line":23,"column":43}},"11":{"start":{"line":25,"column":0},"end":{"line":25,"column":56}},"12":{"start":{"line":27,"column":0},"end":{"line":27,"column":36}},"13":{"start":{"line":29,"column":0},"end":{"line":29,"column":49}},"14":{"start":{"line":31,"column":0},"end":{"line":31,"column":54}},"15":{"start":{"line":33,"column":0},"end":{"line":33,"column":67}},"16":{"start":{"line":35,"column":0},"end":{"line":35,"column":44}},"17":{"start":{"line":37,"column":0},"end":{"line":37,"column":57}},"18":{"start":{"line":39,"column":0},"end":{"line":39,"column":30}},"19":{"start":{"line":41,"column":0},"end":{"line":41,"column":43}},"20":{"start":{"line":43,"column":0},"end":{"line":43,"column":39}},"21":{"start":{"line":45,"column":0},"end":{"line":45,"column":51}},"22":{"start":{"line":49,"column":0},"end":{"line":49,"column":100}},"23":{"start":{"line":51,"column":0},"end":{"line":51,"column":111}},"24":{"start":{"line":53,"column":0},"end":{"line":53,"column":96}},"25":{"start":{"line":55,"column":0},"end":{"line":55,"column":107}},"26":{"start":{"line":57,"column":0},"end":{"line":57,"column":96}},"27":{"start":{"line":59,"column":0},"end":{"line":59,"column":107}},"28":{"start":{"line":61,"column":0},"end":{"line":61,"column":108}},"29":{"start":{"line":63,"column":0},"end":{"line":63,"column":119}},"30":{"start":{"line":65,"column":0},"end":{"line":65,"column":92}},"31":{"start":{"line":67,"column":0},"end":{"line":67,"column":103}},"32":{"start":{"line":69,"column":0},"end":{"line":69,"column":94}},"33":{"start":{"line":71,"column":0},"end":{"line":71,"column":105}},"34":{"start":{"line":73,"column":0},"end":{"line":73,"column":100}},"35":{"start":{"line":75,"column":0},"end":{"line":75,"column":111}},"36":{"start":{"line":77,"column":0},"end":{"line":77,"column":108}},"37":{"start":{"line":79,"column":0},"end":{"line":79,"column":119}},"38":{"start":{"line":81,"column":0},"end":{"line":81,"column":96}},"39":{"start":{"line":83,"column":0},"end":{"line":83,"column":107}},"40":{"start":{"line":85,"column":0},"end":{"line":85,"column":734}},"41":{"start":{"line":91,"column":0},"end":{"line":380,"column":28}},"42":{"start":{"line":92,"column":4},"end":{"line":92,"column":37}},"43":{"start":{"line":94,"column":4},"end":{"line":106,"column":5}},"44":{"start":{"line":95,"column":8},"end":{"line":95,"column":40}},"45":{"start":{"line":97,"column":8},"end":{"line":97,"column":88}},"46":{"start":{"line":101,"column":8},"end":{"line":101,"column":59}},"47":{"start":{"line":102,"column":8},"end":{"line":102,"column":48}},"48":{"start":{"line":104,"column":8},"end":{"line":104,"column":66}},"49":{"start":{"line":105,"column":8},"end":{"line":105,"column":35}},"50":{"start":{"line":125,"column":4},"end":{"line":377,"column":8}},"51":{"start":{"line":128,"column":12},"end":{"line":128,"column":57}},"52":{"start":{"line":129,"column":12},"end":{"line":129,"column":42}},"53":{"start":{"line":130,"column":12},"end":{"line":130,"column":27}},"54":{"start":{"line":146,"column":12},"end":{"line":146,"column":63}},"55":{"start":{"line":147,"column":12},"end":{"line":147,"column":43}},"56":{"start":{"line":148,"column":12},"end":{"line":148,"column":28}},"57":{"start":{"line":166,"column":12},"end":{"line":166,"column":38}},"58":{"start":{"line":167,"column":12},"end":{"line":167,"column":84}},"59":{"start":{"line":168,"column":12},"end":{"line":168,"column":45}},"60":{"start":{"line":170,"column":12},"end":{"line":170,"column":42}},"61":{"start":{"line":172,"column":12},"end":{"line":174,"column":13}},"62":{"start":{"line":173,"column":16},"end":{"line":173,"column":40}},"63":{"start":{"line":176,"column":12},"end":{"line":176,"column":27}},"64":{"start":{"line":194,"column":12},"end":{"line":194,"column":58}},"65":{"start":{"line":195,"column":12},"end":{"line":195,"column":39}},"66":{"start":{"line":196,"column":12},"end":{"line":196,"column":24}},"67":{"start":{"line":214,"column":12},"end":{"line":214,"column":59}},"68":{"start":{"line":236,"column":12},"end":{"line":236,"column":78}},"69":{"start":{"line":244,"column":12},"end":{"line":244,"column":47}},"70":{"start":{"line":264,"column":12},"end":{"line":264,"column":64}},"71":{"start":{"line":283,"column":12},"end":{"line":283,"column":67}},"72":{"start":{"line":306,"column":12},"end":{"line":306,"column":107}},"73":{"start":{"line":307,"column":12},"end":{"line":309,"column":13}},"74":{"start":{"line":308,"column":16},"end":{"line":308,"column":46}},"75":{"start":{"line":311,"column":12},"end":{"line":311,"column":25}},"76":{"start":{"line":316,"column":12},"end":{"line":316,"column":24}},"77":{"start":{"line":323,"column":12},"end":{"line":323,"column":41}},"78":{"start":{"line":330,"column":12},"end":{"line":332,"column":15}},"79":{"start":{"line":331,"column":16},"end":{"line":331,"column":47}},"80":{"start":{"line":333,"column":12},"end":{"line":336,"column":13}},"81":{"start":{"line":334,"column":16},"end":{"line":334,"column":50}},"82":{"start":{"line":335,"column":16},"end":{"line":335,"column":68}},"83":{"start":{"line":338,"column":12},"end":{"line":338,"column":24}},"84":{"start":{"line":345,"column":12},"end":{"line":347,"column":15}},"85":{"start":{"line":346,"column":16},"end":{"line":346,"column":47}},"86":{"start":{"line":348,"column":12},"end":{"line":351,"column":13}},"87":{"start":{"line":349,"column":16},"end":{"line":349,"column":50}},"88":{"start":{"line":350,"column":16},"end":{"line":350,"column":56}},"89":{"start":{"line":353,"column":12},"end":{"line":353,"column":24}},"90":{"start":{"line":358,"column":12},"end":{"line":358,"column":85}},"91":{"start":{"line":359,"column":12},"end":{"line":363,"column":13}},"92":{"start":{"line":360,"column":16},"end":{"line":360,"column":66}},"93":{"start":{"line":362,"column":16},"end":{"line":362,"column":56}},"94":{"start":{"line":370,"column":12},"end":{"line":370,"column":34}},"95":{"start":{"line":375,"column":12},"end":{"line":375,"column":40}},"96":{"start":{"line":379,"column":4},"end":{"line":379,"column":20}},"97":{"start":{"line":382,"column":0},"end":{"line":382,"column":30}},"98":{"start":{"line":383,"column":0},"end":{"line":383,"column":98}},"99":{"start":{"line":384,"column":0},"end":{"line":384,"column":36}}},"branchMap":{"1":{"line":167,"type":"binary-expr","locations":[{"start":{"line":167,"column":31},"end":{"line":167,"column":55}},{"start":{"line":167,"column":59},"end":{"line":167,"column":83}}]},"2":{"line":172,"type":"if","locations":[{"start":{"line":172,"column":12},"end":{"line":172,"column":12}},{"start":{"line":172,"column":12},"end":{"line":172,"column":12}}]},"3":{"line":307,"type":"if","locations":[{"start":{"line":307,"column":12},"end":{"line":307,"column":12}},{"start":{"line":307,"column":12},"end":{"line":307,"column":12}}]},"4":{"line":333,"type":"if","locations":[{"start":{"line":333,"column":12},"end":{"line":333,"column":12}},{"start":{"line":333,"column":12},"end":{"line":333,"column":12}}]},"5":{"line":348,"type":"if","locations":[{"start":{"line":348,"column":12},"end":{"line":348,"column":12}},{"start":{"line":348,"column":12},"end":{"line":348,"column":12}}]},"6":{"line":359,"type":"if","locations":[{"start":{"line":359,"column":12},"end":{"line":359,"column":12}},{"start":{"line":359,"column":12},"end":{"line":359,"column":12}}]}}},"/home/ubuntu/html-document/lib/ParentNode.js":{"path":"/home/ubuntu/html-document/lib/ParentNode.js","s":{"1":1,"2":1,"3":1,"4":1,"5":1,"6":1,"7":1,"8":1,"9":1,"10":1,"11":1,"12":1,"13":1,"14":1,"15":535,"16":535,"17":535,"18":1,"19":10,"20":8,"21":8,"22":8,"23":6,"24":6,"25":7,"26":1,"27":1,"28":6,"29":4,"30":4,"31":1,"32":6,"33":2,"34":2,"35":8,"36":3,"37":2,"38":101,"39":101,"40":53,"41":38,"42":38,"43":101,"44":2,"45":2,"46":0,"47":2,"48":0,"49":2,"50":7,"51":7,"52":3,"53":7,"54":2,"55":409,"56":0,"57":409,"58":7,"59":409,"60":1,"61":1,"62":2,"63":2,"64":1,"65":408,"66":408,"67":408,"68":5,"69":5,"70":1,"71":4,"72":0,"73":4,"74":2,"75":2,"76":2,"77":2,"78":3,"79":3,"80":3,"81":2,"82":2,"83":2,"84":4,"85":4,"86":26,"87":26,"88":1,"89":25,"90":25,"91":25,"92":8,"93":8,"94":1,"95":7,"96":0,"97":7,"98":1,"99":1,"100":1,"101":1,"102":2,"103":2,"104":2,"105":1,"106":6,"107":6,"108":7,"109":3,"110":3,"111":39,"112":15,"113":60,"114":11,"115":3,"116":3,"117":0,"118":3,"119":3,"120":3,"121":0,"122":3,"123":40,"124":49,"125":52,"126":52,"127":39,"128":33,"129":1,"130":1,"131":1,"132":1,"133":1},"b":{"1":[8,0],"2":[1,6],"3":[4,2],"4":[1,3],"5":[3,5],"6":[38,15],"7":[0,2],"8":[10,6],"9":[2,2],"10":[0,409],"11":[7,402],"12":[1,408],"13":[1,4],"14":[0,4],"15":[2,2],"16":[1,25],"17":[1,7],"18":[0,7],"19":[1,6],"20":[2,1],"21":[3,1],"22":[15,2],"23":[60,10],"24":[11,1],"25":[0,3],"26":[3,1,2],"27":[0,3],"28":[3,2]},"f":{"1":1,"2":535,"3":10,"4":8,"5":6,"6":7,"7":2,"8":8,"9":101,"10":53,"11":2,"12":7,"13":2,"14":409,"15":5,"16":26,"17":8,"18":3,"19":39,"20":15,"21":60,"22":11,"23":3,"24":3,"25":40,"26":49,"27":52,"28":39,"29":33,"30":1},"fnMap":{"1":{"name":"(anonymous_1)","line":33,"loc":{"start":{"line":33,"column":18},"end":{"line":33,"column":35}}},"2":{"name":"ParentNode","line":36,"loc":{"start":{"line":36,"column":4},"end":{"line":36,"column":26}}},"3":{"name":"_childNodesRecursiveForEach","line":64,"loc":{"start":{"line":64,"column":15},"end":{"line":64,"column":62}}},"4":{"name":"(anonymous_4)","line":65,"loc":{"start":{"line":65,"column":37},"end":{"line":65,"column":53}}},"5":{"name":"_childNodesRecursiveFind","line":83,"loc":{"start":{"line":83,"column":15},"end":{"line":83,"column":59}}},"6":{"name":"(anonymous_6)","line":85,"loc":{"start":{"line":85,"column":34},"end":{"line":85,"column":50}}},"7":{"name":"_filterDescendantNodes","line":111,"loc":{"start":{"line":111,"column":15},"end":{"line":111,"column":57}}},"8":{"name":"(anonymous_8)","line":114,"loc":{"start":{"line":114,"column":45},"end":{"line":114,"column":61}}},"9":{"name":"_childNodeFind","line":133,"loc":{"start":{"line":133,"column":15},"end":{"line":133,"column":49}}},"10":{"name":"(anonymous_10)","line":135,"loc":{"start":{"line":135,"column":34},"end":{"line":135,"column":50}}},"11":{"name":"_highestParent","line":161,"loc":{"start":{"line":161,"column":15},"end":{"line":161,"column":41}}},"12":{"name":"_closestParent","line":186,"loc":{"start":{"line":186,"column":15},"end":{"line":186,"column":49}}},"13":{"name":"hasChildNodes","line":206,"loc":{"start":{"line":206,"column":15},"end":{"line":206,"column":40}}},"14":{"name":"appendChild","line":228,"loc":{"start":{"line":228,"column":15},"end":{"line":228,"column":43}}},"15":{"name":"replaceChild","line":265,"loc":{"start":{"line":265,"column":15},"end":{"line":265,"column":57}}},"16":{"name":"removeChild","line":307,"loc":{"start":{"line":307,"column":15},"end":{"line":307,"column":51}}},"17":{"name":"insertBefore","line":330,"loc":{"start":{"line":330,"column":15},"end":{"line":330,"column":59}}},"18":{"name":"cloneNode","line":381,"loc":{"start":{"line":381,"column":15},"end":{"line":381,"column":36}}},"19":{"name":"get","line":396,"loc":{"start":{"line":396,"column":13},"end":{"line":396,"column":28}}},"20":{"name":"get","line":401,"loc":{"start":{"line":401,"column":13},"end":{"line":401,"column":28}}},"21":{"name":"get","line":406,"loc":{"start":{"line":406,"column":13},"end":{"line":406,"column":28}}},"22":{"name":"get","line":419,"loc":{"start":{"line":419,"column":13},"end":{"line":419,"column":28}}},"23":{"name":"get","line":432,"loc":{"start":{"line":432,"column":13},"end":{"line":432,"column":28}}},"24":{"name":"get","line":450,"loc":{"start":{"line":450,"column":13},"end":{"line":450,"column":28}}},"25":{"name":"get","line":460,"loc":{"start":{"line":460,"column":13},"end":{"line":460,"column":28}}},"26":{"name":"(anonymous_26)","line":461,"loc":{"start":{"line":461,"column":43},"end":{"line":461,"column":66}}},"27":{"name":"set","line":473,"loc":{"start":{"line":473,"column":13},"end":{"line":473,"column":32}}},"28":{"name":"get","line":487,"loc":{"start":{"line":487,"column":13},"end":{"line":487,"column":28}}},"29":{"name":"(anonymous_29)","line":488,"loc":{"start":{"line":488,"column":43},"end":{"line":488,"column":66}}},"30":{"name":"set","line":492,"loc":{"start":{"line":492,"column":13},"end":{"line":492,"column":33}}}},"statementMap":{"1":{"start":{"line":3,"column":0},"end":{"line":3,"column":59}},"2":{"start":{"line":5,"column":0},"end":{"line":5,"column":69}},"3":{"start":{"line":7,"column":0},"end":{"line":7,"column":76}},"4":{"start":{"line":9,"column":0},"end":{"line":9,"column":83}},"5":{"start":{"line":11,"column":0},"end":{"line":11,"column":97}},"6":{"start":{"line":13,"column":0},"end":{"line":15,"column":3}},"7":{"start":{"line":17,"column":0},"end":{"line":17,"column":31}},"8":{"start":{"line":19,"column":0},"end":{"line":19,"column":44}},"9":{"start":{"line":21,"column":0},"end":{"line":21,"column":32}},"10":{"start":{"line":23,"column":0},"end":{"line":23,"column":45}},"11":{"start":{"line":25,"column":0},"end":{"line":25,"column":63}},"12":{"start":{"line":33,"column":0},"end":{"line":499,"column":22}},"13":{"start":{"line":34,"column":4},"end":{"line":34,"column":33}},"14":{"start":{"line":36,"column":4},"end":{"line":41,"column":5}},"15":{"start":{"line":37,"column":8},"end":{"line":37,"column":42}},"16":{"start":{"line":39,"column":8},"end":{"line":39,"column":90}},"17":{"start":{"line":40,"column":8},"end":{"line":40,"column":30}},"18":{"start":{"line":53,"column":4},"end":{"line":496,"column":8}},"19":{"start":{"line":65,"column":12},"end":{"line":70,"column":15}},"20":{"start":{"line":66,"column":16},"end":{"line":66,"column":31}},"21":{"start":{"line":67,"column":16},"end":{"line":69,"column":17}},"22":{"start":{"line":68,"column":20},"end":{"line":68,"column":63}},"23":{"start":{"line":84,"column":12},"end":{"line":84,"column":35}},"24":{"start":{"line":85,"column":12},"end":{"line":97,"column":15}},"25":{"start":{"line":86,"column":16},"end":{"line":89,"column":17}},"26":{"start":{"line":87,"column":20},"end":{"line":87,"column":34}},"27":{"start":{"line":88,"column":20},"end":{"line":88,"column":32}},"28":{"start":{"line":91,"column":16},"end":{"line":96,"column":17}},"29":{"start":{"line":92,"column":20},"end":{"line":92,"column":69}},"30":{"start":{"line":93,"column":20},"end":{"line":95,"column":21}},"31":{"start":{"line":94,"column":24},"end":{"line":94,"column":36}},"32":{"start":{"line":98,"column":12},"end":{"line":98,"column":26}},"33":{"start":{"line":112,"column":12},"end":{"line":112,"column":28}},"34":{"start":{"line":114,"column":12},"end":{"line":118,"column":15}},"35":{"start":{"line":115,"column":16},"end":{"line":117,"column":17}},"36":{"start":{"line":116,"column":20},"end":{"line":116,"column":38}},"37":{"start":{"line":120,"column":12},"end":{"line":120,"column":26}},"38":{"start":{"line":134,"column":12},"end":{"line":134,"column":30}},"39":{"start":{"line":135,"column":12},"end":{"line":140,"column":15}},"40":{"start":{"line":136,"column":16},"end":{"line":139,"column":17}},"41":{"start":{"line":137,"column":20},"end":{"line":137,"column":34}},"42":{"start":{"line":138,"column":20},"end":{"line":138,"column":32}},"43":{"start":{"line":141,"column":12},"end":{"line":141,"column":26}},"44":{"start":{"line":162,"column":12},"end":{"line":162,"column":40}},"45":{"start":{"line":164,"column":12},"end":{"line":166,"column":13}},"46":{"start":{"line":165,"column":16},"end":{"line":165,"column":28}},"47":{"start":{"line":168,"column":12},"end":{"line":170,"column":13}},"48":{"start":{"line":169,"column":16},"end":{"line":169,"column":40}},"49":{"start":{"line":172,"column":12},"end":{"line":172,"column":24}},"50":{"start":{"line":187,"column":12},"end":{"line":187,"column":40}},"51":{"start":{"line":189,"column":12},"end":{"line":191,"column":13}},"52":{"start":{"line":190,"column":16},"end":{"line":190,"column":40}},"53":{"start":{"line":193,"column":12},"end":{"line":193,"column":24}},"54":{"start":{"line":207,"column":12},"end":{"line":207,"column":67}},"55":{"start":{"line":229,"column":12},"end":{"line":231,"column":13}},"56":{"start":{"line":230,"column":16},"end":{"line":230,"column":66}},"57":{"start":{"line":233,"column":12},"end":{"line":235,"column":13}},"58":{"start":{"line":234,"column":16},"end":{"line":234,"column":53}},"59":{"start":{"line":237,"column":12},"end":{"line":246,"column":13}},"60":{"start":{"line":238,"column":16},"end":{"line":238,"column":42}},"61":{"start":{"line":240,"column":16},"end":{"line":243,"column":17}},"62":{"start":{"line":241,"column":20},"end":{"line":241,"column":49}},"63":{"start":{"line":242,"column":20},"end":{"line":242,"column":48}},"64":{"start":{"line":245,"column":16},"end":{"line":245,"column":29}},"65":{"start":{"line":248,"column":12},"end":{"line":248,"column":37}},"66":{"start":{"line":249,"column":12},"end":{"line":249,"column":41}},"67":{"start":{"line":250,"column":12},"end":{"line":250,"column":25}},"68":{"start":{"line":266,"column":12},"end":{"line":266,"column":59}},"69":{"start":{"line":267,"column":12},"end":{"line":269,"column":13}},"70":{"start":{"line":268,"column":16},"end":{"line":268,"column":54}},"71":{"start":{"line":271,"column":12},"end":{"line":273,"column":13}},"72":{"start":{"line":272,"column":16},"end":{"line":272,"column":59}},"73":{"start":{"line":275,"column":12},"end":{"line":291,"column":13}},"74":{"start":{"line":276,"column":16},"end":{"line":276,"column":32}},"75":{"start":{"line":278,"column":16},"end":{"line":278,"column":37}},"76":{"start":{"line":279,"column":16},"end":{"line":279,"column":42}},"77":{"start":{"line":281,"column":16},"end":{"line":285,"column":17}},"78":{"start":{"line":282,"column":20},"end":{"line":282,"column":52}},"79":{"start":{"line":283,"column":20},"end":{"line":283,"column":49}},"80":{"start":{"line":284,"column":20},"end":{"line":284,"column":48}},"81":{"start":{"line":287,"column":16},"end":{"line":287,"column":107}},"82":{"start":{"line":289,"column":16},"end":{"line":289,"column":44}},"83":{"start":{"line":290,"column":16},"end":{"line":290,"column":51}},"84":{"start":{"line":293,"column":12},"end":{"line":293,"column":40}},"85":{"start":{"line":294,"column":12},"end":{"line":294,"column":28}},"86":{"start":{"line":308,"column":12},"end":{"line":308,"column":64}},"87":{"start":{"line":309,"column":12},"end":{"line":311,"column":13}},"88":{"start":{"line":310,"column":16},"end":{"line":310,"column":54}},"89":{"start":{"line":313,"column":12},"end":{"line":313,"column":46}},"90":{"start":{"line":314,"column":12},"end":{"line":314,"column":45}},"91":{"start":{"line":315,"column":12},"end":{"line":315,"column":33}},"92":{"start":{"line":331,"column":12},"end":{"line":331,"column":64}},"93":{"start":{"line":332,"column":12},"end":{"line":334,"column":13}},"94":{"start":{"line":333,"column":16},"end":{"line":333,"column":54}},"95":{"start":{"line":336,"column":12},"end":{"line":338,"column":13}},"96":{"start":{"line":337,"column":16},"end":{"line":337,"column":53}},"97":{"start":{"line":340,"column":12},"end":{"line":356,"column":13}},"98":{"start":{"line":341,"column":16},"end":{"line":341,"column":33}},"99":{"start":{"line":343,"column":16},"end":{"line":343,"column":34}},"100":{"start":{"line":344,"column":16},"end":{"line":344,"column":42}},"101":{"start":{"line":346,"column":16},"end":{"line":350,"column":17}},"102":{"start":{"line":347,"column":20},"end":{"line":347,"column":49}},"103":{"start":{"line":348,"column":20},"end":{"line":348,"column":49}},"104":{"start":{"line":349,"column":20},"end":{"line":349,"column":45}},"105":{"start":{"line":352,"column":16},"end":{"line":352,"column":106}},"106":{"start":{"line":354,"column":16},"end":{"line":354,"column":41}},"107":{"start":{"line":355,"column":16},"end":{"line":355,"column":57}},"108":{"start":{"line":358,"column":12},"end":{"line":358,"column":25}},"109":{"start":{"line":382,"column":12},"end":{"line":382,"column":98}},"110":{"start":{"line":384,"column":12},"end":{"line":384,"column":71}},"111":{"start":{"line":397,"column":12},"end":{"line":397,"column":36}},"112":{"start":{"line":402,"column":12},"end":{"line":402,"column":44}},"113":{"start":{"line":407,"column":12},"end":{"line":407,"column":47}},"114":{"start":{"line":420,"column":12},"end":{"line":420,"column":73}},"115":{"start":{"line":433,"column":12},"end":{"line":433,"column":74}},"116":{"start":{"line":434,"column":12},"end":{"line":436,"column":13}},"117":{"start":{"line":435,"column":16},"end":{"line":435,"column":84}},"118":{"start":{"line":438,"column":12},"end":{"line":438,"column":97}},"119":{"start":{"line":451,"column":12},"end":{"line":451,"column":74}},"120":{"start":{"line":452,"column":12},"end":{"line":454,"column":13}},"121":{"start":{"line":453,"column":16},"end":{"line":453,"column":84}},"122":{"start":{"line":456,"column":12},"end":{"line":456,"column":74}},"123":{"start":{"line":461,"column":12},"end":{"line":463,"column":19}},"124":{"start":{"line":462,"column":16},"end":{"line":462,"column":46}},"125":{"start":{"line":474,"column":12},"end":{"line":474,"column":34}},"126":{"start":{"line":475,"column":12},"end":{"line":475,"column":48}},"127":{"start":{"line":488,"column":12},"end":{"line":490,"column":19}},"128":{"start":{"line":489,"column":16},"end":{"line":489,"column":48}},"129":{"start":{"line":493,"column":12},"end":{"line":493,"column":34}},"130":{"start":{"line":494,"column":12},"end":{"line":494,"column":72}},"131":{"start":{"line":498,"column":4},"end":{"line":498,"column":22}},"132":{"start":{"line":501,"column":0},"end":{"line":501,"column":32}},"133":{"start":{"line":502,"column":0},"end":{"line":502,"column":36}}},"branchMap":{"1":{"line":67,"type":"if","locations":[{"start":{"line":67,"column":16},"end":{"line":67,"column":16}},{"start":{"line":67,"column":16},"end":{"line":67,"column":16}}]},"2":{"line":86,"type":"if","locations":[{"start":{"line":86,"column":16},"end":{"line":86,"column":16}},{"start":{"line":86,"column":16},"end":{"line":86,"column":16}}]},"3":{"line":91,"type":"if","locations":[{"start":{"line":91,"column":16},"end":{"line":91,"column":16}},{"start":{"line":91,"column":16},"end":{"line":91,"column":16}}]},"4":{"line":93,"type":"if","locations":[{"start":{"line":93,"column":20},"end":{"line":93,"column":20}},{"start":{"line":93,"column":20},"end":{"line":93,"column":20}}]},"5":{"line":115,"type":"if","locations":[{"start":{"line":115,"column":16},"end":{"line":115,"column":16}},{"start":{"line":115,"column":16},"end":{"line":115,"column":16}}]},"6":{"line":136,"type":"if","locations":[{"start":{"line":136,"column":16},"end":{"line":136,"column":16}},{"start":{"line":136,"column":16},"end":{"line":136,"column":16}}]},"7":{"line":164,"type":"if","locations":[{"start":{"line":164,"column":12},"end":{"line":164,"column":12}},{"start":{"line":164,"column":12},"end":{"line":164,"column":12}}]},"8":{"line":189,"type":"binary-expr","locations":[{"start":{"line":189,"column":19},"end":{"line":189,"column":31}},{"start":{"line":189,"column":35},"end":{"line":189,"column":61}}]},"9":{"line":207,"type":"binary-expr","locations":[{"start":{"line":207,"column":19},"end":{"line":207,"column":35}},{"start":{"line":207,"column":39},"end":{"line":207,"column":66}}]},"10":{"line":229,"type":"if","locations":[{"start":{"line":229,"column":12},"end":{"line":229,"column":12}},{"start":{"line":229,"column":12},"end":{"line":229,"column":12}}]},"11":{"line":233,"type":"if","locations":[{"start":{"line":233,"column":12},"end":{"line":233,"column":12}},{"start":{"line":233,"column":12},"end":{"line":233,"column":12}}]},"12":{"line":237,"type":"if","locations":[{"start":{"line":237,"column":12},"end":{"line":237,"column":12}},{"start":{"line":237,"column":12},"end":{"line":237,"column":12}}]},"13":{"line":267,"type":"if","locations":[{"start":{"line":267,"column":12},"end":{"line":267,"column":12}},{"start":{"line":267,"column":12},"end":{"line":267,"column":12}}]},"14":{"line":271,"type":"if","locations":[{"start":{"line":271,"column":12},"end":{"line":271,"column":12}},{"start":{"line":271,"column":12},"end":{"line":271,"column":12}}]},"15":{"line":275,"type":"if","locations":[{"start":{"line":275,"column":12},"end":{"line":275,"column":12}},{"start":{"line":275,"column":12},"end":{"line":275,"column":12}}]},"16":{"line":309,"type":"if","locations":[{"start":{"line":309,"column":12},"end":{"line":309,"column":12}},{"start":{"line":309,"column":12},"end":{"line":309,"column":12}}]},"17":{"line":332,"type":"if","locations":[{"start":{"line":332,"column":12},"end":{"line":332,"column":12}},{"start":{"line":332,"column":12},"end":{"line":332,"column":12}}]},"18":{"line":336,"type":"if","locations":[{"start":{"line":336,"column":12},"end":{"line":336,"column":12}},{"start":{"line":336,"column":12},"end":{"line":336,"column":12}}]},"19":{"line":340,"type":"if","locations":[{"start":{"line":340,"column":12},"end":{"line":340,"column":12}},{"start":{"line":340,"column":12},"end":{"line":340,"column":12}}]},"20":{"line":382,"type":"cond-expr","locations":[{"start":{"line":382,"column":77},"end":{"line":382,"column":82}},{"start":{"line":382,"column":85},"end":{"line":382,"column":97}}]},"21":{"line":382,"type":"binary-expr","locations":[{"start":{"line":382,"column":23},"end":{"line":382,"column":44}},{"start":{"line":382,"column":48},"end":{"line":382,"column":74}}]},"22":{"line":402,"type":"binary-expr","locations":[{"start":{"line":402,"column":19},"end":{"line":402,"column":35}},{"start":{"line":402,"column":39},"end":{"line":402,"column":43}}]},"23":{"line":407,"type":"binary-expr","locations":[{"start":{"line":407,"column":19},"end":{"line":407,"column":38}},{"start":{"line":407,"column":42},"end":{"line":407,"column":46}}]},"24":{"line":420,"type":"binary-expr","locations":[{"start":{"line":420,"column":19},"end":{"line":420,"column":64}},{"start":{"line":420,"column":68},"end":{"line":420,"column":72}}]},"25":{"line":434,"type":"if","locations":[{"start":{"line":434,"column":12},"end":{"line":434,"column":12}},{"start":{"line":434,"column":12},"end":{"line":434,"column":12}}]},"26":{"line":438,"type":"binary-expr","locations":[{"start":{"line":438,"column":19},"end":{"line":438,"column":38}},{"start":{"line":438,"column":42},"end":{"line":438,"column":88}},{"start":{"line":438,"column":92},"end":{"line":438,"column":96}}]},"27":{"line":452,"type":"if","locations":[{"start":{"line":452,"column":12},"end":{"line":452,"column":12}},{"start":{"line":452,"column":12},"end":{"line":452,"column":12}}]},"28":{"line":456,"type":"binary-expr","locations":[{"start":{"line":456,"column":19},"end":{"line":456,"column":65}},{"start":{"line":456,"column":69},"end":{"line":456,"column":73}}]}}},"/home/ubuntu/html-document/lib/parse.js":{"path":"/home/ubuntu/html-document/lib/parse.js","s":{"1":1,"2":1,"3":1,"4":1,"5":1,"6":1,"7":52,"8":52,"9":293,"10":52,"11":52,"12":143,"13":143,"14":79,"15":70,"16":143,"17":143,"18":1,"19":52,"20":52,"21":1},"b":{"1":[0,293]},"f":{"1":52,"2":293,"3":143,"4":79,"5":70,"6":143,"7":1},"fnMap":{"1":{"name":"parse","line":21,"loc":{"start":{"line":21,"column":0},"end":{"line":21,"column":27}}},"2":{"name":"last","line":23,"loc":{"start":{"line":23,"column":15},"end":{"line":23,"column":31}}},"3":{"name":"onopentagname","line":31,"loc":{"start":{"line":31,"column":39},"end":{"line":31,"column":68}}},"4":{"name":"onattribute","line":38,"loc":{"start":{"line":38,"column":38},"end":{"line":38,"column":72}}},"5":{"name":"ontext","line":43,"loc":{"start":{"line":43,"column":32},"end":{"line":43,"column":54}}},"6":{"name":"onclosetag","line":48,"loc":{"start":{"line":48,"column":36},"end":{"line":48,"column":62}}},"7":{"name":"oncomment","line":54,"loc":{"start":{"line":54,"column":35},"end":{"line":54,"column":60}}}},"statementMap":{"1":{"start":{"line":3,"column":0},"end":{"line":3,"column":97}},"2":{"start":{"line":5,"column":0},"end":{"line":7,"column":3}},"3":{"start":{"line":8,"column":0},"end":{"line":8,"column":27}},"4":{"start":{"line":10,"column":0},"end":{"line":10,"column":42}},"5":{"start":{"line":12,"column":0},"end":{"line":12,"column":57}},"6":{"start":{"line":21,"column":0},"end":{"line":60,"column":1}},"7":{"start":{"line":22,"column":4},"end":{"line":22,"column":23}},"8":{"start":{"line":23,"column":4},"end":{"line":25,"column":6}},"9":{"start":{"line":24,"column":8},"end":{"line":24,"column":67}},"10":{"start":{"line":27,"column":4},"end":{"line":27,"column":38}},"11":{"start":{"line":29,"column":4},"end":{"line":57,"column":39}},"12":{"start":{"line":32,"column":12},"end":{"line":32,"column":51}},"13":{"start":{"line":33,"column":12},"end":{"line":33,"column":28}},"14":{"start":{"line":39,"column":12},"end":{"line":39,"column":45}},"15":{"start":{"line":44,"column":12},"end":{"line":44,"column":62}},"16":{"start":{"line":49,"column":12},"end":{"line":49,"column":34}},"17":{"start":{"line":50,"column":12},"end":{"line":50,"column":36}},"18":{"start":{"line":55,"column":12},"end":{"line":55,"column":61}},"19":{"start":{"line":58,"column":4},"end":{"line":58,"column":23}},"20":{"start":{"line":59,"column":4},"end":{"line":59,"column":17}},"21":{"start":{"line":62,"column":0},"end":{"line":62,"column":36}}},"branchMap":{"1":{"line":24,"type":"cond-expr","locations":[{"start":{"line":24,"column":36},"end":{"line":24,"column":40}},{"start":{"line":24,"column":43},"end":{"line":24,"column":66}}]}}},"/home/ubuntu/html-document/lib/utils/cloneNodeHelper.js":{"path":"/home/ubuntu/html-document/lib/utils/cloneNodeHelper.js","s":{"1":1,"2":1,"3":1,"4":1,"5":1,"6":1,"7":1,"8":1,"9":1,"10":5,"11":5,"12":5,"13":5,"14":5,"15":4,"16":4,"17":5,"18":3,"19":3,"20":3,"21":5,"22":1,"23":1,"24":1,"25":6,"26":5,"27":1,"28":0,"29":1,"30":1,"31":1},"b":{"1":[4,0],"2":[3,2],"3":[5,1,0]},"f":{"1":5,"2":3,"3":1,"4":6},"fnMap":{"1":{"name":"cloneElementNode","line":25,"loc":{"start":{"line":25,"column":0},"end":{"line":25,"column":41}}},"2":{"name":"(anonymous_2)","line":37,"loc":{"start":{"line":37,"column":33},"end":{"line":37,"column":50}}},"3":{"name":"cloneTextNode","line":47,"loc":{"start":{"line":47,"column":19},"end":{"line":47,"column":51}}},"4":{"name":"cloneAnyNode","line":61,"loc":{"start":{"line":61,"column":0},"end":{"line":61,"column":37}}}},"statementMap":{"1":{"start":{"line":3,"column":0},"end":{"line":3,"column":97}},"2":{"start":{"line":5,"column":0},"end":{"line":7,"column":3}},"3":{"start":{"line":9,"column":0},"end":{"line":9,"column":31}},"4":{"start":{"line":11,"column":0},"end":{"line":11,"column":43}},"5":{"start":{"line":13,"column":0},"end":{"line":13,"column":31}},"6":{"start":{"line":15,"column":0},"end":{"line":15,"column":43}},"7":{"start":{"line":17,"column":0},"end":{"line":17,"column":47}},"8":{"start":{"line":19,"column":0},"end":{"line":19,"column":59}},"9":{"start":{"line":25,"column":0},"end":{"line":44,"column":1}},"10":{"start":{"line":26,"column":4},"end":{"line":26,"column":70}},"11":{"start":{"line":27,"column":4},"end":{"line":27,"column":32}},"12":{"start":{"line":28,"column":4},"end":{"line":28,"column":29}},"13":{"start":{"line":29,"column":4},"end":{"line":29,"column":40}},"14":{"start":{"line":30,"column":4},"end":{"line":34,"column":5}},"15":{"start":{"line":31,"column":8},"end":{"line":33,"column":9}},"16":{"start":{"line":32,"column":12},"end":{"line":32,"column":63}},"17":{"start":{"line":36,"column":4},"end":{"line":41,"column":5}},"18":{"start":{"line":37,"column":8},"end":{"line":40,"column":11}},"19":{"start":{"line":38,"column":12},"end":{"line":38,"column":57}},"20":{"start":{"line":39,"column":12},"end":{"line":39,"column":24}},"21":{"start":{"line":43,"column":4},"end":{"line":43,"column":17}},"22":{"start":{"line":47,"column":19},"end":{"line":49,"column":1}},"23":{"start":{"line":48,"column":4},"end":{"line":48,"column":48}},"24":{"start":{"line":61,"column":0},"end":{"line":70,"column":1}},"25":{"start":{"line":62,"column":4},"end":{"line":69,"column":5}},"26":{"start":{"line":64,"column":12},"end":{"line":64,"column":51}},"27":{"start":{"line":66,"column":12},"end":{"line":66,"column":42}},"28":{"start":{"line":68,"column":12},"end":{"line":68,"column":90}},"29":{"start":{"line":72,"column":0},"end":{"line":72,"column":36}},"30":{"start":{"line":73,"column":0},"end":{"line":73,"column":44}},"31":{"start":{"line":74,"column":0},"end":{"line":74,"column":38}}},"branchMap":{"1":{"line":31,"type":"if","locations":[{"start":{"line":31,"column":8},"end":{"line":31,"column":8}},{"start":{"line":31,"column":8},"end":{"line":31,"column":8}}]},"2":{"line":36,"type":"if","locations":[{"start":{"line":36,"column":4},"end":{"line":36,"column":4}},{"start":{"line":36,"column":4},"end":{"line":36,"column":4}}]},"3":{"line":62,"type":"switch","locations":[{"start":{"line":63,"column":8},"end":{"line":64,"column":51}},{"start":{"line":65,"column":8},"end":{"line":66,"column":42}},{"start":{"line":67,"column":8},"end":{"line":68,"column":90}}]}}},"/home/ubuntu/html-document/lib/Text.js":{"path":"/home/ubuntu/html-document/lib/Text.js","s":{"1":1,"2":1,"3":1,"4":1,"5":1,"6":1,"7":1,"8":1,"9":1,"10":1,"11":1,"12":1,"13":1,"14":77,"15":77,"16":77,"17":1,"18":21,"19":24,"20":0,"21":0,"22":0,"23":1,"24":1,"25":1,"26":1,"27":1},"b":{},"f":{"1":1,"2":77,"3":21,"4":24,"5":0,"6":0,"7":0},"fnMap":{"1":{"name":"(anonymous_1)","line":30,"loc":{"start":{"line":30,"column":12},"end":{"line":30,"column":29}}},"2":{"name":"Text","line":37,"loc":{"start":{"line":37,"column":4},"end":{"line":37,"column":31}}},"3":{"name":"_toHTML","line":52,"loc":{"start":{"line":52,"column":35},"end":{"line":52,"column":54}}},"4":{"name":"get","line":64,"loc":{"start":{"line":64,"column":13},"end":{"line":64,"column":28}}},"5":{"name":"set","line":74,"loc":{"start":{"line":74,"column":13},"end":{"line":74,"column":39}}},"6":{"name":"get","line":81,"loc":{"start":{"line":81,"column":35},"end":{"line":81,"column":50}}},"7":{"name":"set","line":86,"loc":{"start":{"line":86,"column":30},"end":{"line":86,"column":50}}}},"statementMap":{"1":{"start":{"line":3,"column":0},"end":{"line":3,"column":59}},"2":{"start":{"line":5,"column":0},"end":{"line":5,"column":69}},"3":{"start":{"line":7,"column":0},"end":{"line":7,"column":76}},"4":{"start":{"line":9,"column":0},"end":{"line":9,"column":83}},"5":{"start":{"line":11,"column":0},"end":{"line":11,"column":97}},"6":{"start":{"line":13,"column":0},"end":{"line":15,"column":3}},"7":{"start":{"line":17,"column":0},"end":{"line":17,"column":53}},"8":{"start":{"line":19,"column":0},"end":{"line":19,"column":65}},"9":{"start":{"line":21,"column":0},"end":{"line":21,"column":31}},"10":{"start":{"line":23,"column":0},"end":{"line":23,"column":44}},"11":{"start":{"line":30,"column":0},"end":{"line":92,"column":22}},"12":{"start":{"line":31,"column":4},"end":{"line":31,"column":27}},"13":{"start":{"line":37,"column":4},"end":{"line":42,"column":5}},"14":{"start":{"line":38,"column":8},"end":{"line":38,"column":36}},"15":{"start":{"line":40,"column":8},"end":{"line":40,"column":84}},"16":{"start":{"line":41,"column":8},"end":{"line":41,"column":33}},"17":{"start":{"line":48,"column":4},"end":{"line":89,"column":8}},"18":{"start":{"line":53,"column":12},"end":{"line":53,"column":65}},"19":{"start":{"line":65,"column":12},"end":{"line":65,"column":30}},"20":{"start":{"line":75,"column":12},"end":{"line":75,"column":37}},"21":{"start":{"line":82,"column":12},"end":{"line":82,"column":36}},"22":{"start":{"line":87,"column":12},"end":{"line":87,"column":37}},"23":{"start":{"line":91,"column":4},"end":{"line":91,"column":16}},"24":{"start":{"line":94,"column":0},"end":{"line":94,"column":26}},"25":{"start":{"line":95,"column":0},"end":{"line":95,"column":90}},"26":{"start":{"line":100,"column":0},"end":{"line":100,"column":70}},"27":{"start":{"line":101,"column":0},"end":{"line":101,"column":36}}},"branchMap":{}},"/home/ubuntu/html-document/lib/DOMException.js":{"path":"/home/ubuntu/html-document/lib/DOMException.js","s":{"1":1,"2":1,"3":1,"4":1,"5":1,"6":1,"7":1,"8":1,"9":1,"10":1,"11":0,"12":0,"13":0,"14":1,"15":1,"16":1,"17":1,"18":1,"19":1,"20":1,"21":1,"22":1,"23":1,"24":1,"25":1,"26":1,"27":1,"28":1,"29":1,"30":1,"31":1,"32":1,"33":1,"34":1,"35":1,"36":1,"37":1,"38":1,"39":1,"40":1,"41":1},"b":{"1":[0,0]},"f":{"1":1,"2":1,"3":0,"4":0,"5":0},"fnMap":{"1":{"name":"(anonymous_1)","line":45,"loc":{"start":{"line":45,"column":20},"end":{"line":45,"column":32}}},"2":{"name":"DOMException","line":52,"loc":{"start":{"line":52,"column":2},"end":{"line":52,"column":30}}},"3":{"name":"get","line":73,"loc":{"start":{"line":73,"column":9},"end":{"line":73,"column":24}}},"4":{"name":"get","line":86,"loc":{"start":{"line":86,"column":9},"end":{"line":86,"column":24}}},"5":{"name":"get","line":99,"loc":{"start":{"line":99,"column":9},"end":{"line":99,"column":24}}}},"statementMap":{"1":{"start":{"line":3,"column":0},"end":{"line":3,"column":76}},"2":{"start":{"line":5,"column":0},"end":{"line":5,"column":83}},"3":{"start":{"line":7,"column":0},"end":{"line":9,"column":3}},"4":{"start":{"line":10,"column":0},"end":{"line":36,"column":2}},"5":{"start":{"line":45,"column":0},"end":{"line":105,"column":5}},"6":{"start":{"line":52,"column":2},"end":{"line":57,"column":3}},"7":{"start":{"line":53,"column":4},"end":{"line":53,"column":40}},"8":{"start":{"line":55,"column":4},"end":{"line":55,"column":22}},"9":{"start":{"line":56,"column":4},"end":{"line":56,"column":48}},"10":{"start":{"line":71,"column":2},"end":{"line":102,"column":6}},"11":{"start":{"line":74,"column":6},"end":{"line":74,"column":46}},"12":{"start":{"line":87,"column":6},"end":{"line":87,"column":24}},"13":{"start":{"line":100,"column":6},"end":{"line":100,"column":44}},"14":{"start":{"line":104,"column":2},"end":{"line":104,"column":22}},"15":{"start":{"line":107,"column":0},"end":{"line":107,"column":34}},"16":{"start":{"line":108,"column":0},"end":{"line":108,"column":107}},"17":{"start":{"line":113,"column":0},"end":{"line":113,"column":111}},"18":{"start":{"line":118,"column":0},"end":{"line":118,"column":114}},"19":{"start":{"line":123,"column":0},"end":{"line":123,"column":111}},"20":{"start":{"line":128,"column":0},"end":{"line":128,"column":114}},"21":{"start":{"line":133,"column":0},"end":{"line":133,"column":112}},"22":{"start":{"line":138,"column":0},"end":{"line":138,"column":120}},"23":{"start":{"line":143,"column":0},"end":{"line":143,"column":106}},"24":{"start":{"line":148,"column":0},"end":{"line":148,"column":110}},"25":{"start":{"line":153,"column":0},"end":{"line":153,"column":113}},"26":{"start":{"line":158,"column":0},"end":{"line":158,"column":111}},"27":{"start":{"line":163,"column":0},"end":{"line":163,"column":104}},"28":{"start":{"line":168,"column":0},"end":{"line":168,"column":118}},"29":{"start":{"line":173,"column":0},"end":{"line":173,"column":107}},"30":{"start":{"line":178,"column":0},"end":{"line":178,"column":112}},"31":{"start":{"line":183,"column":0},"end":{"line":183,"column":108}},"32":{"start":{"line":188,"column":0},"end":{"line":188,"column":111}},"33":{"start":{"line":193,"column":0},"end":{"line":193,"column":106}},"34":{"start":{"line":198,"column":0},"end":{"line":198,"column":105}},"35":{"start":{"line":203,"column":0},"end":{"line":203,"column":103}},"36":{"start":{"line":208,"column":0},"end":{"line":208,"column":110}},"37":{"start":{"line":213,"column":0},"end":{"line":213,"column":112}},"38":{"start":{"line":218,"column":0},"end":{"line":218,"column":105}},"39":{"start":{"line":223,"column":0},"end":{"line":223,"column":115}},"40":{"start":{"line":228,"column":0},"end":{"line":228,"column":108}},"41":{"start":{"line":229,"column":0},"end":{"line":229,"column":36}}},"branchMap":{"1":{"line":74,"type":"binary-expr","locations":[{"start":{"line":74,"column":13},"end":{"line":74,"column":40}},{"start":{"line":74,"column":44},"end":{"line":74,"column":45}}]}}},"/home/ubuntu/html-document/lib/DocumentFragment.js":{"path":"/home/ubuntu/html-document/lib/DocumentFragment.js","s":{"1":1,"2":1,"3":1,"4":1,"5":1,"6":1,"7":1,"8":1,"9":1,"10":1,"11":1,"12":1,"13":1,"14":5,"15":5,"16":1,"17":0,"18":1,"19":1,"20":1,"21":1},"b":{},"f":{"1":1,"2":5,"3":0},"fnMap":{"1":{"name":"(anonymous_1)","line":32,"loc":{"start":{"line":32,"column":24},"end":{"line":32,"column":47}}},"2":{"name":"DocumentFragment","line":35,"loc":{"start":{"line":35,"column":2},"end":{"line":35,"column":30}}},"3":{"name":"get","line":54,"loc":{"start":{"line":54,"column":9},"end":{"line":54,"column":24}}}},"statementMap":{"1":{"start":{"line":3,"column":0},"end":{"line":3,"column":59}},"2":{"start":{"line":5,"column":0},"end":{"line":5,"column":69}},"3":{"start":{"line":7,"column":0},"end":{"line":7,"column":76}},"4":{"start":{"line":9,"column":0},"end":{"line":9,"column":83}},"5":{"start":{"line":11,"column":0},"end":{"line":11,"column":97}},"6":{"start":{"line":13,"column":0},"end":{"line":15,"column":3}},"7":{"start":{"line":17,"column":0},"end":{"line":17,"column":30}},"8":{"start":{"line":19,"column":0},"end":{"line":19,"column":43}},"9":{"start":{"line":21,"column":0},"end":{"line":21,"column":43}},"10":{"start":{"line":23,"column":0},"end":{"line":23,"column":56}},"11":{"start":{"line":32,"column":0},"end":{"line":60,"column":28}},"12":{"start":{"line":33,"column":2},"end":{"line":33,"column":43}},"13":{"start":{"line":35,"column":2},"end":{"line":39,"column":3}},"14":{"start":{"line":36,"column":4},"end":{"line":36,"column":44}},"15":{"start":{"line":38,"column":4},"end":{"line":38,"column":104}},"16":{"start":{"line":45,"column":2},"end":{"line":57,"column":6}},"17":{"start":{"line":55,"column":6},"end":{"line":55,"column":28}},"18":{"start":{"line":59,"column":2},"end":{"line":59,"column":26}},"19":{"start":{"line":62,"column":0},"end":{"line":62,"column":38}},"20":{"start":{"line":63,"column":0},"end":{"line":63,"column":115}},"21":{"start":{"line":64,"column":0},"end":{"line":64,"column":36}}},"branchMap":{}},"/home/ubuntu/html-document/lib/HTMLElement.js":{"path":"/home/ubuntu/html-document/lib/HTMLElement.js","s":{"1":1,"2":1,"3":1,"4":1,"5":1,"6":1,"7":1,"8":1,"9":1,"10":1,"11":1,"12":1,"13":1,"14":1,"15":1,"16":1,"17":1,"18":1,"19":1,"20":1,"21":430,"22":430,"23":430,"24":430,"25":430,"26":1,"27":131,"28":2,"29":131,"30":29,"31":131,"32":25,"33":0,"34":0,"35":35,"36":35,"37":7,"38":29,"39":1,"40":1,"41":1},"b":{"1":[2,129],"2":[2,1],"3":[29,102],"4":[29,0],"5":[25,106],"6":[6,29]},"f":{"1":1,"2":430,"3":131,"4":0,"5":0,"6":35,"7":7,"8":29},"fnMap":{"1":{"name":"(anonymous_1)","line":45,"loc":{"start":{"line":45,"column":19},"end":{"line":45,"column":39}}},"2":{"name":"HTMLElement","line":48,"loc":{"start":{"line":48,"column":4},"end":{"line":48,"column":27}}},"3":{"name":"_updatedAttribute","line":83,"loc":{"start":{"line":83,"column":32},"end":{"line":83,"column":81}}},"4":{"name":"get","line":106,"loc":{"start":{"line":106,"column":13},"end":{"line":106,"column":28}}},"5":{"name":"set","line":116,"loc":{"start":{"line":116,"column":13},"end":{"line":116,"column":37}}},"6":{"name":"get","line":121,"loc":{"start":{"line":121,"column":13},"end":{"line":121,"column":28}}},"7":{"name":"(anonymous_7)","line":124,"loc":{"start":{"line":124,"column":79},"end":{"line":124,"column":111}}},"8":{"name":"get","line":132,"loc":{"start":{"line":132,"column":33},"end":{"line":132,"column":48}}}},"statementMap":{"1":{"start":{"line":3,"column":0},"end":{"line":3,"column":59}},"2":{"start":{"line":5,"column":0},"end":{"line":5,"column":69}},"3":{"start":{"line":7,"column":0},"end":{"line":7,"column":76}},"4":{"start":{"line":9,"column":0},"end":{"line":9,"column":83}},"5":{"start":{"line":11,"column":0},"end":{"line":11,"column":75}},"6":{"start":{"line":13,"column":0},"end":{"line":13,"column":97}},"7":{"start":{"line":15,"column":0},"end":{"line":17,"column":3}},"8":{"start":{"line":19,"column":0},"end":{"line":19,"column":37}},"9":{"start":{"line":21,"column":0},"end":{"line":21,"column":50}},"10":{"start":{"line":23,"column":0},"end":{"line":23,"column":83}},"11":{"start":{"line":25,"column":0},"end":{"line":25,"column":95}},"12":{"start":{"line":27,"column":0},"end":{"line":27,"column":63}},"13":{"start":{"line":29,"column":0},"end":{"line":29,"column":75}},"14":{"start":{"line":31,"column":0},"end":{"line":31,"column":63}},"15":{"start":{"line":33,"column":0},"end":{"line":33,"column":75}},"16":{"start":{"line":35,"column":0},"end":{"line":35,"column":71}},"17":{"start":{"line":37,"column":0},"end":{"line":37,"column":108}},"18":{"start":{"line":45,"column":0},"end":{"line":138,"column":25}},"19":{"start":{"line":46,"column":4},"end":{"line":46,"column":37}},"20":{"start":{"line":48,"column":4},"end":{"line":66,"column":5}},"21":{"start":{"line":49,"column":8},"end":{"line":49,"column":43}},"22":{"start":{"line":51,"column":8},"end":{"line":51,"column":91}},"23":{"start":{"line":57,"column":8},"end":{"line":57,"column":75}},"24":{"start":{"line":63,"column":8},"end":{"line":63,"column":69}},"25":{"start":{"line":65,"column":8},"end":{"line":65,"column":27}},"26":{"start":{"line":77,"column":4},"end":{"line":135,"column":8}},"27":{"start":{"line":84,"column":12},"end":{"line":86,"column":13}},"28":{"start":{"line":85,"column":16},"end":{"line":85,"column":49}},"29":{"start":{"line":88,"column":12},"end":{"line":90,"column":13}},"30":{"start":{"line":89,"column":16},"end":{"line":89,"column":51}},"31":{"start":{"line":92,"column":12},"end":{"line":94,"column":13}},"32":{"start":{"line":93,"column":16},"end":{"line":93,"column":108}},"33":{"start":{"line":107,"column":12},"end":{"line":107,"column":46}},"34":{"start":{"line":117,"column":12},"end":{"line":117,"column":50}},"35":{"start":{"line":122,"column":12},"end":{"line":122,"column":29}},"36":{"start":{"line":124,"column":12},"end":{"line":126,"column":123}},"37":{"start":{"line":125,"column":16},"end":{"line":125,"column":139}},"38":{"start":{"line":133,"column":12},"end":{"line":133,"column":33}},"39":{"start":{"line":137,"column":4},"end":{"line":137,"column":23}},"40":{"start":{"line":140,"column":0},"end":{"line":140,"column":33}},"41":{"start":{"line":141,"column":0},"end":{"line":141,"column":36}}},"branchMap":{"1":{"line":84,"type":"if","locations":[{"start":{"line":84,"column":12},"end":{"line":84,"column":12}},{"start":{"line":84,"column":12},"end":{"line":84,"column":12}}]},"2":{"line":85,"type":"binary-expr","locations":[{"start":{"line":85,"column":37},"end":{"line":85,"column":42}},{"start":{"line":85,"column":46},"end":{"line":85,"column":48}}]},"3":{"line":88,"type":"if","locations":[{"start":{"line":88,"column":12},"end":{"line":88,"column":12}},{"start":{"line":88,"column":12},"end":{"line":88,"column":12}}]},"4":{"line":89,"type":"binary-expr","locations":[{"start":{"line":89,"column":38},"end":{"line":89,"column":43}},{"start":{"line":89,"column":47},"end":{"line":89,"column":49}}]},"5":{"line":92,"type":"if","locations":[{"start":{"line":92,"column":12},"end":{"line":92,"column":12}},{"start":{"line":92,"column":12},"end":{"line":92,"column":12}}]},"6":{"line":126,"type":"cond-expr","locations":[{"start":{"line":126,"column":73},"end":{"line":126,"column":75}},{"start":{"line":126,"column":78},"end":{"line":126,"column":121}}]}}},"/home/ubuntu/html-document/lib/Element.js":{"path":"/home/ubuntu/html-document/lib/Element.js","s":{"1":1,"2":1,"3":1,"4":1,"5":1,"6":1,"7":1,"8":1,"9":1,"10":1,"11":1,"12":1,"13":1,"14":1,"15":430,"16":430,"17":1,"18":2,"19":7,"20":38,"21":0,"22":0,"23":38,"24":38,"25":38,"26":57,"27":54,"28":3,"29":3,"30":38,"31":20,"32":21,"33":0,"34":0,"35":183,"36":222,"37":278,"38":0,"39":0,"40":3,"41":5,"42":1,"43":1,"44":1,"45":1},"b":{"1":[2,1],"2":[7,5],"3":[0,38],"4":[0,0],"5":[38,35],"6":[54,3],"7":[3,0],"8":[0,0],"9":[0,0]},"f":{"1":1,"2":430,"3":2,"4":7,"5":38,"6":57,"7":20,"8":21,"9":0,"10":0,"11":183,"12":222,"13":278,"14":0,"15":0,"16":3,"17":5},"fnMap":{"1":{"name":"(anonymous_1)","line":50,"loc":{"start":{"line":50,"column":15},"end":{"line":50,"column":38}}},"2":{"name":"Element","line":53,"loc":{"start":{"line":53,"column":4},"end":{"line":53,"column":23}}},"3":{"name":"getElementById","line":76,"loc":{"start":{"line":76,"column":15},"end":{"line":76,"column":43}}},"4":{"name":"(anonymous_4)","line":77,"loc":{"start":{"line":77,"column":49},"end":{"line":77,"column":65}}},"5":{"name":"getElementsByTagName","line":98,"loc":{"start":{"line":98,"column":15},"end":{"line":98,"column":62}}},"6":{"name":"(anonymous_6)","line":107,"loc":{"start":{"line":107,"column":34},"end":{"line":107,"column":51}}},"7":{"name":"querySelector","line":130,"loc":{"start":{"line":130,"column":15},"end":{"line":130,"column":45}}},"8":{"name":"querySelectorAll","line":147,"loc":{"start":{"line":147,"column":15},"end":{"line":147,"column":48}}},"9":{"name":"get","line":161,"loc":{"start":{"line":161,"column":13},"end":{"line":161,"column":28}}},"10":{"name":"set","line":171,"loc":{"start":{"line":171,"column":13},"end":{"line":171,"column":30}}},"11":{"name":"get","line":186,"loc":{"start":{"line":186,"column":13},"end":{"line":186,"column":28}}},"12":{"name":"get","line":206,"loc":{"start":{"line":206,"column":13},"end":{"line":206,"column":28}}},"13":{"name":"(anonymous_13)","line":207,"loc":{"start":{"line":207,"column":43},"end":{"line":207,"column":59}}},"14":{"name":"get","line":223,"loc":{"start":{"line":223,"column":13},"end":{"line":223,"column":28}}},"15":{"name":"get","line":238,"loc":{"start":{"line":238,"column":13},"end":{"line":238,"column":28}}},"16":{"name":"get","line":253,"loc":{"start":{"line":253,"column":13},"end":{"line":253,"column":28}}},"17":{"name":"get","line":260,"loc":{"start":{"line":260,"column":36},"end":{"line":260,"column":51}}}},"statementMap":{"1":{"start":{"line":3,"column":0},"end":{"line":3,"column":59}},"2":{"start":{"line":5,"column":0},"end":{"line":5,"column":69}},"3":{"start":{"line":7,"column":0},"end":{"line":7,"column":76}},"4":{"start":{"line":9,"column":0},"end":{"line":9,"column":83}},"5":{"start":{"line":11,"column":0},"end":{"line":11,"column":97}},"6":{"start":{"line":13,"column":0},"end":{"line":15,"column":3}},"7":{"start":{"line":17,"column":0},"end":{"line":17,"column":30}},"8":{"start":{"line":19,"column":0},"end":{"line":19,"column":43}},"9":{"start":{"line":21,"column":0},"end":{"line":21,"column":43}},"10":{"start":{"line":23,"column":0},"end":{"line":23,"column":56}},"11":{"start":{"line":25,"column":0},"end":{"line":25,"column":71}},"12":{"start":{"line":50,"column":0},"end":{"line":266,"column":28}},"13":{"start":{"line":51,"column":4},"end":{"line":51,"column":36}},"14":{"start":{"line":53,"column":4},"end":{"line":57,"column":5}},"15":{"start":{"line":54,"column":8},"end":{"line":54,"column":39}},"16":{"start":{"line":56,"column":8},"end":{"line":56,"column":99}},"17":{"start":{"line":63,"column":4},"end":{"line":263,"column":8}},"18":{"start":{"line":77,"column":12},"end":{"line":79,"column":23}},"19":{"start":{"line":78,"column":16},"end":{"line":78,"column":81}},"20":{"start":{"line":99,"column":12},"end":{"line":103,"column":13}},"21":{"start":{"line":100,"column":16},"end":{"line":100,"column":28}},"22":{"start":{"line":102,"column":16},"end":{"line":102,"column":111}},"23":{"start":{"line":105,"column":12},"end":{"line":105,"column":34}},"24":{"start":{"line":106,"column":12},"end":{"line":106,"column":44}},"25":{"start":{"line":107,"column":12},"end":{"line":113,"column":15}},"26":{"start":{"line":108,"column":16},"end":{"line":112,"column":17}},"27":{"start":{"line":109,"column"
[...]
eRow","line":82,"loc":{"start":{"line":82,"column":15},"end":{"line":82,"column":41}}},"5":{"name":"get","line":101,"loc":{"start":{"line":101,"column":13},"end":{"line":101,"column":28}}},"6":{"name":"set","line":113,"loc":{"start":{"line":113,"column":13},"end":{"line":113,"column":33}}},"7":{"name":"get","line":131,"loc":{"start":{"line":131,"column":13},"end":{"line":131,"column":28}}},"8":{"name":"(anonymous_8)","line":132,"loc":{"start":{"line":132,"column":39},"end":{"line":132,"column":56}}},"9":{"name":"get","line":150,"loc":{"start":{"line":150,"column":13},"end":{"line":150,"column":28}}},"10":{"name":"get","line":166,"loc":{"start":{"line":166,"column":13},"end":{"line":166,"column":28}}},"11":{"name":"get","line":183,"loc":{"start":{"line":183,"column":13},"end":{"line":183,"column":28}}},"12":{"name":"set","line":196,"loc":{"start":{"line":196,"column":13},"end":{"line":196,"column":33}}}},"statementMap":{"1":{"start":{"line":3,"column":0},"end":{"line":3,"column":59}},"2":{"start":{"line":5,"column":0},"end":{"line":5,"column":69}},"3":{"start":{"line":7,"column":0},"end":{"line":7,"column":76}},"4":{"start":{"line":9,"column":0},"end":{"line":9,"column":83}},"5":{"start":{"line":11,"column":0},"end":{"line":11,"column":97}},"6":{"start":{"line":13,"column":0},"end":{"line":15,"column":3}},"7":{"start":{"line":17,"column":0},"end":{"line":17,"column":49}},"8":{"start":{"line":19,"column":0},"end":{"line":19,"column":58}},"9":{"start":{"line":21,"column":0},"end":{"line":21,"column":50}},"10":{"start":{"line":23,"column":0},"end":{"line":23,"column":59}},"11":{"start":{"line":32,"column":0},"end":{"line":204,"column":29}},"12":{"start":{"line":33,"column":4},"end":{"line":33,"column":53}},"13":{"start":{"line":35,"column":4},"end":{"line":39,"column":5}},"14":{"start":{"line":36,"column":8},"end":{"line":36,"column":55}},"15":{"start":{"line":38,"column":8},"end":{"line":38,"column":115}},"16":{"start":{"line":41,"column":4},"end":{"line":201,"column":8}},"17":{"start":{"line":55,"column":12},"end":{"line":55,"column":96}},"18":{"start":{"line":57,"column":12},"end":{"line":57,"column":61}},"19":{"start":{"line":58,"column":12},"end":{"line":64,"column":13}},"20":{"start":{"line":59,"column":16},"end":{"line":59,"column":38}},"21":{"start":{"line":60,"column":19},"end":{"line":64,"column":13}},"22":{"start":{"line":61,"column":16},"end":{"line":61,"column":61}},"23":{"start":{"line":63,"column":16},"end":{"line":63,"column":70}},"24":{"start":{"line":66,"column":12},"end":{"line":66,"column":23}},"25":{"start":{"line":83,"column":12},"end":{"line":85,"column":13}},"26":{"start":{"line":84,"column":16},"end":{"line":84,"column":70}},"27":{"start":{"line":87,"column":12},"end":{"line":87,"column":51}},"28":{"start":{"line":102,"column":12},"end":{"line":102,"column":46}},"29":{"start":{"line":114,"column":12},"end":{"line":116,"column":13}},"30":{"start":{"line":115,"column":16},"end":{"line":115,"column":50}},"31":{"start":{"line":132,"column":12},"end":{"line":134,"column":15}},"32":{"start":{"line":133,"column":16},"end":{"line":133,"column":46}},"33":{"start":{"line":151,"column":12},"end":{"line":151,"column":23}},"34":{"start":{"line":167,"column":12},"end":{"line":167,"column":21}},"35":{"start":{"line":184,"column":12},"end":{"line":184,"column":47}},"36":{"start":{"line":197,"column":12},"end":{"line":199,"column":13}},"37":{"start":{"line":198,"column":16},"end":{"line":198,"column":51}},"38":{"start":{"line":203,"column":4},"end":{"line":203,"column":35}},"39":{"start":{"line":206,"column":0},"end":{"line":206,"column":45}},"40":{"start":{"line":207,"column":0},"end":{"line":207,"column":36}}},"branchMap":{"1":{"line":55,"type":"cond-expr","locations":[{"start":{"line":55,"column":78},"end":{"line":55,"column":80}},{"start":{"line":55,"column":83},"end":{"line":55,"column":95}}]},"2":{"line":55,"type":"binary-expr","locations":[{"start":{"line":55,"column":24},"end":{"line":55,"column":45}},{"start":{"line":55,"column":49},"end":{"line":55,"column":75}}]},"3":{"line":58,"type":"if","locations":[{"start":{"line":58,"column":12},"end":{"line":58,"column":12}},{"start":{"line":58,"column":12},"end":{"line":58,"column":12}}]},"4":{"line":58,"type":"binary-expr","locations":[{"start":{"line":58,"column":16},"end":{"line":58,"column":28}},{"start":{"line":58,"column":32},"end":{"line":58,"column":62}}]},"5":{"line":60,"type":"if","locations":[{"start":{"line":60,"column":19},"end":{"line":60,"column":19}},{"start":{"line":60,"column":19},"end":{"line":60,"column":19}}]},"6":{"line":83,"type":"if","locations":[{"start":{"line":83,"column":12},"end":{"line":83,"column":12}},{"start":{"line":83,"column":12},"end":{"line":83,"column":12}}]},"7":{"line":83,"type":"binary-expr","locations":[{"start":{"line":83,"column":16},"end":{"line":83,"column":45}},{"start":{"line":83,"column":49},"end":{"line":83,"column":58}}]},"8":{"line":114,"type":"if","locations":[{"start":{"line":114,"column":12},"end":{"line":114,"column":12}},{"start":{"line":114,"column":12},"end":{"line":114,"column":12}}]},"9":{"line":197,"type":"if","locations":[{"start":{"line":197,"column":12},"end":{"line":197,"column":12}},{"start":{"line":197,"column":12},"end":{"line":197,"column":12}}]}}},"/home/ubuntu/html-document/lib/HTMLElement/elements/HTMLAnchorElement.js":{"path":"/home/ubuntu/html-document/lib/HTMLElement/elements/HTMLAnchorElement.js","s":{"1":1,"2":1,"3":1,"4":1,"5":1,"6":1,"7":1,"8":1,"9":1,"10":1,"11":1,"12":1,"13":1,"14":18,"15":18,"16":18,"17":1,"18":10,"19":10,"20":8,"21":16,"22":19,"23":19,"24":19,"25":6,"26":19,"27":6,"28":4,"29":4,"30":2,"31":2,"32":0,"33":2,"34":2,"35":2,"36":21,"37":1,"38":1,"39":3,"40":1,"41":1,"42":1,"43":1,"44":2,"45":1,"46":1,"47":41,"48":1,"49":1,"50":1,"51":1,"52":1,"53":1},"b":{"1":[8,2],"2":[6,13],"3":[19,10],"4":[6,13],"5":[19,17,10],"6":[2,2],"7":[4,4,3],"8":[0,2]},"f":{"1":1,"2":18,"3":10,"4":16,"5":19,"6":4,"7":4,"8":21,"9":1,"10":3,"11":1,"12":1,"13":1,"14":2,"15":1,"16":41,"17":1},"fnMap":{"1":{"name":"(anonymous_1)","line":34,"loc":{"start":{"line":34,"column":25},"end":{"line":34,"column":49}}},"2":{"name":"HTMLAnchorElement","line":37,"loc":{"start":{"line":37,"column":4},"end":{"line":37,"column":33}}},"3":{"name":"setAttribute","line":59,"loc":{"start":{"line":59,"column":15},"end":{"line":59,"column":49}}},"4":{"name":"get","line":76,"loc":{"start":{"line":76,"column":13},"end":{"line":76,"column":28}}},"5":{"name":"set","line":86,"loc":{"start":{"line":86,"column":13},"end":{"line":86,"column":33}}},"6":{"name":"get","line":111,"loc":{"start":{"line":111,"column":13},"end":{"line":111,"column":28}}},"7":{"name":"set","line":121,"loc":{"start":{"line":121,"column":13},"end":{"line":121,"column":33}}},"8":{"name":"get","line":147,"loc":{"start":{"line":147,"column":13},"end":{"line":147,"column":28}}},"9":{"name":"set","line":157,"loc":{"start":{"line":157,"column":13},"end":{"line":157,"column":33}}},"10":{"name":"get","line":172,"loc":{"start":{"line":172,"column":13},"end":{"line":172,"column":28}}},"11":{"name":"set","line":182,"loc":{"start":{"line":182,"column":13},"end":{"line":182,"column":33}}},"12":{"name":"get","line":198,"loc":{"start":{"line":198,"column":13},"end":{"line":198,"column":28}}},"13":{"name":"set","line":208,"loc":{"start":{"line":208,"column":13},"end":{"line":208,"column":33}}},"14":{"name":"get","line":222,"loc":{"start":{"line":222,"column":13},"end":{"line":222,"column":28}}},"15":{"name":"set","line":232,"loc":{"start":{"line":232,"column":13},"end":{"line":232,"column":33}}},"16":{"name":"get","line":247,"loc":{"start":{"line":247,"column":13},"end":{"line":247,"column":28}}},"17":{"name":"set","line":257,"loc":{"start":{"line":257,"column":13},"end":{"line":257,"column":33}}}},"statementMap":{"1":{"start":{"line":3,"column":0},"end":{"line":3,"column":59}},"2":{"start":{"line":5,"column":0},"end":{"line":5,"column":69}},"3":{"start":{"line":7,"column":0},"end":{"line":7,"column":76}},"4":{"start":{"line":9,"column":0},"end":{"line":9,"column":83}},"5":{"start":{"line":11,"column":0},"end":{"line":11,"column":97}},"6":{"start":{"line":13,"column":0},"end":{"line":15,"column":3}},"7":{"start":{"line":17,"column":0},"end":{"line":17,"column":49}},"8":{"start":{"line":19,"column":0},"end":{"line":19,"column":58}},"9":{"start":{"line":21,"column":0},"end":{"line":21,"column":43}},"10":{"start":{"line":23,"column":0},"end":{"line":23,"column":51}},"11":{"start":{"line":34,"column":0},"end":{"line":264,"column":29}},"12":{"start":{"line":35,"column":4},"end":{"line":35,"column":47}},"13":{"start":{"line":37,"column":4},"end":{"line":42,"column":5}},"14":{"start":{"line":38,"column":8},"end":{"line":38,"column":49}},"15":{"start":{"line":40,"column":8},"end":{"line":40,"column":97}},"16":{"start":{"line":41,"column":8},"end":{"line":41,"column":49}},"17":{"start":{"line":57,"column":4},"end":{"line":261,"column":8}},"18":{"start":{"line":60,"column":12},"end":{"line":60,"column":114}},"19":{"start":{"line":61,"column":12},"end":{"line":63,"column":13}},"20":{"start":{"line":62,"column":16},"end":{"line":62,"column":34}},"21":{"start":{"line":77,"column":12},"end":{"line":77,"column":41}},"22":{"start":{"line":87,"column":12},"end":{"line":87,"column":36}},"23":{"start":{"line":88,"column":12},"end":{"line":88,"column":62}},"24":{"start":{"line":90,"column":12},"end":{"line":92,"column":13}},"25":{"start":{"line":91,"column":16},"end":{"line":91,"column":75}},"26":{"start":{"line":94,"column":12},"end":{"line":97,"column":13}},"27":{"start":{"line":96,"column":16},"end":{"line":96,"column":67}},"28":{"start":{"line":112,"column":12},"end":{"line":112,"column":35}},"29":{"start":{"line":122,"column":12},"end":{"line":125,"column":13}},"30":{"start":{"line":124,"column":16},"end":{"line":124,"column":23}},"31":{"start":{"line":127,"column":12},"end":{"line":131,"column":13}},"32":{"start":{"line":128,"column":16},"end":{"line":128,"column":29}},"33":{"start":{"line":130,"column":16},"end":{"line":130,"column":48}},"34":{"start":{"line":133,"column":12},"end":{"line":133,"column":36}},"35":{"start":{"line":134,"column":12},"end":{"line":134,"column":62}},"36":{"start":{"line":148,"column":12},"end":{"line":148,"column":35}},"37":{"start":{"line":158,"column":12},"end":{"line":158,"column":36}},"38":{"start":{"line":159,"column":12},"end":{"line":159,"column":62}},"39":{"start":{"line":173,"column":12},"end":{"line":173,"column":39}},"40":{"start":{"line":183,"column":12},"end":{"line":183,"column":40}},"41":{"start":{"line":184,"column":12},"end":{"line":184,"column":62}},"42":{"start":{"line":199,"column":12},"end":{"line":199,"column":44}},"43":{"start":{"line":209,"column":12},"end":{"line":209,"column":44}},"44":{"start":{"line":223,"column":12},"end":{"line":223,"column":39}},"45":{"start":{"line":233,"column":12},"end":{"line":233,"column":40}},"46":{"start":{"line":234,"column":12},"end":{"line":234,"column":62}},"47":{"start":{"line":248,"column":12},"end":{"line":248,"column":39}},"48":{"start":{"line":258,"column":12},"end":{"line":258,"column":40}},"49":{"start":{"line":259,"column":12},"end":{"line":259,"column":62}},"50":{"start":{"line":263,"column":4},"end":{"line":263,"column":29}},"51":{"start":{"line":266,"column":0},"end":{"line":266,"column":39}},"52":{"start":{"line":267,"column":0},"end":{"line":267,"column":79}},"53":{"start":{"line":268,"column":0},"end":{"line":268,"column":36}}},"branchMap":{"1":{"line":61,"type":"if","locations":[{"start":{"line":61,"column":12},"end":{"line":61,"column":12}},{"start":{"line":61,"column":12},"end":{"line":61,"column":12}}]},"2":{"line":90,"type":"if","locations":[{"start":{"line":90,"column":12},"end":{"line":90,"column":12}},{"start":{"line":90,"column":12},"end":{"line":90,"column":12}}]},"3":{"line":90,"type":"binary-expr","locations":[{"start":{"line":90,"column":16},"end":{"line":90,"column":36}},{"start":{"line":90,"column":40},"end":{"line":90,"column":58}}]},"4":{"line":94,"type":"if","locations":[{"start":{"line":94,"column":12},"end":{"line":94,"column":12}},{"start":{"line":94,"column":12},"end":{"line":94,"column":12}}]},"5":{"line":94,"type":"binary-expr","locations":[{"start":{"line":94,"column":16},"end":{"line":94,"column":47}},{"start":{"line":95,"column":12},"end":{"line":95,"column":28}},{"start":{"line":95,"column":32},"end":{"line":95,"column":50}}]},"6":{"line":122,"type":"if","locations":[{"start":{"line":122,"column":12},"end":{"line":122,"column":12}},{"start":{"line":122,"column":12},"end":{"line":122,"column":12}}]},"7":{"line":122,"type":"binary-expr","locations":[{"start":{"line":122,"column":16},"end":{"line":122,"column":32}},{"start":{"line":122,"column":36},"end":{"line":122,"column":50}},{"start":{"line":122,"column":54},"end":{"line":122,"column":91}}]},"8":{"line":127,"type":"if","locations":[{"start":{"line":127,"column":12},"end":{"line":127,"column":12}},{"start":{"line":127,"column":12},"end":{"line":127,"column":12}}]}}},"/home/ubuntu/html-document/lib/Doctype.js":{"path":"/home/ubuntu/html-document/lib/Doctype.js","s":{"1":1,"2":1,"3":1,"4":1,"5":1,"6":1,"7":1,"8":1,"9":1,"10":1,"11":1,"12":1,"13":1,"14":1,"15":1,"16":1,"17":1,"18":1},"b":{},"f":{"1":1,"2":1,"3":1},"fnMap":{"1":{"name":"(anonymous_1)","line":22,"loc":{"start":{"line":22,"column":15},"end":{"line":22,"column":32}}},"2":{"name":"Doctype","line":25,"loc":{"start":{"line":25,"column":4},"end":{"line":25,"column":23}}},"3":{"name":"_toHTML","line":35,"loc":{"start":{"line":35,"column":35},"end":{"line":35,"column":54}}}},"statementMap":{"1":{"start":{"line":3,"column":0},"end":{"line":3,"column":59}},"2":{"start":{"line":5,"column":0},"end":{"line":5,"column":69}},"3":{"start":{"line":7,"column":0},"end":{"line":7,"column":76}},"4":{"start":{"line":9,"column":0},"end":{"line":9,"column":83}},"5":{"start":{"line":11,"column":0},"end":{"line":11,"column":97}},"6":{"start":{"line":13,"column":0},"end":{"line":15,"column":3}},"7":{"start":{"line":17,"column":0},"end":{"line":17,"column":31}},"8":{"start":{"line":19,"column":0},"end":{"line":19,"column":44}},"9":{"start":{"line":22,"column":0},"end":{"line":41,"column":22}},"10":{"start":{"line":23,"column":4},"end":{"line":23,"column":30}},"11":{"start":{"line":25,"column":4},"end":{"line":29,"column":5}},"12":{"start":{"line":26,"column":8},"end":{"line":26,"column":39}},"13":{"start":{"line":28,"column":8},"end":{"line":28,"column":99}},"14":{"start":{"line":31,"column":4},"end":{"line":38,"column":8}},"15":{"start":{"line":36,"column":12},"end":{"line":36,"column":37}},"16":{"start":{"line":40,"column":4},"end":{"line":40,"column":19}},"17":{"start":{"line":43,"column":0},"end":{"line":43,"column":29}},"18":{"start":{"line":44,"column":0},"end":{"line":44,"column":36}}},"branchMap":{}},"/home/ubuntu/html-document/lib/Event.js":{"path":"/home/ubuntu/html-document/lib/Event.js","s":{"1":1,"2":1,"3":1,"4":1,"5":1,"6":1,"7":1,"8":1,"9":1,"10":1,"11":1,"12":1,"13":1,"14":1,"15":1,"16":1,"17":0,"18":0,"19":0,"20":0,"21":0,"22":1,"23":1,"24":1},"b":{},"f":{"1":1,"2":1,"3":0,"4":0,"5":0,"6":0},"fnMap":{"1":{"name":"(anonymous_1)","line":19,"loc":{"start":{"line":19,"column":13},"end":{"line":19,"column":25}}},"2":{"name":"Event","line":24,"loc":{"start":{"line":24,"column":2},"end":{"line":24,"column":23}}},"3":{"name":"preventDefault","line":100,"loc":{"start":{"line":100,"column":11},"end":{"line":100,"column":37}}},"4":{"name":"stopImmediatePropagation","line":111,"loc":{"start":{"line":111,"column":11},"end":{"line":111,"column":47}}},"5":{"name":"stopPropagation","line":123,"loc":{"start":{"line":123,"column":11},"end":{"line":123,"column":38}}},"6":{"name":"isImmediatePropagationStopped","line":135,"loc":{"start":{"line":135,"column":11},"end":{"line":135,"column":52}}}},"statementMap":{"1":{"start":{"line":10,"column":0},"end":{"line":10,"column":76}},"2":{"start":{"line":12,"column":0},"end":{"line":12,"column":83}},"3":{"start":{"line":14,"column":0},"end":{"line":16,"column":3}},"4":{"start":{"line":19,"column":0},"end":{"line":141,"column":5}},"5":{"start":{"line":24,"column":2},"end":{"line":90,"column":3}},"6":{"start":{"line":25,"column":4},"end":{"line":25,"column":33}},"7":{"start":{"line":32,"column":4},"end":{"line":32,"column":25}},"8":{"start":{"line":39,"column":4},"end":{"line":39,"column":28}},"9":{"start":{"line":46,"column":4},"end":{"line":46,"column":31}},"10":{"start":{"line":53,"column":4},"end":{"line":53,"column":34}},"11":{"start":{"line":60,"column":4},"end":{"line":60,"column":24}},"12":{"start":{"line":67,"column":4},"end":{"line":67,"column":23}},"13":{"start":{"line":74,"column":4},"end":{"line":74,"column":39}},"14":{"start":{"line":81,"column":4},"end":{"line":81,"column":35}},"15":{"start":{"line":89,"column":4},"end":{"line":89,"column":27}},"16":{"start":{"line":98,"column":2},"end":{"line":138,"column":6}},"17":{"start":{"line":101,"column":6},"end":{"line":101,"column":35}},"18":{"start":{"line":112,"column":6},"end":{"line":112,"column":46}},"19":{"start":{"line":113,"column":6},"end":{"line":113,"column":29}},"20":{"start":{"line":124,"column":6},"end":{"line":124,"column":37}},"21":{"start":{"line":136,"column":6},"end":{"line":136,"column":46}},"22":{"start":{"line":140,"column":2},"end":{"line":140,"column":15}},"23":{"start":{"line":143,"column":0},"end":{"line":143,"column":27}},"24":{"start":{"line":144,"column":0},"end":{"line":144,"column":36}}},"branchMap":{}},"/home/ubuntu/html-document/lib/NodeList.js":{"path":"/home/ubuntu/html-document/lib/NodeList.js","s":{"1":1,"2":1,"3":1,"4":1,"5":1,"6":1,"7":1,"8":2,"9":2,"10":1,"11":2,"12":3,"13":3,"14":1,"15":1,"16":1,"17":3,"18":1,"19":1,"20":1},"b":{"1":[2,1]},"f":{"1":1,"2":2,"3":2,"4":3,"5":1,"6":3},"fnMap":{"1":{"name":"(anonymous_1)","line":21,"loc":{"start":{"line":21,"column":16},"end":{"line":21,"column":28}}},"2":{"name":"NodeList","line":22,"loc":{"start":{"line":22,"column":4},"end":{"line":22,"column":24}}},"3":{"name":"item","line":42,"loc":{"start":{"line":42,"column":15},"end":{"line":42,"column":36}}},"4":{"name":"_push","line":49,"loc":{"start":{"line":49,"column":33},"end":{"line":49,"column":50}}},"5":{"name":"value","line":57,"loc":{"start":{"line":57,"column":29},"end":{"line":57,"column":46}}},"6":{"name":"next","line":63,"loc":{"start":{"line":63,"column":22},"end":{"line":63,"column":38}}}},"statementMap":{"1":{"start":{"line":9,"column":0},"end":{"line":9,"column":76}},"2":{"start":{"line":11,"column":0},"end":{"line":11,"column":83}},"3":{"start":{"line":13,"column":0},"end":{"line":13,"column":63}},"4":{"start":{"line":15,"column":0},"end":{"line":15,"column":83}},"5":{"start":{"line":17,"column":0},"end":{"line":19,"column":3}},"6":{"start":{"line":21,"column":0},"end":{"line":71,"column":5}},"7":{"start":{"line":22,"column":4},"end":{"line":29,"column":5}},"8":{"start":{"line":23,"column":8},"end":{"line":23,"column":40}},"9":{"start":{"line":28,"column":8},"end":{"line":28,"column":24}},"10":{"start":{"line":40,"column":4},"end":{"line":68,"column":8}},"11":{"start":{"line":43,"column":12},"end":{"line":43,"column":39}},"12":{"start":{"line":50,"column":12},"end":{"line":50,"column":38}},"13":{"start":{"line":52,"column":12},"end":{"line":52,"column":132}},"14":{"start":{"line":58,"column":12},"end":{"line":58,"column":29}},"15":{"start":{"line":60,"column":12},"end":{"line":60,"column":26}},"16":{"start":{"line":62,"column":12},"end":{"line":66,"column":14}},"17":{"start":{"line":64,"column":20},"end":{"line":64,"column":81}},"18":{"start":{"line":70,"column":4},"end":{"line":70,"column":20}},"19":{"start":{"line":73,"column":0},"end":{"line":73,"column":30}},"20":{"start":{"line":74,"column":0},"end":{"line":74,"column":36}}},"branchMap":{"1":{"line":43,"type":"binary-expr","locations":[{"start":{"line":43,"column":19},"end":{"line":43,"column":30}},{"start":{"line":43,"column":34},"end":{"line":43,"column":38}}]}}}}