{"/home/ubuntu/html-document/lib/Abstract/AbstractCSSStyleDeclaration.js":{"path":"/home/ubuntu/html-document/lib/Abstract/AbstractCSSStyleDeclaration.js","s":{"1":1,"2":1,"3":1,"4":1,"5":9,"6":9,"7":9,"8":9,"9":8,"10":9,"11":1,"12":1,"13":1,"14":1,"15":0,"16":1,"17":1,"18":113,"19":0,"20":1,"21":23,"22":23,"23":23,"24":23,"25":1,"26":1,"27":90,"28":1,"29":12,"30":12,"31":12,"32":12,"33":22,"34":22,"35":1,"36":21,"37":21,"38":10,"39":21,"40":21,"41":21,"42":21,"43":21,"44":12,"45":16,"46":16,"47":28,"48":16,"49":3,"50":5,"51":10,"52":1,"53":1,"54":1,"55":1,"56":1,"57":1,"58":2,"59":2,"60":23,"61":0,"62":23,"63":23,"64":1,"65":22,"66":23,"67":8,"68":12,"69":1,"70":1,"71":1},"b":{"1":[9,9],"2":[8,1],"3":[1,0],"4":[0,1],"5":[0,113],"6":[1,21],"7":[10,11],"8":[21,0],"9":[21,10],"10":[28,13,15],"11":[3,2,1],"12":[5,4],"13":[10,6],"14":[1,0],"15":[0,23],"16":[1,22]},"f":{"1":1,"2":1,"3":1,"4":113,"5":23,"6":1,"7":90,"8":12,"9":22,"10":16,"11":28,"12":3,"13":5,"14":10,"15":1,"16":2,"17":23,"18":8,"19":12},"fnMap":{"1":{"name":"(anonymous_1)","line":7,"loc":{"start":{"line":7,"column":20},"end":{"line":7,"column":32}}},"2":{"name":"defineProperties","line":7,"loc":{"start":{"line":7,"column":34},"end":{"line":7,"column":75}}},"3":{"name":"(anonymous_3)","line":7,"loc":{"start":{"line":7,"column":358},"end":{"line":7,"column":406}}},"4":{"name":"_classCallCheck","line":9,"loc":{"start":{"line":9,"column":0},"end":{"line":9,"column":48}}},"5":{"name":"CSSStyleRule","line":11,"loc":{"start":{"line":11,"column":19},"end":{"line":11,"column":113}}},"6":{"name":"(anonymous_6)","line":28,"loc":{"start":{"line":28,"column":35},"end":{"line":28,"column":47}}},"7":{"name":"AbstractCSSStyleDeclaration","line":29,"loc":{"start":{"line":29,"column":4},"end":{"line":29,"column":43}}},"8":{"name":"_parse","line":42,"loc":{"start":{"line":42,"column":15},"end":{"line":42,"column":38}}},"9":{"name":"(anonymous_9)","line":47,"loc":{"start":{"line":47,"column":37},"end":{"line":47,"column":53}}},"10":{"name":"_stringify","line":75,"loc":{"start":{"line":75,"column":15},"end":{"line":75,"column":37}}},"11":{"name":"(anonymous_11)","line":77,"loc":{"start":{"line":77,"column":37},"end":{"line":77,"column":50}}},"12":{"name":"getPropertyPriority","line":91,"loc":{"start":{"line":91,"column":15},"end":{"line":91,"column":58}}},"13":{"name":"getPropertyValue","line":103,"loc":{"start":{"line":103,"column":15},"end":{"line":103,"column":55}}},"14":{"name":"item","line":115,"loc":{"start":{"line":115,"column":15},"end":{"line":115,"column":36}}},"15":{"name":"removeProperty","line":127,"loc":{"start":{"line":127,"column":15},"end":{"line":127,"column":53}}},"16":{"name":"setProperty","line":146,"loc":{"start":{"line":146,"column":15},"end":{"line":146,"column":68}}},"17":{"name":"_setProperty","line":160,"loc":{"start":{"line":160,"column":15},"end":{"line":160,"column":69}}},"18":{"name":"get","line":180,"loc":{"start":{"line":180,"column":13},"end":{"line":180,"column":28}}},"19":{"name":"set","line":187,"loc":{"start":{"line":187,"column":13},"end":{"line":187,"column":33}}}},"statementMap":{"1":{"start":{"line":3,"column":0},"end":{"line":5,"column":3}},"2":{"start":{"line":7,"column":0},"end":{"line":7,"column":566}},"3":{"start":{"line":7,"column":34},"end":{"line":7,"column":350}},"4":{"start":{"line":7,"column":77},"end":{"line":7,"column":348}},"5":{"start":{"line":7,"column":118},"end":{"line":7,"column":144}},"6":{"start":{"line":7,"column":145},"end":{"line":7,"column":200}},"7":{"start":{"line":7,"column":201},"end":{"line":7,"column":232}},"8":{"start":{"line":7,"column":233},"end":{"line":7,"column":287}},"9":{"start":{"line":7,"column":260},"end":{"line":7,"column":287}},"10":{"start":{"line":7,"column":288},"end":{"line":7,"column":346}},"11":{"start":{"line":7,"column":351},"end":{"line":7,"column":560}},"12":{"start":{"line":7,"column":408},"end":{"line":7,"column":476}},"13":{"start":{"line":7,"column":424},"end":{"line":7,"column":476}},"14":{"start":{"line":7,"column":477},"end":{"line":7,"column":537}},"15":{"start":{"line":7,"column":494},"end":{"line":7,"column":537}},"16":{"start":{"line":7,"column":538},"end":{"line":7,"column":557}},"17":{"start":{"line":9,"column":0},"end":{"line":9,"column":153}},"18":{"start":{"line":9,"column":50},"end":{"line":9,"column":151}},"19":{"start":{"line":9,"column":92},"end":{"line":9,"column":149}},"20":{"start":{"line":11,"column":0},"end":{"line":17,"column":2}},"21":{"start":{"line":12,"column":4},"end":{"line":12,"column":40}},"22":{"start":{"line":14,"column":4},"end":{"line":14,"column":29}},"23":{"start":{"line":15,"column":4},"end":{"line":15,"column":23}},"24":{"start":{"line":16,"column":4},"end":{"line":16,"column":31}},"25":{"start":{"line":28,"column":0},"end":{"line":193,"column":5}},"26":{"start":{"line":29,"column":4},"end":{"line":31,"column":5}},"27":{"start":{"line":30,"column":8},"end":{"line":30,"column":59}},"28":{"start":{"line":33,"column":4},"end":{"line":190,"column":8}},"29":{"start":{"line":43,"column":12},"end":{"line":43,"column":29}},"30":{"start":{"line":45,"column":12},"end":{"line":45,"column":34}},"31":{"start":{"line":46,"column":12},"end":{"line":46,"column":37}},"32":{"start":{"line":47,"column":12},"end":{"line":64,"column":15}},"33":{"start":{"line":48,"column":16},"end":{"line":48,"column":35}},"34":{"start":{"line":49,"column":16},"end":{"line":51,"column":17}},"35":{"start":{"line":50,"column":20},"end":{"line":50,"column":27}},"36":{"start":{"line":53,"column":16},"end":{"line":53,"column":60}},"37":{"start":{"line":54,"column":16},"end":{"line":56,"column":17}},"38":{"start":{"line":55,"column":20},"end":{"line":55,"column":63}},"39":{"start":{"line":58,"column":16},"end":{"line":58,"column":51}},"40":{"start":{"line":59,"column":16},"end":{"line":63,"column":17}},"41":{"start":{"line":60,"column":20},"end":{"line":60,"column":63}},"42":{"start":{"line":61,"column":20},"end":{"line":61,"column":66}},"43":{"start":{"line":62,"column":20},"end":{"line":62,"column":77}},"44":{"start":{"line":65,"column":12},"end":{"line":65,"column":30}},"45":{"start":{"line":76,"column":12},"end":{"line":76,"column":31}},"46":{"start":{"line":77,"column":12},"end":{"line":79,"column":15}},"47":{"start":{"line":78,"column":16},"end":{"line":78,"column":96}},"48":{"start":{"line":80,"column":12},"end":{"line":80,"column":36}},"49":{"start":{"line":92,"column":12},"end":{"line":92,"column":115}},"50":{"start":{"line":104,"column":12},"end":{"line":104,"column":96}},"51":{"start":{"line":116,"column":12},"end":{"line":116,"column":75}},"52":{"start":{"line":128,"column":12},"end":{"line":134,"column":13}},"53":{"start":{"line":129,"column":16},"end":{"line":129,"column":62}},"54":{"start":{"line":130,"column":16},"end":{"line":130,"column":76}},"55":{"start":{"line":131,"column":16},"end":{"line":131,"column":57}},"56":{"start":{"line":132,"column":16},"end":{"line":132,"column":34}},"57":{"start":{"line":133,"column":16},"end":{"line":133,"column":35}},"58":{"start":{"line":147,"column":12},"end":{"line":147,"column":62}},"59":{"start":{"line":148,"column":12},"end":{"line":148,"column":30}},"60":{"start":{"line":161,"column":12},"end":{"line":163,"column":13}},"61":{"start":{"line":162,"column":16},"end":{"line":162,"column":76}},"62":{"start":{"line":165,"column":12},"end":{"line":165,"column":91}},"63":{"start":{"line":166,"column":12},"end":{"line":170,"column":13}},"64":{"start":{"line":167,"column":16},"end":{"line":167,"column":113}},"65":{"start":{"line":169,"column":16},"end":{"line":169,"column":47}},"66":{"start":{"line":172,"column":12},"end":{"line":172,"column":56}},"67":{"start":{"line":181,"column":12},"end":{"line":181,"column":31}},"68":{"start":{"line":188,"column":12},"end":{"line":188,"column":31}},"69":{"start":{"line":192,"column":4},"end":{"line":192,"column":39}},"70":{"start":{"line":195,"column":0},"end":{"line":195,"column":49}},"71":{"start":{"line":196,"column":0},"end":{"line":196,"column":36}}},"branchMap":{"1":{"line":7,"type":"binary-expr","locations":[{"start":{"line":7,"column":169},"end":{"line":7,"column":190}},{"start":{"line":7,"column":194},"end":{"line":7,"column":199}}]},"2":{"line":7,"type":"if","locations":[{"start":{"line":7,"column":233},"end":{"line":7,"column":233}},{"start":{"line":7,"column":233},"end":{"line":7,"column":233}}]},"3":{"line":7,"type":"if","locations":[{"start":{"line":7,"column":408},"end":{"line":7,"column":408}},{"start":{"line":7,"column":408},"end":{"line":7,"column":408}}]},"4":{"line":7,"type":"if","locations":[{"start":{"line":7,"column":477},"end":{"line":7,"column":477}},{"start":{"line":7,"column":477},"end":{"line":7,"column":477}}]},"5":{"line":9,"type":"if","locations":[{"start":{"line":9,"column":50},"end":{"line":9,"column":50}},{"start":{"line":9,"column":50},"end":{"line":9,"column":50}}]},"6":{"line":49,"type":"if","locations":[{"start":{"line":49,"column":16},"end":{"line":49,"column":16}},{"start":{"line":49,"column":16},"end":{"line":49,"column":16}}]},"7":{"line":54,"type":"if","locations":[{"start":{"line":54,"column":16},"end":{"line":54,"column":16}},{"start":{"line":54,"column":16},"end":{"line":54,"column":16}}]},"8":{"line":59,"type":"if","locations":[{"start":{"line":59,"column":16},"end":{"line":59,"column":16}},{"start":{"line":59,"column":16},"end":{"line":59,"column":16}}]},"9":{"line":62,"type":"binary-expr","locations":[{"start":{"line":62,"column":51},"end":{"line":62,"column":60}},{"start":{"line":62,"column":64},"end":{"line":62,"column":75}}]},"10":{"line":78,"type":"binary-expr","locations":[{"start":{"line":78,"column":55},"end":{"line":78,"column":66}},{"start":{"line":78,"column":70},"end":{"line":78,"column":82}},{"start":{"line":78,"column":86},"end":{"line":78,"column":88}}]},"11":{"line":92,"type":"binary-expr","locations":[{"start":{"line":92,"column":19},"end":{"line":92,"column":52}},{"start":{"line":92,"column":56},"end":{"line":92,"column":99}},{"start":{"line":92,"column":103},"end":{"line":92,"column":114}}]},"12":{"line":104,"type":"binary-expr","locations":[{"start":{"line":104,"column":19},"end":{"line":104,"column":52}},{"start":{"line":104,"column":56},"end":{"line":104,"column":95}}]},"13":{"line":116,"type":"binary-expr","locations":[{"start":{"line":116,"column":19},"end":{"line":116,"column":42}},{"start":{"line":116,"column":46},"end":{"line":116,"column":74}}]},"14":{"line":128,"type":"if","locations":[{"start":{"line":128,"column":12},"end":{"line":128,"column":12}},{"start":{"line":128,"column":12},"end":{"line":128,"column":12}}]},"15":{"line":161,"type":"if","locations":[{"start":{"line":161,"column":12},"end":{"line":161,"column":12}},{"start":{"line":161,"column":12},"end":{"line":161,"column":12}}]},"16":{"line":166,"type":"if","locations":[{"start":{"line":166,"column":12},"end":{"line":166,"column":12}},{"start":{"line":166,"column":12},"end":{"line":166,"column":12}}]}}},"/home/ubuntu/html-document/lib/Comment.js":{"path":"/home/ubuntu/html-document/lib/Comment.js","s":{"1":1,"2":1,"3":1,"4":1,"5":3,"6":3,"7":3,"8":3,"9":0,"10":3,"11":1,"12":1,"13":1,"14":1,"15":0,"16":1,"17":1,"18":1,"19":1,"20":1,"21":1,"22":1,"23":1,"24":1,"25":0,"26":1,"27":1,"28":0,"29":0,"30":0,"31":0,"32":0,"33":0,"34":0,"35":0,"36":1,"37":1,"38":0,"39":0,"40":0,"41":0,"42":1,"43":2,"44":1,"45":1,"46":0,"47":1,"48":1,"49":0,"50":1,"51":1,"52":1,"53":1,"54":1,"55":1,"56":1,"57":1,"58":1,"59":1,"60":1,"61":1,"62":1,"63":1,"64":1,"65":1,"66":1,"67":0,"68":1,"69":1,"70":1,"71":1,"72":1},"b":{"1":[3,3],"2":[0,3],"3":[1,0],"4":[0,1],"5":[0,1],"6":[0,1],"7":[0,0],"8":[1,0],"9":[0,0],"10":[0,2],"11":[2,2],"12":[0,1],"13":[0,1],"14":[1,0],"15":[1,1],"16":[1,0]},"f":{"1":1,"2":1,"3":1,"4":1,"5":2,"6":1,"7":1,"8":1,"9":1,"10":1,"11":1,"12":1,"13":0},"fnMap":{"1":{"name":"(anonymous_1)","line":7,"loc":{"start":{"line":7,"column":20},"end":{"line":7,"column":32}}},"2":{"name":"defineProperties","line":7,"loc":{"start":{"line":7,"column":34},"end":{"line":7,"column":75}}},"3":{"name":"(anonymous_3)","line":7,"loc":{"start":{"line":7,"column":358},"end":{"line":7,"column":406}}},"4":{"name":"get","line":9,"loc":{"start":{"line":9,"column":11},"end":{"line":9,"column":38}}},"5":{"name":"_interopRequireDefault","line":11,"loc":{"start":{"line":11,"column":0},"end":{"line":11,"column":37}}},"6":{"name":"_classCallCheck","line":13,"loc":{"start":{"line":13,"column":0},"end":{"line":13,"column":48}}},"7":{"name":"_inherits","line":15,"loc":{"start":{"line":15,"column":0},"end":{"line":15,"column":41}}},"8":{"name":"(anonymous_8)","line":32,"loc":{"start":{"line":32,"column":15},"end":{"line":32,"column":32}}},"9":{"name":"Comment","line":41,"loc":{"start":{"line":41,"column":2},"end":{"line":41,"column":41}}},"10":{"name":"get","line":55,"loc":{"start":{"line":55,"column":9},"end":{"line":55,"column":24}}},"11":{"name":"get","line":64,"loc":{"start":{"line":64,"column":9},"end":{"line":64,"column":24}}},"12":{"name":"get","line":75,"loc":{"start":{"line":75,"column":9},"end":{"line":75,"column":24}}},"13":{"name":"set","line":84,"loc":{"start":{"line":84,"column":9},"end":{"line":84,"column":28}}}},"statementMap":{"1":{"start":{"line":3,"column":0},"end":{"line":5,"column":3}},"2":{"start":{"line":7,"column":0},"end":{"line":7,"column":566}},"3":{"start":{"line":7,"column":34},"end":{"line":7,"column":350}},"4":{"start":{"line":7,"column":77},"end":{"line":7,"column":348}},"5":{"start":{"line":7,"column":118},"end":{"line":7,"column":144}},"6":{"start":{"line":7,"column":145},"end":{"line":7,"column":200}},"7":{"start":{"line":7,"column":201},"end":{"line":7,"column":232}},"8":{"start":{"line":7,"column":233},"end":{"line":7,"column":287}},"9":{"start":{"line":7,"column":260},"end":{"line":7,"column":287}},"10":{"start":{"line":7,"column":288},"end":{"line":7,"column":346}},"11":{"start":{"line":7,"column":351},"end":{"line":7,"column":560}},"12":{"start":{"line":7,"column":408},"end":{"line":7,"column":476}},"13":{"start":{"line":7,"column":424},"end":{"line":7,"column":476}},"14":{"start":{"line":7,"column":477},"end":{"line":7,"column":537}},"15":{"start":{"line":7,"column":494},"end":{"line":7,"column":537}},"16":{"start":{"line":7,"column":538},"end":{"line":7,"column":557}},"17":{"start":{"line":9,"column":0},"end":{"line":9,"column":667}},"18":{"start":{"line":9,"column":40},"end":{"line":9,"column":58}},"19":{"start":{"line":9,"column":59},"end":{"line":9,"column":664}},"20":{"start":{"line":9,"column":70},"end":{"line":9,"column":664}},"21":{"start":{"line":9,"column":87},"end":{"line":9,"column":135}},"22":{"start":{"line":9,"column":136},"end":{"line":9,"column":171}},"23":{"start":{"line":9,"column":172},"end":{"line":9,"column":187}},"24":{"start":{"line":9,"column":188},"end":{"line":9,"column":237}},"25":{"start":{"line":9,"column":209},"end":{"line":9,"column":237}},"26":{"start":{"line":9,"column":238},"end":{"line":9,"column":299}},"27":{"start":{"line":9,"column":300},"end":{"line":9,"column":662}},"28":{"start":{"line":9,"column":326},"end":{"line":9,"column":369}},"29":{"start":{"line":9,"column":370},"end":{"line":9,"column":501}},"30":{"start":{"line":9,"column":393},"end":{"line":9,"column":410}},"31":{"start":{"line":9,"column":420},"end":{"line":9,"column":432}},"32":{"start":{"line":9,"column":433},"end":{"line":9,"column":448}},"33":{"start":{"line":9,"column":449},"end":{"line":9,"column":464}},"34":{"start":{"line":9,"column":465},"end":{"line":9,"column":479}},"35":{"start":{"line":9,"column":480},"end":{"line":9,"column":499}},"36":{"start":{"line":9,"column":509},"end":{"line":9,"column":662}},"37":{"start":{"line":9,"column":532},"end":{"line":9,"column":550}},"38":{"start":{"line":9,"column":560},"end":{"line":9,"column":582}},"39":{"start":{"line":9,"column":583},"end":{"line":9,"column":630}},"40":{"start":{"line":9,"column":611},"end":{"line":9,"column":628}},"41":{"start":{"line":9,"column":631},"end":{"line":9,"column":660}},"42":{"start":{"line":11,"column":0},"end":{"line":11,"column":97}},"43":{"start":{"line":11,"column":39},"end":{"line":11,"column":95}},"44":{"start":{"line":13,"column":0},"end":{"line":13,"column":153}},"45":{"start":{"line":13,"column":50},"end":{"line":13,"column":151}},"46":{"start":{"line":13,"column":92},"end":{"line":13,"column":149}},"47":{"start":{"line":15,"column":0},"end":{"line":15,"column":424}},"48":{"start":{"line":15,"column":43},"end":{"line":15,"column":208}},"49":{"start":{"line":15,"column":106},"end":{"line":15,"column":206}},"50":{"start":{"line":15,"column":209},"end":{"line":15,"column":373}},"51":{"start":{"line":15,"column":374},"end":{"line":15,"column":422}},"52":{"start":{"line":15,"column":390},"end":{"line":15,"column":422}},"53":{"start":{"line":17,"column":0},"end":{"line":17,"column":53}},"54":{"start":{"line":19,"column":0},"end":{"line":19,"column":65}},"55":{"start":{"line":21,"column":0},"end":{"line":21,"column":31}},"56":{"start":{"line":23,"column":0},"end":{"line":23,"column":44}},"57":{"start":{"line":32,"column":0},"end":{"line":90,"column":22}},"58":{"start":{"line":33,"column":2},"end":{"line":33,"column":28}},"59":{"start":{"line":41,"column":2},"end":{"line":46,"column":3}},"60":{"start":{"line":42,"column":4},"end":{"line":42,"column":35}},"61":{"start":{"line":44,"column":4},"end":{"line":44,"column":83}},"62":{"start":{"line":45,"column":4},"end":{"line":45,"column":26}},"63":{"start":{"line":48,"column":2},"end":{"line":87,"column":6}},"64":{"start":{"line":56,"column":6},"end":{"line":56,"column":16}},"65":{"start":{"line":65,"column":6},"end":{"line":65,"column":77}},"66":{"start":{"line":76,"column":6},"end":{"line":76,"column":25}},"67":{"start":{"line":85,"column":6},"end":{"line":85,"column":25}},"68":{"start":{"line":89,"column":2},"end":{"line":89,"column":17}},"69":{"start":{"line":92,"column":0},"end":{"line":92,"column":29}},"70":{"start":{"line":97,"column":0},"end":{"line":97,"column":96}},"71":{"start":{"line":102,"column":0},"end":{"line":102,"column":76}},"72":{"start":{"line":103,"column":0},"end":{"line":103,"column":36}}},"branchMap":{"1":{"line":7,"type":"binary-expr","locations":[{"start":{"line":7,"column":169},"end":{"line":7,"column":190}},{"start":{"line":7,"column":194},"end":{"line":7,"column":199}}]},"2":{"line":7,"type":"if","locations":[{"start":{"line":7,"column":233},"end":{"line":7,"column":233}},{"start":{"line":7,"column":233},"end":{"line":7,"column":233}}]},"3":{"line":7,"type":"if","locations":[{"start":{"line":7,"column":408},"end":{"line":7,"column":408}},{"start":{"line":7,"column":408},"end":{"line":7,"column":408}}]},"4":{"line":7,"type":"if","locations":[{"start":{"line":7,"column":477},"end":{"line":7,"column":477}},{"start":{"line":7,"column":477},"end":{"line":7,"column":477}}]},"5":{"line":9,"type":"if","locations":[{"start":{"line":9,"column":188},"end":{"line":9,"column":188}},{"start":{"line":9,"column":188},"end":{"line":9,"column":188}}]},"6":{"line":9,"type":"if","locations":[{"start":{"line":9,"column":300},"end":{"line":9,"column":300}},{"start":{"line":9,"column":300},"end":{"line":9,"column":300}}]},"7":{"line":9,"type":"if","locations":[{"start":{"line":9,"column":370},"end":{"line":9,"column":370}},{"start":{"line":9,"column":370},"end":{"line":9,"column":370}}]},"8":{"line":9,"type":"if","locations":[{"start":{"line":9,"column":509},"end":{"line":9,"column":509}},{"start":{"line":9,"column":509},"end":{"line":9,"column":509}}]},"9":{"line":9,"type":"if","locations":[{"start":{"line":9,"column":583},"end":{"line":9,"column":583}},{"start":{"line":9,"column":583},"end":{"line":9,"column":583}}]},"10":{"line":11,"type":"cond-expr","locations":[{"start":{"line":11,"column":70},"end":{"line":11,"column":73}},{"start":{"line":11,"column":76},"end":{"line":11,"column":94}}]},"11":{"line":11,"type":"binary-expr","locations":[{"start":{"line":11,"column":46},"end":{"line":11,"column":49}},{"start":{"line":11,"column":53},"end":{"line":11,"column":67}}]},"12":{"line":13,"type":"if","locations":[{"start":{"line":13,"column":50},"end":{"line":13,"column":50}},{"start":{"line":13,"column":50},"end":{"line":13,"column":50}}]},"13":{"line":15,"type":"if","locations":[{"start":{"line":15,"column":43},"end":{"line":15,"column":43}},{"start":{"line":15,"column":43},"end":{"line":15,"column":43}}]},"14":{"line":15,"type":"binary-expr","locations":[{"start":{"line":15,"column":47},"end":{"line":15,"column":79}},{"start":{"line":15,"column":83},"end":{"line":15,"column":102}}]},"15":{"line":15,"type":"binary-expr","locations":[{"start":{"line":15,"column":244},"end":{"line":15,"column":254}},{"start":{"line":15,"column":258},"end":{"line":15,"column":278}}]},"16":{"line":15,"type":"if","locations":[{"start":{"line":15,"column":374},"end":{"line":15,"column":374}},{"start":{"line":15,"column":374},"end":{"line":15,"column":374}}]}}},"/home/ubuntu/html-document/lib/utils/escapeHTML.js":{"path":"/home/ubuntu/html-document/lib/utils/escapeHTML.js","s":{"1":1,"2":1,"3":1,"4":20,"5":0,"6":20,"7":1},"b":{"1":[0,20]},"f":{"1":20},"fnMap":{"1":{"name":"escapeHTML","line":8,"loc":{"start":{"line":8,"column":0},"end":{"line":8,"column":28}}}},"statementMap":{"1":{"start":{"line":3,"column":0},"end":{"line":5,"column":3}},"2":{"start":{"line":6,"column":0},"end":{"line":6,"column":32}},"3":{"start":{"line":8,"column":0},"end":{"line":14,"column":1}},"4":{"start":{"line":9,"column":4},"end":{"line":11,"column":5}},"5":{"start":{"line":10,"column":8},"end":{"line":10,"column":22}},"6":{"start":{"line":13,"column":4},"end":{"line":13,"column":101}},"7":{"start":{"line":16,"column":0},"end":{"line":16,"column":36}}},"branchMap":{"1":{"line":9,"type":"if","locations":[{"start":{"line":9,"column":4},"end":{"line":9,"column":4}},{"start":{"line":9,"column":4},"end":{"line":9,"column":4}}]}}},"/home/ubuntu/html-document/lib/Node.js":{"path":"/home/ubuntu/html-document/lib/Node.js","s":{"1":1,"2":1,"3":1,"4":1,"5":11,"6":11,"7":11,"8":11,"9":10,"10":11,"11":1,"12":1,"13":1,"14":1,"15":0,"16":1,"17":1,"18":118,"19":0,"20":1,"21":1,"22":118,"23":118,"24":1,"25":15,"26":2,"27":5,"28":5,"29":21,"30":1,"31":1,"32":13,"33":0,"34":0,"35":0,"36":0,"37":0,"38":0,"39":0,"40":0,"41":0,"42":0,"43":0,"44":0,"45":0,"46":0,"47":0,"48":0,"49":0,"50":0,"51":0,"52":0,"53":0,"54":0,"55":0,"56":0,"57":0,"58":0,"59":0,"60":0,"61":0,"62":0,"63":0,"64":0,"65":0,"66":0,"67":0,"68":0,"69":0,"70":0,"71":0,"72":0,"73":0,"74":0,"75":1,"76":1,"77":1,"78":1,"79":1,"80":1,"81":1,"82":1,"83":1,"84":1,"85":1,"86":1,"87":1,"88":1,"89":1},"b":{"1":[11,11],"2":[10,1],"3":[1,0],"4":[0,1],"5":[0,118],"6":[0,0],"7":[0,0],"8":[0,0],"9":[0,0],"10":[0,0],"11":[0,0],"12":[0,0],"13":[0,0],"14":[0,0],"15":[0,0],"16":[0,0],"17":[0,0],"18":[0,0],"19":[0,0],"20":[0,0],"21":[0,0]},"f":{"1":1,"2":1,"3":1,"4":118,"5":1,"6":118,"7":15,"8":2,"9":5,"10":21,"11":1,"12":0,"13":13,"14":0,"15":0,"16":0,"17":0,"18":0,"19":0,"20":0,"21":0,"22":0},"fnMap":{"1":{"name":"(anonymous_1)","line":14,"loc":{"start":{"line":14,"column":20},"end":{"line":14,"column":32}}},"2":{"name":"defineProperties","line":14,"loc":{"start":{"line":14,"column":34},"end":{"line":14,"column":75}}},"3":{"name":"(anonymous_3)","line":14,"loc":{"start":{"line":14,"column":358},"end":{"line":14,"column":406}}},"4":{"name":"_classCallCheck","line":16,"loc":{"start":{"line":16,"column":0},"end":{"line":16,"column":48}}},"5":{"name":"(anonymous_5)","line":18,"loc":{"start":{"line":18,"column":12},"end":{"line":18,"column":24}}},"6":{"name":"Node","line":23,"loc":{"start":{"line":23,"column":4},"end":{"line":23,"column":20}}},"7":{"name":"getAttribute","line":41,"loc":{"start":{"line":41,"column":15},"end":{"line":41,"column":52}}},"8":{"name":"hasAttribute","line":54,"loc":{"start":{"line":54,"column":15},"end":{"line":54,"column":52}}},"9":{"name":"setAttribute","line":67,"loc":{"start":{"line":67,"column":15},"end":{"line":67,"column":68}}},"10":{"name":"_setAttribute","line":81,"loc":{"start":{"line":81,"column":15},"end":{"line":81,"column":69}}},"11":{"name":"removeAttribute","line":93,"loc":{"start":{"line":93,"column":15},"end":{"line":93,"column":55}}},"12":{"name":"_updatedAttribute","line":104,"loc":{"start":{"line":104,"column":15},"end":{"line":104,"column":57}}},"13":{"name":"_toHTML","line":107,"loc":{"start":{"line":107,"column":15},"end":{"line":107,"column":34}}},"14":{"name":"addEventListener","line":121,"loc":{"start":{"line":121,"column":15},"end":{"line":121,"column":78}}},"15":{"name":"removeEventListener","line":146,"loc":{"start":{"line":146,"column":15},"end":{"line":146,"column":81}}},"16":{"name":"dispatchEvent","line":166,"loc":{"start":{"line":166,"column":15},"end":{"line":166,"column":45}}},"17":{"name":"capturingPhase","line":172,"loc":{"start":{"line":172,"column":33},"end":{"line":172,"column":64}}},"18":{"name":"(anonymous_18)","line":183,"loc":{"start":{"line":183,"column":35},"end":{"line":183,"column":55}}},"19":{"name":"(anonymous_19)","line":194,"loc":{"start":{"line":194,"column":17},"end":{"line":194,"column":29}}},"20":{"name":"bubblingPhase","line":195,"loc":{"start":{"line":195,"column":40},"end":{"line":195,"column":70}}},"21":{"name":"(anonymous_21)","line":198,"loc":{"start":{"line":198,"column":43},"end":{"line":198,"column":63}}},"22":{"name":"get","line":224,"loc":{"start":{"line":224,"column":13},"end":{"line":224,"column":28}}}},"statementMap":{"1":{"start":{"line":10,"column":0},"end":{"line":12,"column":3}},"2":{"start":{"line":14,"column":0},"end":{"line":14,"column":566}},"3":{"start":{"line":14,"column":34},"end":{"line":14,"column":350}},"4":{"start":{"line":14,"column":77},"end":{"line":14,"column":348}},"5":{"start":{"line":14,"column":118},"end":{"line":14,"column":144}},"6":{"start":{"line":14,"column":145},"end":{"line":14,"column":200}},"7":{"start":{"line":14,"column":201},"end":{"line":14,"column":232}},"8":{"start":{"line":14,"column":233},"end":{"line":14,"column":287}},"9":{"start":{"line":14,"column":260},"end":{"line":14,"column":287}},"10":{"start":{"line":14,"column":288},"end":{"line":14,"column":346}},"11":{"start":{"line":14,"column":351},"end":{"line":14,"column":560}},"12":{"start":{"line":14,"column":408},"end":{"line":14,"column":476}},"13":{"start":{"line":14,"column":424},"end":{"line":14,"column":476}},"14":{"start":{"line":14,"column":477},"end":{"line":14,"column":537}},"15":{"start":{"line":14,"column":494},"end":{"line":14,"column":537}},"16":{"start":{"line":14,"column":538},"end":{"line":14,"column":557}},"17":{"start":{"line":16,"column":0},"end":{"line":16,"column":153}},"18":{"start":{"line":16,"column":50},"end":{"line":16,"column":151}},"19":{"start":{"line":16,"column":92},"end":{"line":16,"column":149}},"20":{"start":{"line":18,"column":0},"end":{"line":230,"column":5}},"21":{"start":{"line":23,"column":4},"end":{"line":27,"column":5}},"22":{"start":{"line":24,"column":8},"end":{"line":24,"column":36}},"23":{"start":{"line":26,"column":8},"end":{"line":26,"column":30}},"24":{"start":{"line":29,"column":4},"end":{"line":227,"column":8}},"25":{"start":{"line":42,"column":12},"end":{"line":42,"column":51}},"26":{"start":{"line":55,"column":12},"end":{"line":55,"column":53}},"27":{"start":{"line":68,"column":12},"end":{"line":68,"column":62}},"28":{"start":{"line":69,"column":12},"end":{"line":69,"column":83}},"29":{"start":{"line":82,"column":12},"end":{"line":82,"column":69}},"30":{"start":{"line":94,"column":12},"end":{"line":94,"column":51}},"31":{"start":{"line":95,"column":12},"end":{"line":95,"column":50}},"32":{"start":{"line":108,"column":12},"end":{"line":108,"column":34}},"33":{"start":{"line":122,"column":12},"end":{"line":122,"column":95}},"34":{"start":{"line":123,"column":12},"end":{"line":125,"column":13}},"35":{"start":{"line":124,"column":16},"end":{"line":124,"column":45}},"36":{"start":{"line":127,"column":12},"end":{"line":127,"column":38}},"37":{"start":{"line":128,"column":12},"end":{"line":132,"column":13}},"38":{"start":{"line":129,"column":16},"end":{"line":129,"column":64}},"39":{"start":{"line":131,"column":16},"end":{"line":131,"column":60}},"40":{"start":{"line":134,"column":12},"end":{"line":134,"column":37}},"41":{"start":{"line":135,"column":12},"end":{"line":135,"column":24}},"42":{"start":{"line":147,"column":12},"end":{"line":147,"column":95}},"43":{"start":{"line":148,"column":12},"end":{"line":156,"column":13}},"44":{"start":{"line":149,"column":16},"end":{"line":149,"column":64}},"45":{"start":{"line":150,"column":16},"end":{"line":150,"column":52}},"46":{"start":{"line":151,"column":16},"end":{"line":153,"column":17}},"47":{"start":{"line":152,"column":20},"end":{"line":152,"column":33}},"48":{"start":{"line":155,"column":16},"end":{"line":155,"column":39}},"49":{"start":{"line":167,"column":12},"end":{"line":167,"column":29}},"50":{"start":{"line":169,"column":12},"end":{"line":169,"column":32}},"51":{"start":{"line":172,"column":12},"end":{"line":188,"column":14}},"52":{"start":{"line":173,"column":16},"end":{"line":175,"column":17}},"53":{"start":{"line":174,"column":20},"end":{"line":174,"column":65}},"54":{"start":{"line":177,"column":16},"end":{"line":179,"column":17}},"55":{"start":{"line":178,"column":20},"end":{"line":178,"column":27}},"56":{"start":{"line":181,"column":16},"end":{"line":181,"column":105}},"57":{"start":{"line":182,"column":16},"end":{"line":187,"column":17}},"58":{"start":{"line":183,"column":20},"end":{"line":186,"column":23}},"59":{"start":{"line":184,"column":24},"end":{"line":184,"column":35}},"60":{"start":{"line":185,"column":24},"end":{"line":185,"column":65}},"61":{"start":{"line":190,"column":12},"end":{"line":190,"column":45}},"62":{"start":{"line":193,"column":12},"end":{"line":211,"column":13}},"63":{"start":{"line":194,"column":16},"end":{"line":210,"column":21}},"64":{"start":{"line":195,"column":20},"end":{"line":207,"column":22}},"65":{"start":{"line":196,"column":24},"end":{"line":196,"column":111}},"66":{"start":{"line":197,"column":24},"end":{"line":202,"column":25}},"67":{"start":{"line":198,"column":28},"end":{"line":201,"column":31}},"68":{"start":{"line":199,"column":32},"end":{"line":199,"column":43}},"69":{"start":{"line":200,"column":32},"end":{"line":200,"column":73}},"70":{"start":{"line":204,"column":24},"end":{"line":206,"column":25}},"71":{"start":{"line":205,"column":28},"end":{"line":205,"column":72}},"72":{"start":{"line":209,"column":20},"end":{"line":209,"column":53}},"73":{"start":{"line":213,"column":12},"end":{"line":213,"column":43}},"74":{"start":{"line":225,"column":12},"end":{"line":225,"column":22}},"75":{"start":{"line":229,"column":4},"end":{"line":229,"column":16}},"76":{"start":{"line":232,"column":0},"end":{"line":232,"column":26}},"77":{"start":{"line":237,"column":0},"end":{"line":237,"column":58}},"78":{"start":{"line":242,"column":0},"end":{"line":242,"column":60}},"79":{"start":{"line":247,"column":0},"end":{"line":247,"column":55}},"80":{"start":{"line":252,"column":0},"end":{"line":252,"column":64}},"81":{"start":{"line":257,"column":0},"end":{"line":257,"column":67}},"82":{"start":{"line":262,"column":0},"end":{"line":262,"column":57}},"83":{"start":{"line":267,"column":0},"end":{"line":267,"column":73}},"84":{"start":{"line":272,"column":0},"end":{"line":272,"column":58}},"85":{"start":{"line":277,"column":0},"end":{"line":277,"column":59}},"86":{"start":{"line":282,"column":0},"end":{"line":282,"column":65}},"87":{"start":{"line":287,"column":0},"end":{"line":287,"column":69}},"88":{"start":{"line":292,"column":0},"end":{"line":292,"column":60}},"89":{"start":{"line":293,"column":0},"end":{"line":293,"column":36}}},"branchMap":{"1":{"line":14,"type":"binary-expr","locations":[{"start":{"line":14,"column":169},"end":{"line":14,"column":190}},{"start":{"line":14,"column":194},"end":{"line":14,"column":199}}]},"2":{"line":14,"type":"if","locations":[{"start":{"line":14,"column":233},"end":{"line":14,"column":233}},{"start":{"line":14,"column":233},"end":{"line":14,"column":233}}]},"3":{"line":14,"type":"if","locations":[{"start":{"line":14,"column":408},"end":{"line":14,"column":408}},{"start":{"line":14,"column":408},"end":{"line":14,"column":408}}]},"4":{"line":14,"type":"if","locations":[{"start":{"line":14,"column":477},"end":{"line":14,"column":477}},{"start":{"line":14,"column":477},"end":{"line":14,"column":477}}]},"5":{"line":16,"type":"if","locations":[{"start":{"line":16,"column":50},"end":{"line":16,"column":50}},{"start":{"line":16,"column":50},"end":{"line":16,"column":50}}]},"6":{"line":122,"type":"cond-expr","locations":[{"start":{"line":122,"column":46},"end":{"line":122,"column":69}},{"start":{"line":122,"column":72},"end":{"line":122,"column":94}}]},"7":{"line":123,"type":"if","locations":[{"start":{"line":123,"column":12},"end":{"line":123,"column":12}},{"start":{"line":123,"column":12},"end":{"line":123,"column":12}}]},"8":{"line":128,"type":"if","locations":[{"start":{"line":128,"column":12},"end":{"line":128,"column":12}},{"start":{"line":128,"column":12},"end":{"line":128,"column":12}}]},"9":{"line":147,"type":"cond-expr","locations":[{"start":{"line":147,"column":46},"end":{"line":147,"column":69}},{"start":{"line":147,"column":72},"end":{"line":147,"column":94}}]},"10":{"line":148,"type":"if","locations":[{"start":{"line":148,"column":12},"end":{"line":148,"column":12}},{"start":{"line":148,"column":12},"end":{"line":148,"column":12}}]},"11":{"line":148,"type":"binary-expr","locations":[{"start":{"line":148,"column":16},"end":{"line":148,"column":32}},{"start":{"line":148,"column":36},"end":{"line":148,"column":67}}]},"12":{"line":151,"type":"if","locations":[{"start":{"line":151,"column":16},"end":{"line":151,"column":16}},{"start":{"line":151,"column":16},"end":{"line":151,"column":16}}]},"13":{"line":173,"type":"if","locations":[{"start":{"line":173,"column":16},"end":{"line":173,"column":16}},{"start":{"line":173,"column":16},"end":{"line":173,"column":16}}]},"14":{"line":177,"type":"if","locations":[{"start":{"line":177,"column":16},"end":{"line":177,"column":16}},{"start":{"line":177,"column":16},"end":{"line":177,"column":16}}]},"15":{"line":181,"type":"binary-expr","locations":[{"start":{"line":181,"column":32},"end":{"line":181,"column":58}},{"start":{"line":181,"column":62},"end":{"line":181,"column":104}}]},"16":{"line":182,"type":"if","locations":[{"start":{"line":182,"column":16},"end":{"line":182,"column":16}},{"start":{"line":182,"column":16},"end":{"line":182,"column":16}}]},"17":{"line":193,"type":"if","locations":[{"start":{"line":193,"column":12},"end":{"line":193,"column":12}},{"start":{"line":193,"column":12},"end":{"line":193,"column":12}}]},"18":{"line":196,"type":"binary-expr","locations":[{"start":{"line":196,"column":40},"end":{"line":196,"column":65}},{"start":{"line":196,"column":69},"end":{"line":196,"column":110}}]},"19":{"line":197,"type":"if","locations":[{"start":{"line":197,"column":24},"end":{"line":197,"column":24}},{"start":{"line":197,"column":24},"end":{"line":197,"column":24}}]},"20":{"line":204,"type":"if","locations":[{"start":{"line":204,"column":24},"end":{"line":204,"column":24}},{"start":{"line":204,"column":24},"end":{"line":204,"column":24}}]},"21":{"line":204,"type":"binary-expr","locations":[{"start":{"line":204,"column":28},"end":{"line":204,"column":53}},{"start":{"line":204,"column":57},"end":{"line":204,"column":73}}]}}},"/home/ubuntu/html-document/lib/Document.js":{"path":"/home/ubuntu/html-document/lib/Document.js","s":{"1":1,"2":1,"3":1,"4":1,"5":9,"6":9,"7":9,"8":9,"9":9,"10":9,"11":1,"12":1,"13":1,"14":1,"15":0,"16":1,"17":1,"18":8,"19":8,"20":8,"21":8,"22":8,"23":8,"24":8,"25":0,"26":8,"27":8,"28":0,"29":0,"30":0,"31":0,"32":0,"33":0,"34":0,"35":0,"36":8,"37":8,"38":0,"39":0,"40":0,"41":0,"42":1,"43":7,"44":1,"45":8,"46":0,"47":1,"48":1,"49":0,"50":1,"51":1,"52":1,"53":1,"54":1,"55":1,"56":1,"57":1,"58":1,"59":1,"60":1,"61":1,"62":1,"63":1,"64":1,"65":1,"66":1,"67":1,"68":1,"69":1,"70":8,"71":8,"72":8,"73":8,"74":8,"75":8,"76":8,"77":1,"78":0,"79":0,"80":0,"81":5,"82":5,"83":5,"84":69,"85":69,"86":0,"87":0,"88":0,"89":0,"90":69,"91":69,"92":69,"93":69,"94":6,"95":6,"96":6,"97":0,"98":0,"99":0,"100":0,"101":0,"102":1,"103":1,"104":1,"105":1},"b":{"1":[9,9],"2":[9,0],"3":[1,0],"4":[0,1],"5":[0,8],"6":[0,8],"7":[0,0],"8":[8,0],"9":[0,0],"10":[0,7],"11":[7,7],"12":[0,8],"13":[0,1],"14":[1,0],"15":[1,1],"16":[1,0],"17":[0,0,69]},"f":{"1":1,"2":1,"3":1,"4":8,"5":7,"6":8,"7":1,"8":1,"9":8,"10":0,"11":5,"12":69,"13":6,"14":0,"15":0,"16":0,"17":0,"18":0},"fnMap":{"1":{"name":"(anonymous_1)","line":7,"loc":{"start":{"line":7,"column":20},"end":{"line":7,"column":32}}},"2":{"name":"defineProperties","line":7,"loc":{"start":{"line":7,"column":34},"end":{"line":7,"column":75}}},"3":{"name":"(anonymous_3)","line":7,"loc":{"start":{"line":7,"column":358},"end":{"line":7,"column":406}}},"4":{"name":"get","line":9,"loc":{"start":{"line":9,"column":11},"end":{"line":9,"column":38}}},"5":{"name":"_interopRequireDefault","line":11,"loc":{"start":{"line":11,"column":0},"end":{"line":11,"column":37}}},"6":{"name":"_classCallCheck","line":13,"loc":{"start":{"line":13,"column":0},"end":{"line":13,"column":48}}},"7":{"name":"_inherits","line":15,"loc":{"start":{"line":15,"column":0},"end":{"line":15,"column":41}}},"8":{"name":"(anonymous_8)","line":53,"loc":{"start":{"line":53,"column":16},"end":{"line":53,"column":33}}},"9":{"name":"Document","line":60,"loc":{"start":{"line":60,"column":4},"end":{"line":60,"column":24}}},"10":{"name":"createComment","line":83,"loc":{"start":{"line":83,"column":15},"end":{"line":83,"column":57}}},"11":{"name":"createDocumentFragment","line":99,"loc":{"start":{"line":99,"column":15},"end":{"line":99,"column":49}}},"12":{"name":"createElement","line":116,"loc":{"start":{"line":116,"column":15},"end":{"line":116,"column":57}}},"13":{"name":"createTextNode","line":144,"loc":{"start":{"line":144,"column":15},"end":{"line":144,"column":52}}},"14":{"name":"getElementById","line":161,"loc":{"start":{"line":161,"column":15},"end":{"line":161,"column":43}}},"15":{"name":"getElementsByTagName","line":179,"loc":{"start":{"line":179,"column":15},"end":{"line":179,"column":62}}},"16":{"name":"getElementsByClassName","line":184,"loc":{"start":{"line":184,"column":15},"end":{"line":184,"column":58}}},"17":{"name":"querySelector","line":189,"loc":{"start":{"line":189,"column":15},"end":{"line":189,"column":40}}},"18":{"name":"querySelectorAll","line":194,"loc":{"start":{"line":194,"column":15},"end":{"line":194,"column":43}}}},"statementMap":{"1":{"start":{"line":3,"column":0},"end":{"line":5,"column":3}},"2":{"start":{"line":7,"column":0},"end":{"line":7,"column":566}},"3":{"start":{"line":7,"column":34},"end":{"line":7,"column":350}},"4":{"start":{"line":7,"column":77},"end":{"line":7,"column":348}},"5":{"start":{"line":7,"column":118},"end":{"line":7,"column":144}},"6":{"start":{"line":7,"column":145},"end":{"line":7,"column":200}},"7":{"start":{"line":7,"column":201},"end":{"line":7,"column":232}},"8":{"start":{"line":7,"column":233},"end":{"line":7,"column":287}},"9":{"start":{"line":7,"column":260},"end":{"line":7,"column":287}},"10":{"start":{"line":7,"column":288},"end":{"line":7,"column":346}},"11":{"start":{"line":7,"column":351},"end":{"line":7,"column":560}},"12":{"start":{"line":7,"column":408},"end":{"line":7,"column":476}},"13":{"start":{"line":7,"column":424},"end":{"line":7,"column":476}},"14":{"start":{"line":7,"column":477},"end":{"line":7,"column":537}},"15":{"start":{"line":7,"column":494},"end":{"line":7,"column":537}},"16":{"start":{"line":7,"column":538},"end":{"line":7,"column":557}},"17":{"start":{"line":9,"column":0},"end":{"line":9,"column":667}},"18":{"start":{"line":9,"column":40},"end":{"line":9,"column":58}},"19":{"start":{"line":9,"column":59},"end":{"line":9,"column":664}},"20":{"start":{"line":9,"column":70},"end":{"line":9,"column":664}},"21":{"start":{"line":9,"column":87},"end":{"line":9,"column":135}},"22":{"start":{"line":9,"column":136},"end":{"line":9,"column":171}},"23":{"start":{"line":9,"column":172},"end":{"line":9,"column":187}},"24":{"start":{"line":9,"column":188},"end":{"line":9,"column":237}},"25":{"start":{"line":9,"column":209},"end":{"line":9,"column":237}},"26":{"start":{"line":9,"column":238},"end":{"line":9,"column":299}},"27":{"start":{"line":9,"column":300},"end":{"line":9,"column":662}},"28":{"start":{"line":9,"column":326},"end":{"line":9,"column":369}},"29":{"start":{"line":9,"column":370},"end":{"line":9,"column":501}},"30":{"start":{"line":9,"column":393},"end":{"line":9,"column":410}},"31":{"start":{"line":9,"column":420},"end":{"line":9,"column":432}},"32":{"start":{"line":9,"column":433},"end":{"line":9,"column":448}},"33":{"start":{"line":9,"column":449},"end":{"line":9,"column":464}},"34":{"start":{"line":9,"column":465},"end":{"line":9,"column":479}},"35":{"start":{"line":9,"column":480},"end":{"line":9,"column":499}},"36":{"start":{"line":9,"column":509},"end":{"line":9,"column":662}},"37":{"start":{"line":9,"column":532},"end":{"line":9,"column":550}},"38":{"start":{"line":9,"column":560},"end":{"line":9,"column":582}},"39":{"start":{"line":9,"column":583},"end":{"line":9,"column":630}},"40":{"start":{"line":9,"column":611},"end":{"line":9,"column":628}},"41":{"start":{"line":9,"column":631},"end":{"line":9,"column":660}},"42":{"start":{"line":11,"column":0},"end":{"line":11,"column":97}},"43":{"start":{"line":11,"column":39},"end":{"line":11,"column":95}},"44":{"start":{"line":13,"column":0},"end":{"line":13,"column":153}},"45":{"start":{"line":13,"column":50},"end":{"line":13,"column":151}},"46":{"start":{"line":13,"column":92},"end":{"line":13,"column":149}},"47":{"start":{"line":15,"column":0},"end":{"line":15,"column":424}},"48":{"start":{"line":15,"column":43},"end":{"line":15,"column":208}},"49":{"start":{"line":15,"column":106},"end":{"line":15,"column":206}},"50":{"start":{"line":15,"column":209},"end":{"line":15,"column":373}},"51":{"start":{"line":15,"column":374},"end":{"line":15,"column":422}},"52":{"start":{"line":15,"column":390},"end":{"line":15,"column":422}},"53":{"start":{"line":17,"column":0},"end":{"line":17,"column":31}},"54":{"start":{"line":19,"column":0},"end":{"line":19,"column":44}},"55":{"start":{"line":21,"column":0},"end":{"line":21,"column":36}},"56":{"start":{"line":23,"column":0},"end":{"line":23,"column":49}},"57":{"start":{"line":25,"column":0},"end":{"line":25,"column":54}},"58":{"start":{"line":27,"column":0},"end":{"line":27,"column":67}},"59":{"start":{"line":29,"column":0},"end":{"line":29,"column":44}},"60":{"start":{"line":31,"column":0},"end":{"line":31,"column":57}},"61":{"start":{"line":33,"column":0},"end":{"line":33,"column":30}},"62":{"start":{"line":35,"column":0},"end":{"line":35,"column":43}},"63":{"start":{"line":39,"column":0},"end":{"line":39,"column":96}},"64":{"start":{"line":41,"column":0},"end":{"line":41,"column":107}},"65":{"start":{"line":43,"column":0},"end":{"line":43,"column":96}},"66":{"start":{"line":45,"column":0},"end":{"line":45,"column":107}},"67":{"start":{"line":53,"column":0},"end":{"line":200,"column":22}},"68":{"start":{"line":54,"column":4},"end":{"line":54,"column":31}},"69":{"start":{"line":60,"column":4},"end":{"line":69,"column":5}},"70":{"start":{"line":61,"column":8},"end":{"line":61,"column":40}},"71":{"start":{"line":63,"column":8},"end":{"line":63,"column":88}},"72":{"start":{"line":64,"column":8},"end":{"line":64,"column":58}},"73":{"start":{"line":65,"column":8},"end":{"line":65,"column":47}},"74":{"start":{"line":66,"column":8},"end":{"line":66,"column":52}},"75":{"start":{"line":67,"column":8},"end":{"line":67,"column":47}},"76":{"start":{"line":68,"column":8},"end":{"line":68,"column":52}},"77":{"start":{"line":71,"column":4},"end":{"line":197,"column":8}},"78":{"start":{"line":84,"column":12},"end":{"line":84,"column":57}},"79":{"start":{"line":85,"column":12},"end":{"line":85,"column":41}},"80":{"start":{"line":86,"column":12},"end":{"line":86,"column":27}},"81":{"start":{"line":100,"column":12},"end":{"line":100,"column":63}},"82":{"start":{"line":101,"column":12},"end":{"line":101,"column":42}},"83":{"start":{"line":102,"column":12},"end":{"line":102,"column":28}},"84":{"start":{"line":117,"column":12},"end":{"line":117,"column":36}},"85":{"start":{"line":118,"column":12},"end":{"line":128,"column":13}},"86":{"start":{"line":120,"column":20},"end":{"line":120,"column":86}},"87":{"start":{"line":121,"column":20},"end":{"line":121,"column":26}},"88":{"start":{"line":123,"column":20},"end":{"line":123,"column":86}},"89":{"start":{"line":124,"column":20},"end":{"line":124,"column":26}},"90":{"start":{"line":126,"column":20},"end":{"line":126,"column":61}},"91":{"start":{"line":127,"column":20},"end":{"line":127,"column":44}},"92":{"start":{"line":129,"column":12},"end":{"line":129,"column":41}},"93":{"start":{"line":130,"column":12},"end":{"line":130,"column":27}},"94":{"start":{"line":145,"column":12},"end":{"line":145,"column":58}},"95":{"start":{"line":146,"column":12},"end":{"line":146,"column":38}},"96":{"start":{"line":147,"column":12},"end":{"line":147,"column":24}},"97":{"start":{"line":162,"column":12},"end":{"line":162,"column":59}},"98":{"start":{"line":180,"column":12},"end":{"line":180,"column":78}},"99":{"start":{"line":185,"column":12},"end":{"line":185,"column":47}},"100":{"start":{"line":190,"column":12},"end":{"line":190,"column":47}},"101":{"start":{"line":195,"column":12},"end":{"line":195,"column":47}},"102":{"start":{"line":199,"column":4},"end":{"line":199,"column":20}},"103":{"start":{"line":202,"column":0},"end":{"line":202,"column":30}},"104":{"start":{"line":207,"column":0},"end":{"line":207,"column":98}},"105":{"start":{"line":208,"column":0},"end":{"line":208,"column":36}}},"branchMap":{"1":{"line":7,"type":"binary-expr","locations":[{"start":{"line":7,"column":169},"end":{"line":7,"column":190}},{"start":{"line":7,"column":194},"end":{"line":7,"column":199}}]},"2":{"line":7,"type":"if","locations":[{"start":{"line":7,"column":233},"end":{"line":7,"column":233}},{"start":{"line":7,"column":233},"end":{"line":7,"column":233}}]},"3":{"line":7,"type":"if","locations":[{"start":{"line":7,"column":408},"end":{"line":7,"column":408}},{"start":{"line":7,"column":408},"end":{"line":7,"column":408}}]},"4":{"line":7,"type":"if","locations":[{"start":{"line":7,"column":477},"end":{"line":7,"column":477}},{"start":{"line":7,"column":477},"end":{"line":7,"column":477}}]},"5":{"line":9,"type":"if","locations":[{"start":{"line":9,"column":188},"end":{"line":9,"column":188}},{"start":{"line":9,"column":188},"end":{"line":9,"column":188}}]},"6":{"line":9,"type":"if","locations":[{"start":{"line":9,"column":300},"end":{"line":9,"column":300}},{"start":{"line":9,"column":300},"end":{"line":9,"column":300}}]},"7":{"line":9,"type":"if","locations":[{"start":{"line":9,"column":370},"end":{"line":9,"column":370}},{"start":{"line":9,"column":370},"end":{"line":9,"column":370}}]},"8":{"line":9,"type":"if","locations":[{"start":{"line":9,"column":509},"end":{"line":9,"column":509}},{"start":{"line":9,"column":509},"end":{"line":9,"column":509}}]},"9":{"line":9,"type":"if","locations":[{"start":{"line":9,"column":583},"end":{"line":9,"column":583}},{"start":{"line":9,"column":583},"end":{"line":9,"column":583}}]},"10":{"line":11,"type":"cond-expr","locations":[{"start":{"line":11,"column":70},"end":{"line":11,"column":73}},{"start":{"line":11,"column":76},"end":{"line":11,"column":94}}]},"11":{"line":11,"type":"binary-expr","locations":[{"start":{"line":11,"column":46},"end":{"line":11,"column":49}},{"start":{"line":11,"column":53},"end":{"line":11,"column":67}}]},"12":{"line":13,"type":"if","locations":[{"start":{"line":13,"column":50},"end":{"line":13,"column":50}},{"start":{"line":13,"column":50},"end":{"line":13,"column":50}}]},"13":{"line":15,"type":"if","locations":[{"start":{"line":15,"column":43},"end":{"line":15,"column":43}},{"start":{"line":15,"column":43},"end":{"line":15,"column":43}}]},"14":{"line":15,"type":"binary-expr","locations":[{"start":{"line":15,"column":47},"end":{"line":15,"column":79}},{"start":{"line":15,"column":83},"end":{"line":15,"column":102}}]},"15":{"line":15,"type":"binary-expr","locations":[{"start":{"line":15,"column":244},"end":{"line":15,"column":254}},{"start":{"line":15,"column":258},"end":{"line":15,"column":278}}]},"16":{"line":15,"type":"if","locations":[{"start":{"line":15,"column":374},"end":{"line":15,"column":374}},{"start":{"line":15,"column":374},"end":{"line":15,"column":374}}]},"17":{"line":118,"type":"switch","locations":[{"start":{"line":119,"column":16},"end":{"line":121,"column":26}},{"start":{"line":122,"column":16},"end":{"line":124,"column":26}},{"start":{"line":125,"column":16},"end":{"line":127,"column":44}}]}}},"/home/ubuntu/html-document/lib/DocumentFragment.js":{"path":"/home/ubuntu/html-document/lib/DocumentFragment.js","s":{"1":1,"2":1,"3":1,"4":1,"5":1,"6":1,"7":1,"8":1,"9":0,"10":1,"11":1,"12":1,"13":1,"14":1,"15":0,"16":1,"17":1,"18":5,"19":5,"20":5,"21":5,"22":5,"23":5,"24":5,"25":0,"26":5,"27":5,"28":0,"29":0,"30":0,"31":0,"32":0,"33":0,"34":0,"35":0,"36":5,"37":5,"38":0,"39":0,"40":0,"41":0,"42":1,"43":2,"44":1,"45":5,"46":0,"47":1,"48":1,"49":0,"50":1,"51":1,"52":1,"53":1,"54":1,"55":1,"56":1,"57":1,"58":1,"59":1,"60":5,"61":5,"62":1,"63":0,"64":1,"65":1,"66":1,"67":1},"b":{"1":[1,1],"2":[0,1],"3":[1,0],"4":[0,1],"5":[0,5],"6":[0,5],"7":[0,0],"8":[5,0],"9":[0,0],"10":[0,2],"11":[2,2],"12":[0,5],"13":[0,1],"14":[1,0],"15":[1,1],"16":[1,0]},"f":{"1":1,"2":1,"3":1,"4":5,"5":2,"6":5,"7":1,"8":1,"9":5,"10":0},"fnMap":{"1":{"name":"(anonymous_1)","line":7,"loc":{"start":{"line":7,"column":20},"end":{"line":7,"column":32}}},"2":{"name":"defineProperties","line":7,"loc":{"start":{"line":7,"column":34},"end":{"line":7,"column":75}}},"3":{"name":"(anonymous_3)","line":7,"loc":{"start":{"line":7,"column":358},"end":{"line":7,"column":406}}},"4":{"name":"get","line":9,"loc":{"start":{"line":9,"column":11},"end":{"line":9,"column":38}}},"5":{"name":"_interopRequireDefault","line":11,"loc":{"start":{"line":11,"column":0},"end":{"line":11,"column":37}}},"6":{"name":"_classCallCheck","line":13,"loc":{"start":{"line":13,"column":0},"end":{"line":13,"column":48}}},"7":{"name":"_inherits","line":15,"loc":{"start":{"line":15,"column":0},"end":{"line":15,"column":41}}},"8":{"name":"(anonymous_8)","line":34,"loc":{"start":{"line":34,"column":24},"end":{"line":34,"column":47}}},"9":{"name":"DocumentFragment","line":37,"loc":{"start":{"line":37,"column":2},"end":{"line":37,"column":30}}},"10":{"name":"get","line":49,"loc":{"start":{"line":49,"column":9},"end":{"line":49,"column":24}}}},"statementMap":{"1":{"start":{"line":3,"column":0},"end":{"line":5,"column":3}},"2":{"start":{"line":7,"column":0},"end":{"line":7,"column":566}},"3":{"start":{"line":7,"column":34},"end":{"line":7,"column":350}},"4":{"start":{"line":7,"column":77},"end":{"line":7,"column":348}},"5":{"start":{"line":7,"column":118},"end":{"line":7,"column":144}},"6":{"start":{"line":7,"column":145},"end":{"line":7,"column":200}},"7":{"start":{"line":7,"column":201},"end":{"line":7,"column":232}},"8":{"start":{"line":7,"column":233},"end":{"line":7,"column":287}},"9":{"start":{"line":7,"column":260},"end":{"line":7,"column":287}},"10":{"start":{"line":7,"column":288},"end":{"line":7,"column":346}},"11":{"start":{"line":7,"column":351},"end":{"line":7,"column":560}},"12":{"start":{"line":7,"column":408},"end":{"line":7,"column":476}},"13":{"start":{"line":7,"column":424},"end":{"line":7,"column":476}},"14":{"start":{"line":7,"column":477},"end":{"line":7,"column":537}},"15":{"start":{"line":7,"column":494},"end":{"line":7,"column":537}},"16":{"start":{"line":7,"column":538},"end":{"line":7,"column":557}},"17":{"start":{"line":9,"column":0},"end":{"line":9,"column":667}},"18":{"start":{"line":9,"column":40},"end":{"line":9,"column":58}},"19":{"start":{"line":9,"column":59},"end":{"line":9,"column":664}},"20":{"start":{"line":9,"column":70},"end":{"line":9,"column":664}},"21":{"start":{"line":9,"column":87},"end":{"line":9,"column":135}},"22":{"start":{"line":9,"column":136},"end":{"line":9,"column":171}},"23":{"start":{"line":9,"column":172},"end":{"line":9,"column":187}},"24":{"start":{"line":9,"column":188},"end":{"line":9,"column":237}},"25":{"start":{"line":9,"column":209},"end":{"line":9,"column":237}},"26":{"start":{"line":9,"column":238},"end":{"line":9,"column":299}},"27":{"start":{"line":9,"column":300},"end":{"line":9,"column":662}},"28":{"start":{"line":9,"column":326},"end":{"line":9,"column":369}},"29":{"start":{"line":9,"column":370},"end":{"line":9,"column":501}},"30":{"start":{"line":9,"column":393},"end":{"line":9,"column":410}},"31":{"start":{"line":9,"column":420},"end":{"line":9,"column":432}},"32":{"start":{"line":9,"column":433},"end":{"line":9,"column":448}},"33":{"start":{"line":9,"column":449},"end":{"line":9,"column":464}},"34":{"start":{"line":9,"column":465},"end":{"line":9,"column":479}},"35":{"start":{"line":9,"column":480},"end":{"line":9,"column":499}},"36":{"start":{"line":9,"column":509},"end":{"line":9,"column":662}},"37":{"start":{"line":9,"column":532},"end":{"line":9,"column":550}},"38":{"start":{"line":9,"column":560},"end":{"line":9,"column":582}},"39":{"start":{"line":9,"column":583},"end":{"line":9,"column":630}},"40":{"start":{"line":9,"column":611},"end":{"line":9,"column":628}},"41":{"start":{"line":9,"column":631},"end":{"line":9,"column":660}},"42":{"start":{"line":11,"column":0},"end":{"line":11,"column":97}},"43":{"start":{"line":11,"column":39},"end":{"line":11,"column":95}},"44":{"start":{"line":13,"column":0},"end":{"line":13,"column":153}},"45":{"start":{"line":13,"column":50},"end":{"line":13,"column":151}},"46":{"start":{"line":13,"column":92},"end":{"line":13,"column":149}},"47":{"start":{"line":15,"column":0},"end":{"line":15,"column":424}},"48":{"start":{"line":15,"column":43},"end":{"line":15,"column":208}},"49":{"start":{"line":15,"column":106},"end":{"line":15,"column":206}},"50":{"start":{"line":15,"column":209},"end":{"line":15,"column":373}},"51":{"start":{"line":15,"column":374},"end":{"line":15,"column":422}},"52":{"start":{"line":15,"column":390},"end":{"line":15,"column":422}},"53":{"start":{"line":17,"column":0},"end":{"line":17,"column":30}},"54":{"start":{"line":19,"column":0},"end":{"line":19,"column":43}},"55":{"start":{"line":21,"column":0},"end":{"line":21,"column":43}},"56":{"start":{"line":23,"column":0},"end":{"line":23,"column":56}},"57":{"start":{"line":34,"column":0},"end":{"line":55,"column":28}},"58":{"start":{"line":35,"column":2},"end":{"line":35,"column":43}},"59":{"start":{"line":37,"column":2},"end":{"line":41,"column":3}},"60":{"start":{"line":38,"column":4},"end":{"line":38,"column":44}},"61":{"start":{"line":40,"column":4},"end":{"line":40,"column":104}},"62":{"start":{"line":43,"column":2},"end":{"line":52,"column":6}},"63":{"start":{"line":50,"column":6},"end":{"line":50,"column":28}},"64":{"start":{"line":54,"column":2},"end":{"line":54,"column":26}},"65":{"start":{"line":57,"column":0},"end":{"line":57,"column":38}},"66":{"start":{"line":62,"column":0},"end":{"line":62,"column":115}},"67":{"start":{"line":63,"column":0},"end":{"line":63,"column":36}}},"branchMap":{"1":{"line":7,"type":"binary-expr","locations":[{"start":{"line":7,"column":169},"end":{"line":7,"column":190}},{"start":{"line":7,"column":194},"end":{"line":7,"column":199}}]},"2":{"line":7,"type":"if","locations":[{"start":{"line":7,"column":233},"end":{"line":7,"column":233}},{"start":{"line":7,"column":233},"end":{"line":7,"column":233}}]},"3":{"line":7,"type":"if","locations":[{"start":{"line":7,"column":408},"end":{"line":7,"column":408}},{"start":{"line":7,"column":408},"end":{"line":7,"column":408}}]},"4":{"line":7,"type":"if","locations":[{"start":{"line":7,"column":477},"end":{"line":7,"column":477}},{"start":{"line":7,"column":477},"end":{"line":7,"column":477}}]},"5":{"line":9,"type":"if","locations":[{"start":{"line":9,"column":188},"end":{"line":9,"column":188}},{"start":{"line":9,"column":188},"end":{"line":9,"column":188}}]},"6":{"line":9,"type":"if","locations":[{"start":{"line":9,"column":300},"end":{"line":9,"column":300}},{"start":{"line":9,"column":300},"end":{"line":9,"column":300}}]},"7":{"line":9,"type":"if","locations":[{"start":{"line":9,"column":370},"end":{"line":9,"column":370}},{"start":{"line":9,"column":370},"end":{"line":9,"column":370}}]},"8":{"line":9,"type":"if","locations":[{"start":{"line":9,"column":509},"end":{"line":9,"column":509}},{"start":{"line":9,"column":509},"end":{"line":9,"column":509}}]},"9":{"line":9,"type":"if","locations":[{"start":{"line":9,"column":583},"end":{"line":9,"column":583}},{"start":{"line":9,"column":583},"end":{"line":9,"column":583}}]},"10":{"line":11,"type":"cond-expr","locations":[{"start":{"line":11,"column":70},"end":{"line":11,"column":73}},{"start":{"line":11,"column":76},"end":{"line":11,"column":94}}]},"11":{"line":11,"type":"binary-expr","locations":[{"start":{"line":11,"column":46},"end":{"line":11,"column":49}},{"start":{"line":11,"column":53},"end":{"line":11,"column":67}}]},"12":{"line":13,"type":"if","locations":[{"start":{"line":13,"column":50},"end":{"line":13,"column":50}},{"start":{"line":13,"column":50},"end":{"line":13,"column":50}}]},"13":{"line":15,"type":"if","locations":[{"start":{"line":15,"column":43},"end":{"line":15,"column":43}},{"start":{"line":15,"column":43},"end":{"line":15,"column":43}}]},"14":{"line":15,"type":"binary-expr","locations":[{"start":{"line":15,"column":47},"end":{"line":15,"column":79}},{"start":{"line":15,"column":83},"end":{"line":15,"column":102}}]},"15":{"line":15,"type":"binary-expr","locations":[{"start":{"line":15,"column":244},"end":{"line":15,"column":254}},{"start":{"line":15,"column":258},"end":{"line":15,"column":278}}]},"16":{"line":15,"type":"if","locations":[{"start":{"line":15,"column":374},"end":{"line":15,"column":374}},{"start":{"line":15,"column":374},"end":{"line":15,"column":374}}]}}},"/home/ubuntu/html-document/lib/ParentNode.js":{"path":"/home/ubuntu/html-document/lib/ParentNode.js","s":{"1":1,"2":1,"3":1,"4":1,"5":14,"6":14,"7":14,"8":14,"9":6,"10":14,"11":1,"12":1,"13":1,"14":1,"15":0,"16":1,"17":1,"18":102,"19":102,"20":102,"21":102,"22":102,"23":102,"24":102,"25":0,"26":102,"27":102,"28":0,"29":0,"30":0,"31":0,"32":0,"33":0,"34":0,"35":0,"36":102,"37":102,"38":0,"39":0,"40":0,"41":0,"42":1,"43":2,"44":1,"45":102,"46":0,"47":1,"48":1,"49":0,"50":1,"51":1,"52":1,"53":1,"54":1,"55":1,"56":1,"57":1,"58":1,"59":1,"60":102,"61":102,"62":102,"63":1,"64":0,"65":0,"66":0,"67":0,"68":0,"69":0,"70":0,"71":0,"72":0,"73":0,"74":0,"75":0,"76":0,"77":0,"78":57,"79":0,"80":57,"81":1,"82":57,"83":1,"84":1,"85":2,"86":2,"87":1,"88":56,"89":56,"90":56,"91":4,"92":4,"93":1,"94":3,"95":0,"96":3,"97":2,"98":2,"99":2,"100":3,"101":3,"102":3,"103":2,"104":1,"105":1,"106":3,"107":3,"108":11,"109":11,"110":1,"111":10,"112":10,"113":10,"114":4,"115":4,"116":1,"117":3,"118":0,"119":3,"120":1,"121":1,"122":1,"123":2,"124":2,"125":2,"126":1,"127":2,"128":2,"129":3,"130":31,"131":10,"132":27,"133":11,"134":3,"135":3,"136":0,"137":3,"138":3,"139":3,"140":0,"141":3,"142":20,"143":26,"144":2,"145":2,"146":4,"147":3,"148":1,"149":1,"150":1},"b":{"1":[14,14],"2":[6,8],"3":[1,0],"4":[0,1],"5":[0,102],"6":[0,102],"7":[0,0],"8":[102,0],"9":[0,0],"10":[0,2],"11":[2,2],"12":[0,102],"13":[0,1],"14":[1,0],"15":[1,1],"16":[1,0],"17":[0,0],"18":[0,0],"19":[0,0],"20":[0,0],"21":[0,57],"22":[1,56],"23":[1,56],"24":[1,3],"25":[0,3],"26":[2,1],"27":[1,10],"28":[1,3],"29":[0,3],"30":[1,2],"31":[10,0],"32":[27,5],"33":[11,1],"34":[0,3],"35":[3,1,2],"36":[0,3],"37":[3,2]},"f":{"1":1,"2":1,"3":1,"4":102,"5":2,"6":102,"7":1,"8":1,"9":102,"10":0,"11":0,"12":0,"13":0,"14":57,"15":4,"16":11,"17":4,"18":31,"19":10,"20":27,"21":11,"22":3,"23":3,"24":20,"25":26,"26":2,"27":4,"28":3},"fnMap":{"1":{"name":"(anonymous_1)","line":7,"loc":{"start":{"line":7,"column":20},"end":{"line":7,"column":32}}},"2":{"name":"defineProperties","line":7,"loc":{"start":{"line":7,"column":34},"end":{"line":7,"column":75}}},"3":{"name":"(anonymous_3)","line":7,"loc":{"start":{"line":7,"column":358},"end":{"line":7,"column":406}}},"4":{"name":"get","line":9,"loc":{"start":{"line":9,"column":11},"end":{"line":9,"column":38}}},"5":{"name":"_interopRequireDefault","line":11,"loc":{"start":{"line":11,"column":0},"end":{"line":11,"column":37}}},"6":{"name":"_classCallCheck","line":13,"loc":{"start":{"line":13,"column":0},"end":{"line":13,"column":48}}},"7":{"name":"_inherits","line":15,"loc":{"start":{"line":15,"column":0},"end":{"line":15,"column":41}}},"8":{"name":"(anonymous_8)","line":33,"loc":{"start":{"line":33,"column":18},"end":{"line":33,"column":35}}},"9":{"name":"ParentNode","line":36,"loc":{"start":{"line":36,"column":4},"end":{"line":36,"column":26}}},"10":{"name":"_childNodesRecursiveForEach","line":45,"loc":{"start":{"line":45,"column":15},"end":{"line":45,"column":62}}},"11":{"name":"(anonymous_11)","line":46,"loc":{"start":{"line":46,"column":37},"end":{"line":46,"column":53}}},"12":{"name":"_childNodesRecursiveFind","line":55,"loc":{"start":{"line":55,"column":15},"end":{"line":55,"column":59}}},"13":{"name":"(anonymous_13)","line":57,"loc":{"start":{"line":57,"column":34},"end":{"line":57,"column":50}}},"14":{"name":"appendChild","line":80,"loc":{"start":{"line":80,"column":15},"end":{"line":80,"column":43}}},"15":{"name":"replaceChild","line":113,"loc":{"start":{"line":113,"column":15},"end":{"line":113,"column":57}}},"16":{"name":"removeChild","line":150,"loc":{"start":{"line":150,"column":15},"end":{"line":150,"column":51}}},"17":{"name":"insertBefore","line":169,"loc":{"start":{"line":169,"column":15},"end":{"line":169,"column":59}}},"18":{"name":"get","line":205,"loc":{"start":{"line":205,"column":13},"end":{"line":205,"column":28}}},"19":{"name":"get","line":215,"loc":{"start":{"line":215,"column":13},"end":{"line":215,"column":28}}},"20":{"name":"get","line":225,"loc":{"start":{"line":225,"column":13},"end":{"line":225,"column":28}}},"21":{"name":"get","line":235,"loc":{"start":{"line":235,"column":13},"end":{"line":235,"column":28}}},"22":{"name":"get","line":245,"loc":{"start":{"line":245,"column":13},"end":{"line":245,"column":28}}},"23":{"name":"get","line":260,"loc":{"start":{"line":260,"column":13},"end":{"line":260,"column":28}}},"24":{"name":"get","line":275,"loc":{"start":{"line":275,"column":13},"end":{"line":275,"column":28}}},"25":{"name":"(anonymous_25)","line":276,"loc":{"start":{"line":276,"column":43},"end":{"line":276,"column":66}}},"26":{"name":"set","line":285,"loc":{"start":{"line":285,"column":13},"end":{"line":285,"column":32}}},"27":{"name":"get","line":296,"loc":{"start":{"line":296,"column":13},"end":{"line":296,"column":28}}},"28":{"name":"(anonymous_28)","line":297,"loc":{"start":{"line":297,"column":43},"end":{"line":297,"column":66}}}},"statementMap":{"1":{"start":{"line":3,"column":0},"end":{"line":5,"column":3}},"2":{"start":{"line":7,"column":0},"end":{"line":7,"column":566}},"3":{"start":{"line":7,"column":34},"end":{"line":7,"column":350}},"4":{"start":{"line":7,"column":77},"end":{"line":7,"column":348}},"5":{"start":{"line":7,"column":118},"end":{"line":7,"column":144}},"6":{"start":{"line":7,"column":145},"end":{"line":7,"column":200}},"7":{"start":{"line":7,"column":201},"end":{"line":7,"column":232}},"8":{"start":{"line":7,"column":233},"end":{"line":7,"column":287}},"9":{"start":{"line":7,"column":260},"end":{"line":7,"column":287}},"10":{"start":{"line":7,"column":288},"end":{"line":7,"column":346}},"11":{"start":{"line":7,"column":351},"end":{"line":7,"column":560}},"12":{"start":{"line":7,"column":408},"end":{"line":7,"column":476}},"13":{"start":{"line":7,"column":424},"end":{"line":7,"column":476}},"14":{"start":{"line":7,"column":477},"end":{"line":7,"column":537}},"15":{"start":{"line":7,"column":494},"end":{"line":7,"column":537}},"16":{"start":{"line":7,"column":538},"end":{"line":7,"column":557}},"17":{"start":{"line":9,"column":0},"end":{"line":9,"column":667}},"18":{"start":{"line":9,"column":40},"end":{"line":9,"column":58}},"19":{"start":{"line":9,"column":59},"end":{"line":9,"column":664}},"20":{"start":{"line":9,"column":70},"end":{"line":9,"column":664}},"21":{"start":{"line":9,"column":87},"end":{"line":9,"column":135}},"22":{"start":{"line":9,"column":136},"end":{"line":9,"column":171}},"23":{"start":{"line":9,"column":172},"end":{"line":9,"column":187}},"24":{"start":{"line":9,"column":188},"end":{"line":9,"column":237}},"25":{"start":{"line":9,"column":209},"end":{"line":9,"column":237}},"26":{"start":{"line":9,"column":238},"end":{"line":9,"column":299}},"27":{"start":{"line":9,"column":300},"end":{"line":9,"column":662}},"28":{"start":{"line":9,"column":326},"end":{"line":9,"column":369}},"29":{"start":{"line":9,"column":370},"end":{"line":9,"column":501}},"30":{"start":{"line":9,"column":393},"end":{"line":9,"column":410}},"31":{"start":{"line":9,"column":420},"end":{"line":9,"column":432}},"32":{"start":{"line":9,"column":433},"end":{"line":9,"column":448}},"33":{"start":{"line":9,"column":449},"end":{"line":9,"column":464}},"34":{"start":{"line":9,"column":465},"end":{"line":9,"column":479}},"35":{"start":{"line":9,"column":480},"end":{"line":9,"column":499}},"36":{"start":{"line":9,"column":509},"end":{"line":9,"column":662}},"37":{"start":{"line":9,"column":532},"end":{"line":9,"column":550}},"38":{"start":{"line":9,"column":560},"end":{"line":9,"column":582}},"39":{"start":{"line":9,"column":583},"end":{"line":9,"column":630}},"40":{"start":{"line":9,"column":611},"end":{"line":9,"column":628}},"41":{"start":{"line":9,"column":631},"end":{"line":9,"column":660}},"42":{"start":{"line":11,"column":0},"end":{"line":11,"column":97}},"43":{"start":{"line":11,"column":39},"end":{"line":11,"column":95}},"44":{"start":{"line":13,"column":0},"end":{"line":13,"column":153}},"45":{"start":{"line":13,"column":50},"end":{"line":13,"column":151}},"46":{"start":{"line":13,"column":92},"end":{"line":13,"column":149}},"47":{"start":{"line":15,"column":0},"end":{"line":15,"column":424}},"48":{"start":{"line":15,"column":43},"end":{"line":15,"column":208}},"49":{"start":{"line":15,"column":106},"end":{"line":15,"column":206}},"50":{"start":{"line":15,"column":209},"end":{"line":15,"column":373}},"51":{"start":{"line":15,"column":374},"end":{"line":15,"column":422}},"52":{"start":{"line":15,"column":390},"end":{"line":15,"column":422}},"53":{"start":{"line":17,"column":0},"end":{"line":17,"column":31}},"54":{"start":{"line":19,"column":0},"end":{"line":19,"column":44}},"55":{"start":{"line":21,"column":0},"end":{"line":21,"column":32}},"56":{"start":{"line":23,"column":0},"end":{"line":23,"column":45}},"57":{"start":{"line":33,"column":0},"end":{"line":304,"column":22}},"58":{"start":{"line":34,"column":4},"end":{"line":34,"column":33}},"59":{"start":{"line":36,"column":4},"end":{"line":41,"column":5}},"60":{"start":{"line":37,"column":8},"end":{"line":37,"column":42}},"61":{"start":{"line":39,"column":8},"end":{"line":39,"column":90}},"62":{"start":{"line":40,"column":8},"end":{"line":40,"column":30}},"63":{"start":{"line":43,"column":4},"end":{"line":301,"column":8}},"64":{"start":{"line":46,"column":12},"end":{"line":51,"column":15}},"65":{"start":{"line":47,"column":16},"end":{"line":47,"column":31}},"66":{"start":{"line":48,"column":16},"end":{"line":50,"column":17}},"67":{"start":{"line":49,"column":20},"end":{"line":49,"column":63}},"68":{"start":{"line":56,"column":12},"end":{"line":56,"column":35}},"69":{"start":{"line":57,"column":12},"end":{"line":69,"column":15}},"70":{"start":{"line":58,"column":16},"end":{"line":61,"column":17}},"71":{"start":{"line":59,"column":20},"end":{"line":59,"column":34}},"72":{"start":{"line":60,"column":20},"end":{"line":60,"column":32}},"73":{"start":{"line":63,"column":16},"end":{"line":68,"column":17}},"74":{"start":{"line":64,"column":20},"end":{"line":64,"column":69}},"75":{"start":{"line":65,"column":20},"end":{"line":67,"column":21}},"76":{"start":{"line":66,"column":24},"end":{"line":66,"column":36}},"77":{"start":{"line":70,"column":12},"end":{"line":70,"column":26}},"78":{"start":{"line":81,"column":12},"end":{"line":83,"column":13}},"79":{"start":{"line":82,"column":16},"end":{"line":82,"column":66}},"80":{"start":{"line":85,"column":12},"end":{"line":87,"column":13}},"81":{"start":{"line":86,"column":16},"end":{"line":86,"column":53}},"82":{"start":{"line":89,"column":12},"end":{"line":98,"column":13}},"83":{"start":{"line":90,"column":16},"end":{"line":90,"column":42}},"84":{"start":{"line":92,"column":16},"end":{"line":95,"column":17}},"85":{"start":{"line":93,"column":20},"end":{"line":93,"column":49}},"86":{"start":{"line":94,"column":20},"end":{"line":94,"column":48}},"87":{"start":{"line":97,"column":16},"end":{"line":97,"column":29}},"88":{"start":{"line":100,"column":12},"end":{"line":100,"column":37}},"89":{"start":{"line":101,"column":12},"end":{"line":101,"column":41}},"90":{"start":{"line":102,"column":12},"end":{"line":102,"column":25}},"91":{"start":{"line":114,"column":12},"end":{"line":114,"column":59}},"92":{"start":{"line":115,"column":12},"end":{"line":117,"column":13}},"93":{"start":{"line":116,"column":16},"end":{"line":116,"column":54}},"94":{"start":{"line":119,"column":12},"end":{"line":121,"column":13}},"95":{"start":{"line":120,"column":16},"end":{"line":120,"column":59}},"96":{"start":{"line":123,"column":12},"end":{"line":137,"column":13}},"97":{"start":{"line":124,"column":16},"end":{"line":124,"column":37}},"98":{"start":{"line":125,"column":16},"end":{"line":125,"column":42}},"99":{"start":{"line":127,"column":16},"end":{"line":131,"column":17}},"100":{"start":{"line":128,"column":20},"end":{"line":128,"column":52}},"101":{"start":{"line":129,"column":20},"end":{"line":129,"column":49}},"102":{"start":{"line":130,"column":20},"end":{"line":130,"column":48}},"103":{"start":{"line":133,"column":16},"end":{"line":133,"column":98}},"104":{"start":{"line":135,"column":16},"end":{"line":135,"column":44}},"105":{"start":{"line":136,"column":16},"end":{"line":136,"column":51}},"106":{"start":{"line":139,"column":12},"end":{"line":139,"column":40}},"107":{"start":{"line":140,"column":12},"end":{"line":140,"column":28}},"108":{"start":{"line":151,"column":12},"end":{"line":151,"column":64}},"109":{"start":{"line":152,"column":12},"end":{"line":154,"column":13}},"110":{"start":{"line":153,"column":16},"end":{"line":153,"column":54}},"111":{"start":{"line":156,"column":12},"end":{"line":156,"column":46}},"112":{"start":{"line":157,"column":12},"end":{"line":157,"column":45}},"113":{"start":{"line":158,"column":12},"end":{"line":158,"column":33}},"114":{"start":{"line":170,"column":12},"end":{"line":170,"column":64}},"115":{"start":{"line":171,"column":12},"end":{"line":173,"column":13}},"116":{"start":{"line":172,"column":16},"end":{"line":172,"column":54}},"117":{"start":{"line":175,"column":12},"end":{"line":177,"column":13}},"118":{"start":{"line":176,"column":16},"end":{"line":176,"column":53}},"119":{"start":{"line":179,"column":12},"end":{"line":193,"column":13}},"120":{"start":{"line":180,"column":16},"end":{"line":180,"column":34}},"121":{"start":{"line":181,"column":16},"end":{"line":181,"column":42}},"122":{"start":{"line":183,"column":16},"end":{"line":187,"column":17}},"123":{"start":{"line":184,"column":20},"end":{"line":184,"column":49}},"124":{"start":{"line":185,"column":20},"end":{"line":185,"column":49}},"125":{"start":{"line":186,"column":20},"end":{"line":186,"column":45}},"126":{"start":{"line":189,"column":16},"end":{"line":189,"column":95}},"127":{"start":{"line":191,"column":16},"end":{"line":191,"column":41}},"128":{"start":{"line":192,"column":16},"end":{"line":192,"column":57}},"129":{"start":{"line":195,"column":12},"end":{"line":195,"column":25}},"130":{"start":{"line":206,"column":12},"end":{"line":206,"column":36}},"131":{"start":{"line":216,"column":12},"end":{"line":216,"column":44}},"132":{"start":{"line":226,"column":12},"end":{"line":226,"column":47}},"133":{"start":{"line":236,"column":12},"end":{"line":236,"column":73}},"134":{"start":{"line":246,"column":12},"end":{"line":246,"column":74}},"135":{"start":{"line":247,"column":12},"end":{"line":249,"column":13}},"136":{"start":{"line":248,"column":16},"end":{"line":248,"column":84}},"137":{"start":{"line":251,"column":12},"end":{"line":251,"column":97}},"138":{"start":{"line":261,"column":12},"end":{"line":261,"column":74}},"139":{"start":{"line":262,"column":12},"end":{"line":264,"column":13}},"140":{"start":{"line":263,"column":16},"end":{"line":263,"column":84}},"141":{"start":{"line":266,"column":12},"end":{"line":266,"column":74}},"142":{"start":{"line":276,"column":12},"end":{"line":278,"column":19}},"143":{"start":{"line":277,"column":16},"end":{"line":277,"column":46}},"144":{"start":{"line":286,"column":12},"end":{"line":286,"column":34}},"145":{"start":{"line":287,"column":12},"end":{"line":287,"column":48}},"146":{"start":{"line":297,"column":12},"end":{"line":299,"column":19}},"147":{"start":{"line":298,"column":16},"end":{"line":298,"column":48}},"148":{"start":{"line":303,"column":4},"end":{"line":303,"column":22}},"149":{"start":{"line":306,"column":0},"end":{"line":306,"column":32}},"150":{"start":{"line":307,"column":0},"end":{"line":307,"column":36}}},"branchMap":{"1":{"line":7,"type":"binary-expr","locations":[{"start":{"line":7,"column":169},"end":{"line":7,"column":190}},{"start":{"line":7,"column":194},"end":{"line":7,"column":199}}]},"2":{"line":7,"type":"if","locations":[{"start":{"line":7,"column":233},"end":{"line":7,"column":233}},{"start":{"line":7,"column":233},"end":{"line":7,"column":233}}]},"3":{"line":7,"type":"if","locations":[{"start":{"line":7,"column":408},"end":{"line":7,"column":408}},{"start":{"line":7,"column":408},"end":{"line":7,"column":408}}]},"4":{"line":7,"type":"if","locations":[{"start":{"line":7,"column":477},"end":{"line":7,"column":477}},{"start":{"line":7,"column":477},"end":{"line":7,"column":477}}]},"5":{"line":9,"type":"if","locations":[{"start":{"line":9,"column":188},"end":{"line":9,"column":188}},{"start":{"line":9,"column":188},"end":{"line":9,"column":188}}]},"6":{"line":9,"type":"if","locations":[{"start":{"line":9,"column":300},"end":{"line":9,"column":300}},{"start":{"line":9,"column":300},"end":{"line":9,"column":300}}]},"7":{"line":9,"type":"if","locations":[{"start":{"line":9,"column":370},"end":{"line":9,"column":370}},{"start":{"line":9,"column":370},"end":{"line":9,"column":370}}]},"8":{"line":9,"type":"if","locations":[{"start":{"line":9,"column":509},"end":{"line":9,"column":509}},{"start":{"line":9,"column":509},"end":{"line":9,"column":509}}]},"9":{"line":9,"type":"if","locations":[{"start":{"line":9,"column":583},"end":{"line":9,"column":583}},{"start":{"line":9,"column":583},"end":{"line":9,"column":583}}]},"10":{"line":11,"type":"cond-expr","locations":[{"start":{"line":11,"column":70},"end":{"line":11,"column":73}},{"start":{"line":11,"column":76},"end":{"line":11,"column":94}}]},"11":{"line":11,"type":"binary-expr","locations":[{"start":{"line":11,"column":46},"end":{"line":11,"column":49}},{"start":{"line":11,"column":53},"end":{"line":11,"column":67}}]},"12":{"line":13,"type":"if","locations":[{"start":{"line":13,"column":50},"end":{"line":13,"column":50}},{"start":{"line":13,"column":50},"end":{"line":13,"column":50}}]},"13":{"line":15,"type":"if","locations":[{"start":{"line":15,"column":43},"end":{"line":15,"column":43}},{"start":{"line":15,"column":43},"end":{"line":15,"column":43}}]},"14":{"line":15,"type":"binary-expr","locations":[{"start":{"line":15,"column":47},"end":{"line":15,"column":79}},{"start":{"line":15,"column":83},"end":{"line":15,"column":102}}]},"15":{"line":15,"type":"binary-expr","locations":[{"start":{"line":15,"column":244},"end":{"line":15,"column":254}},{"start":{"line":15,"column":258},"end":{"line":15,"column":278}}]},"16":{"line":15,"type":"if","locations":[{"start":{"line":15,"column":374},"end":{"line":15,"column":374}},{"start":{"line":15,"column":374},"end":{"line":15,"column":374}}]},"17":{"line":48,"type":"if","locations":[{"start":{"line":48,"column":16},"end":{"line":48,"column":16}},{"start":{"line":48,"column":16},"end":{"line":48,"column":16}}]},"18":{"line":58,"type":"if","locations":[{"start":{"line":58,"column":16},"end":{"line":58,"column":16}},{"start":{"line":58,"column":16},"end":{"line":58,"column":16}}]},"19":{"line":63,"type":"if","locations":[{"start":{"line":63,"column":16},"end":{"line":63,"column":16}},{"start":{"line":63,"column":16},"end":{"line":63,"column":16}}]},"20":{"line":65,"type":"if","locations":[{"start":{"line":65,"column":20},"end":{"line":65,"column":20}},{"start":{"line":65,"column":20},"end":{"line":65,"column":20}}]},"21":{"line":81,"type":"if","locations":[{"start":{"line":81,"column":12},"end":{"line":81,"column":12}},{"start":{"line":81,"column":12},"end":{"line":81,"column":12}}]},"22":{"line":85,"type":"if","locations":[{"start":{"line":85,"column":12},"end":{"line":85,"column":12}},{"start":{"line":85,"column":12},"end":{"line":85,"column":12}}]},"23":{"line":89,"type":"if","locations":[{"start":{"line":89,"column":12},"end":{"line":89,"column":12}},{"start":{"line":89,"column":12},"end":{"line":89,"column":12}}]},"24":{"line":115,"type":"if","locations":[{"start":{"line":115,"column":12},"end":{"line":115,"column":12}},{"start":{"line":115,"column":12},"end":{"line":115,"column":12}}]},"25":{"line":119,"type":"if","locations":[{"start":{"line":119,"column":12},"end":{"line":119,"column":12}},{"start":{"line":119,"column":12},"end":{"line":119,"column":12}}]},"26":{"line":123,"type":"if","locations":[{"start":{"line":123,"column":12},"end":{"line":123,"column":12}},{"start":{"line":123,"column":12},"end":{"line":123,"column":12}}]},"27":{"line":152,"type":"if","locations":[{"start":{"line":152,"column":12},"end":{"line":152,"column":12}},{"start":{"line":152,"column":12},"end":{"line":152,"column":12}}]},"28":{"line":171,"type":"if","locations":[{"start":{"line":171,"column":12},"end":{"line":171,"column":12}},{"start":{"line":171,"column":12},"end":{"line":171,"column":12}}]},"29":{"line":175,"type":"if","locations":[{"start":{"line":175,"column":12},"end":{"line":175,"column":12}},{"start":{"line":175,"column":12},"end":{"line":175,"column":12}}]},"30":{"line":179,"type":"if","locations":[{"start":{"line":179,"column":12},"end":{"line":179,"column":12}},{"start":{"line":179,"column":12},"end":{"line":179,"column":12}}]},"31":{"line":216,"type":"binary-expr","locations":[{"start":{"line":216,"column":19},"end":{"line":216,"column":35}},{"start":{"line":216,"column":39},"end":{"line":216,"column":43}}]},"32":{"line":226,"type":"binary-expr","locations":[{"start":{"line":226,"column":19},"end":{"line":226,"column":38}},{"start":{"line":226,"column":42},"end":{"line":226,"column":46}}]},"33":{"line":236,"type":"binary-expr","locations":[{"start":{"line":236,"column":19},"end":{"line":236,"column":64}},{"start":{"line":236,"column":68},"end":{"line":236,"column":72}}]},"34":{"line":247,"type":"if","locations":[{"start":{"line":247,"column":12},"end":{"line":247,"column":12}},{"start":{"line":247,"column":12},"end":{"line":247,"column":12}}]},"35":{"line":251,"type":"binary-expr","locations":[{"start":{"line":251,"column":19},"end":{"line":251,"column":38}},{"start":{"line":251,"column":42},"end":{"line":251,"column":88}},{"start":{"line":251,"column":92},"end":{"line":251,"column":96}}]},"36":{"line":262,"type":"if","locations":[{"start":{"line":262,"column":12},"end":{"line":262,"column":12}},{"star
[...]
rt":{"line":15,"column":209},"end":{"line":15,"column":373}},"51":{"start":{"line":15,"column":374},"end":{"line":15,"column":422}},"52":{"start":{"line":15,"column":390},"end":{"line":15,"column":422}},"53":{"start":{"line":17,"column":0},"end":{"line":17,"column":49}},"54":{"start":{"line":19,"column":0},"end":{"line":19,"column":58}},"55":{"start":{"line":31,"column":0},"end":{"line":398,"column":29}},"56":{"start":{"line":32,"column":4},"end":{"line":32,"column":47}},"57":{"start":{"line":34,"column":4},"end":{"line":38,"column":5}},"58":{"start":{"line":35,"column":8},"end":{"line":35,"column":49}},"59":{"start":{"line":37,"column":8},"end":{"line":37,"column":97}},"60":{"start":{"line":40,"column":4},"end":{"line":395,"column":8}},"61":{"start":{"line":50,"column":12},"end":{"line":50,"column":47}},"62":{"start":{"line":65,"column":12},"end":{"line":65,"column":47}},"63":{"start":{"line":78,"column":12},"end":{"line":78,"column":47}},"64":{"start":{"line":83,"column":12},"end":{"line":83,"column":47}},"65":{"start":{"line":86,"column":12},"end":{"line":86,"column":47}},"66":{"start":{"line":101,"column":12},"end":{"line":101,"column":47}},"67":{"start":{"line":104,"column":12},"end":{"line":104,"column":49}},"68":{"start":{"line":109,"column":12},"end":{"line":109,"column":47}},"69":{"start":{"line":121,"column":12},"end":{"line":121,"column":51}},"70":{"start":{"line":129,"column":12},"end":{"line":133,"column":13}},"71":{"start":{"line":130,"column":16},"end":{"line":130,"column":58}},"72":{"start":{"line":132,"column":16},"end":{"line":132,"column":49}},"73":{"start":{"line":145,"column":12},"end":{"line":145,"column":39}},"74":{"start":{"line":148,"column":12},"end":{"line":148,"column":51}},"75":{"start":{"line":159,"column":12},"end":{"line":159,"column":51}},"76":{"start":{"line":167,"column":12},"end":{"line":171,"column":13}},"77":{"start":{"line":168,"column":16},"end":{"line":168,"column":58}},"78":{"start":{"line":170,"column":16},"end":{"line":170,"column":49}},"79":{"start":{"line":182,"column":12},"end":{"line":182,"column":45}},"80":{"start":{"line":190,"column":12},"end":{"line":190,"column":44}},"81":{"start":{"line":202,"column":12},"end":{"line":202,"column":55}},"82":{"start":{"line":205,"column":12},"end":{"line":205,"column":52}},"83":{"start":{"line":217,"column":12},"end":{"line":217,"column":51}},"84":{"start":{"line":225,"column":12},"end":{"line":229,"column":13}},"85":{"start":{"line":226,"column":16},"end":{"line":226,"column":58}},"86":{"start":{"line":228,"column":16},"end":{"line":228,"column":49}},"87":{"start":{"line":240,"column":12},"end":{"line":240,"column":27}},"88":{"start":{"line":241,"column":12},"end":{"line":241,"column":39}},"89":{"start":{"line":243,"column":12},"end":{"line":245,"column":13}},"90":{"start":{"line":244,"column":16},"end":{"line":244,"column":29}},"91":{"start":{"line":247,"column":12},"end":{"line":252,"column":15}},"92":{"start":{"line":248,"column":16},"end":{"line":251,"column":17}},"93":{"start":{"line":249,"column":20},"end":{"line":249,"column":30}},"94":{"start":{"line":250,"column":20},"end":{"line":250,"column":32}},"95":{"start":{"line":254,"column":12},"end":{"line":265,"column":13}},"96":{"start":{"line":255,"column":16},"end":{"line":260,"column":19}},"97":{"start":{"line":256,"column":20},"end":{"line":259,"column":21}},"98":{"start":{"line":257,"column":24},"end":{"line":257,"column":34}},"99":{"start":{"line":258,"column":24},"end":{"line":258,"column":36}},"100":{"start":{"line":262,"column":16},"end":{"line":264,"column":17}},"101":{"start":{"line":263,"column":20},"end":{"line":263,"column":29}},"102":{"start":{"line":267,"column":12},"end":{"line":267,"column":25}},"103":{"start":{"line":275,"column":12},"end":{"line":275,"column":47}},"104":{"start":{"line":287,"column":12},"end":{"line":289,"column":15}},"105":{"start":{"line":288,"column":16},"end":{"line":288,"column":39}},"106":{"start":{"line":301,"column":12},"end":{"line":301,"column":43}},"107":{"start":{"line":302,"column":12},"end":{"line":307,"column":15}},"108":{"start":{"line":303,"column":16},"end":{"line":306,"column":17}},"109":{"start":{"line":304,"column":20},"end":{"line":304,"column":44}},"110":{"start":{"line":305,"column":20},"end":{"line":305,"column":32}},"111":{"start":{"line":308,"column":12},"end":{"line":308,"column":34}},"112":{"start":{"line":320,"column":12},"end":{"line":320,"column":80}},"113":{"start":{"line":328,"column":12},"end":{"line":328,"column":44}},"114":{"start":{"line":333,"column":12},"end":{"line":333,"column":52}},"115":{"start":{"line":346,"column":12},"end":{"line":346,"column":68}},"116":{"start":{"line":349,"column":12},"end":{"line":349,"column":49}},"117":{"start":{"line":354,"column":12},"end":{"line":354,"column":47}},"118":{"start":{"line":357,"column":12},"end":{"line":357,"column":62}},"119":{"start":{"line":362,"column":12},"end":{"line":362,"column":47}},"120":{"start":{"line":365,"column":12},"end":{"line":365,"column":53}},"121":{"start":{"line":376,"column":12},"end":{"line":376,"column":68}},"122":{"start":{"line":384,"column":12},"end":{"line":384,"column":46}},"123":{"start":{"line":385,"column":12},"end":{"line":385,"column":25}},"124":{"start":{"line":390,"column":12},"end":{"line":390,"column":47}},"125":{"start":{"line":393,"column":12},"end":{"line":393,"column":57}},"126":{"start":{"line":397,"column":4},"end":{"line":397,"column":29}},"127":{"start":{"line":400,"column":0},"end":{"line":400,"column":39}},"128":{"start":{"line":405,"column":0},"end":{"line":405,"column":84}},"129":{"start":{"line":406,"column":0},"end":{"line":406,"column":36}}},"branchMap":{"1":{"line":7,"type":"binary-expr","locations":[{"start":{"line":7,"column":169},"end":{"line":7,"column":190}},{"start":{"line":7,"column":194},"end":{"line":7,"column":199}}]},"2":{"line":7,"type":"if","locations":[{"start":{"line":7,"column":233},"end":{"line":7,"column":233}},{"start":{"line":7,"column":233},"end":{"line":7,"column":233}}]},"3":{"line":7,"type":"if","locations":[{"start":{"line":7,"column":408},"end":{"line":7,"column":408}},{"start":{"line":7,"column":408},"end":{"line":7,"column":408}}]},"4":{"line":7,"type":"if","locations":[{"start":{"line":7,"column":477},"end":{"line":7,"column":477}},{"start":{"line":7,"column":477},"end":{"line":7,"column":477}}]},"5":{"line":9,"type":"if","locations":[{"start":{"line":9,"column":188},"end":{"line":9,"column":188}},{"start":{"line":9,"column":188},"end":{"line":9,"column":188}}]},"6":{"line":9,"type":"if","locations":[{"start":{"line":9,"column":300},"end":{"line":9,"column":300}},{"start":{"line":9,"column":300},"end":{"line":9,"column":300}}]},"7":{"line":9,"type":"if","locations":[{"start":{"line":9,"column":370},"end":{"line":9,"column":370}},{"start":{"line":9,"column":370},"end":{"line":9,"column":370}}]},"8":{"line":9,"type":"if","locations":[{"start":{"line":9,"column":509},"end":{"line":9,"column":509}},{"start":{"line":9,"column":509},"end":{"line":9,"column":509}}]},"9":{"line":9,"type":"if","locations":[{"start":{"line":9,"column":583},"end":{"line":9,"column":583}},{"start":{"line":9,"column":583},"end":{"line":9,"column":583}}]},"10":{"line":11,"type":"cond-expr","locations":[{"start":{"line":11,"column":70},"end":{"line":11,"column":73}},{"start":{"line":11,"column":76},"end":{"line":11,"column":94}}]},"11":{"line":11,"type":"binary-expr","locations":[{"start":{"line":11,"column":46},"end":{"line":11,"column":49}},{"start":{"line":11,"column":53},"end":{"line":11,"column":67}}]},"12":{"line":13,"type":"if","locations":[{"start":{"line":13,"column":50},"end":{"line":13,"column":50}},{"start":{"line":13,"column":50},"end":{"line":13,"column":50}}]},"13":{"line":15,"type":"if","locations":[{"start":{"line":15,"column":43},"end":{"line":15,"column":43}},{"start":{"line":15,"column":43},"end":{"line":15,"column":43}}]},"14":{"line":15,"type":"binary-expr","locations":[{"start":{"line":15,"column":47},"end":{"line":15,"column":79}},{"start":{"line":15,"column":83},"end":{"line":15,"column":102}}]},"15":{"line":15,"type":"binary-expr","locations":[{"start":{"line":15,"column":244},"end":{"line":15,"column":254}},{"start":{"line":15,"column":258},"end":{"line":15,"column":278}}]},"16":{"line":15,"type":"if","locations":[{"start":{"line":15,"column":374},"end":{"line":15,"column":374}},{"start":{"line":15,"column":374},"end":{"line":15,"column":374}}]},"17":{"line":129,"type":"if","locations":[{"start":{"line":129,"column":12},"end":{"line":129,"column":12}},{"start":{"line":129,"column":12},"end":{"line":129,"column":12}}]},"18":{"line":167,"type":"if","locations":[{"start":{"line":167,"column":12},"end":{"line":167,"column":12}},{"start":{"line":167,"column":12},"end":{"line":167,"column":12}}]},"19":{"line":225,"type":"if","locations":[{"start":{"line":225,"column":12},"end":{"line":225,"column":12}},{"start":{"line":225,"column":12},"end":{"line":225,"column":12}}]},"20":{"line":243,"type":"if","locations":[{"start":{"line":243,"column":12},"end":{"line":243,"column":12}},{"start":{"line":243,"column":12},"end":{"line":243,"column":12}}]},"21":{"line":248,"type":"if","locations":[{"start":{"line":248,"column":16},"end":{"line":248,"column":16}},{"start":{"line":248,"column":16},"end":{"line":248,"column":16}}]},"22":{"line":254,"type":"if","locations":[{"start":{"line":254,"column":12},"end":{"line":254,"column":12}},{"start":{"line":254,"column":12},"end":{"line":254,"column":12}}]},"23":{"line":254,"type":"binary-expr","locations":[{"start":{"line":254,"column":16},"end":{"line":254,"column":28}},{"start":{"line":254,"column":32},"end":{"line":254,"column":46}}]},"24":{"line":256,"type":"if","locations":[{"start":{"line":256,"column":20},"end":{"line":256,"column":20}},{"start":{"line":256,"column":20},"end":{"line":256,"column":20}}]},"25":{"line":262,"type":"if","locations":[{"start":{"line":262,"column":16},"end":{"line":262,"column":16}},{"start":{"line":262,"column":16},"end":{"line":262,"column":16}}]},"26":{"line":303,"type":"if","locations":[{"start":{"line":303,"column":16},"end":{"line":303,"column":16}},{"start":{"line":303,"column":16},"end":{"line":303,"column":16}}]},"27":{"line":320,"type":"binary-expr","locations":[{"start":{"line":320,"column":19},"end":{"line":320,"column":52}},{"start":{"line":320,"column":57},"end":{"line":320,"column":78}}]},"28":{"line":320,"type":"cond-expr","locations":[{"start":{"line":320,"column":73},"end":{"line":320,"column":74}},{"start":{"line":320,"column":77},"end":{"line":320,"column":78}}]},"29":{"line":346,"type":"cond-expr","locations":[{"start":{"line":346,"column":35},"end":{"line":346,"column":52}},{"start":{"line":346,"column":55},"end":{"line":346,"column":67}}]},"30":{"line":376,"type":"binary-expr","locations":[{"start":{"line":376,"column":19},"end":{"line":376,"column":38}},{"start":{"line":376,"column":42},"end":{"line":376,"column":67}}]}}},"/home/ubuntu/html-document/lib/Doctype.js":{"path":"/home/ubuntu/html-document/lib/Doctype.js","s":{"1":1,"2":1,"3":1,"4":1,"5":1,"6":1,"7":1,"8":1,"9":1,"10":1,"11":1,"12":1,"13":1,"14":1,"15":0,"16":1,"17":1,"18":1,"19":1,"20":1,"21":1,"22":1,"23":1,"24":1,"25":0,"26":1,"27":1,"28":0,"29":0,"30":0,"31":0,"32":0,"33":0,"34":0,"35":0,"36":1,"37":1,"38":0,"39":0,"40":0,"41":0,"42":1,"43":1,"44":1,"45":1,"46":0,"47":1,"48":1,"49":0,"50":1,"51":1,"52":1,"53":1,"54":1,"55":1,"56":1,"57":1,"58":1,"59":1,"60":1,"61":1,"62":1,"63":1,"64":1},"b":{"1":[1,1],"2":[1,0],"3":[1,0],"4":[0,1],"5":[0,1],"6":[0,1],"7":[0,0],"8":[1,0],"9":[0,0],"10":[0,1],"11":[1,1],"12":[0,1],"13":[0,1],"14":[1,0],"15":[1,1],"16":[1,0]},"f":{"1":1,"2":1,"3":1,"4":1,"5":1,"6":1,"7":1,"8":1,"9":1,"10":1},"fnMap":{"1":{"name":"(anonymous_1)","line":7,"loc":{"start":{"line":7,"column":20},"end":{"line":7,"column":32}}},"2":{"name":"defineProperties","line":7,"loc":{"start":{"line":7,"column":34},"end":{"line":7,"column":75}}},"3":{"name":"(anonymous_3)","line":7,"loc":{"start":{"line":7,"column":358},"end":{"line":7,"column":406}}},"4":{"name":"get","line":9,"loc":{"start":{"line":9,"column":11},"end":{"line":9,"column":38}}},"5":{"name":"_interopRequireDefault","line":11,"loc":{"start":{"line":11,"column":0},"end":{"line":11,"column":37}}},"6":{"name":"_classCallCheck","line":13,"loc":{"start":{"line":13,"column":0},"end":{"line":13,"column":48}}},"7":{"name":"_inherits","line":15,"loc":{"start":{"line":15,"column":0},"end":{"line":15,"column":41}}},"8":{"name":"(anonymous_8)","line":26,"loc":{"start":{"line":26,"column":15},"end":{"line":26,"column":32}}},"9":{"name":"Doctype","line":29,"loc":{"start":{"line":29,"column":4},"end":{"line":29,"column":23}}},"10":{"name":"_toHTML","line":37,"loc":{"start":{"line":37,"column":15},"end":{"line":37,"column":34}}}},"statementMap":{"1":{"start":{"line":3,"column":0},"end":{"line":5,"column":3}},"2":{"start":{"line":7,"column":0},"end":{"line":7,"column":566}},"3":{"start":{"line":7,"column":34},"end":{"line":7,"column":350}},"4":{"start":{"line":7,"column":77},"end":{"line":7,"column":348}},"5":{"start":{"line":7,"column":118},"end":{"line":7,"column":144}},"6":{"start":{"line":7,"column":145},"end":{"line":7,"column":200}},"7":{"start":{"line":7,"column":201},"end":{"line":7,"column":232}},"8":{"start":{"line":7,"column":233},"end":{"line":7,"column":287}},"9":{"start":{"line":7,"column":260},"end":{"line":7,"column":287}},"10":{"start":{"line":7,"column":288},"end":{"line":7,"column":346}},"11":{"start":{"line":7,"column":351},"end":{"line":7,"column":560}},"12":{"start":{"line":7,"column":408},"end":{"line":7,"column":476}},"13":{"start":{"line":7,"column":424},"end":{"line":7,"column":476}},"14":{"start":{"line":7,"column":477},"end":{"line":7,"column":537}},"15":{"start":{"line":7,"column":494},"end":{"line":7,"column":537}},"16":{"start":{"line":7,"column":538},"end":{"line":7,"column":557}},"17":{"start":{"line":9,"column":0},"end":{"line":9,"column":667}},"18":{"start":{"line":9,"column":40},"end":{"line":9,"column":58}},"19":{"start":{"line":9,"column":59},"end":{"line":9,"column":664}},"20":{"start":{"line":9,"column":70},"end":{"line":9,"column":664}},"21":{"start":{"line":9,"column":87},"end":{"line":9,"column":135}},"22":{"start":{"line":9,"column":136},"end":{"line":9,"column":171}},"23":{"start":{"line":9,"column":172},"end":{"line":9,"column":187}},"24":{"start":{"line":9,"column":188},"end":{"line":9,"column":237}},"25":{"start":{"line":9,"column":209},"end":{"line":9,"column":237}},"26":{"start":{"line":9,"column":238},"end":{"line":9,"column":299}},"27":{"start":{"line":9,"column":300},"end":{"line":9,"column":662}},"28":{"start":{"line":9,"column":326},"end":{"line":9,"column":369}},"29":{"start":{"line":9,"column":370},"end":{"line":9,"column":501}},"30":{"start":{"line":9,"column":393},"end":{"line":9,"column":410}},"31":{"start":{"line":9,"column":420},"end":{"line":9,"column":432}},"32":{"start":{"line":9,"column":433},"end":{"line":9,"column":448}},"33":{"start":{"line":9,"column":449},"end":{"line":9,"column":464}},"34":{"start":{"line":9,"column":465},"end":{"line":9,"column":479}},"35":{"start":{"line":9,"column":480},"end":{"line":9,"column":499}},"36":{"start":{"line":9,"column":509},"end":{"line":9,"column":662}},"37":{"start":{"line":9,"column":532},"end":{"line":9,"column":550}},"38":{"start":{"line":9,"column":560},"end":{"line":9,"column":582}},"39":{"start":{"line":9,"column":583},"end":{"line":9,"column":630}},"40":{"start":{"line":9,"column":611},"end":{"line":9,"column":628}},"41":{"start":{"line":9,"column":631},"end":{"line":9,"column":660}},"42":{"start":{"line":11,"column":0},"end":{"line":11,"column":97}},"43":{"start":{"line":11,"column":39},"end":{"line":11,"column":95}},"44":{"start":{"line":13,"column":0},"end":{"line":13,"column":153}},"45":{"start":{"line":13,"column":50},"end":{"line":13,"column":151}},"46":{"start":{"line":13,"column":92},"end":{"line":13,"column":149}},"47":{"start":{"line":15,"column":0},"end":{"line":15,"column":424}},"48":{"start":{"line":15,"column":43},"end":{"line":15,"column":208}},"49":{"start":{"line":15,"column":106},"end":{"line":15,"column":206}},"50":{"start":{"line":15,"column":209},"end":{"line":15,"column":373}},"51":{"start":{"line":15,"column":374},"end":{"line":15,"column":422}},"52":{"start":{"line":15,"column":390},"end":{"line":15,"column":422}},"53":{"start":{"line":17,"column":0},"end":{"line":17,"column":31}},"54":{"start":{"line":19,"column":0},"end":{"line":19,"column":44}},"55":{"start":{"line":26,"column":0},"end":{"line":43,"column":22}},"56":{"start":{"line":27,"column":4},"end":{"line":27,"column":30}},"57":{"start":{"line":29,"column":4},"end":{"line":33,"column":5}},"58":{"start":{"line":30,"column":8},"end":{"line":30,"column":39}},"59":{"start":{"line":32,"column":8},"end":{"line":32,"column":99}},"60":{"start":{"line":35,"column":4},"end":{"line":40,"column":8}},"61":{"start":{"line":38,"column":12},"end":{"line":38,"column":37}},"62":{"start":{"line":42,"column":4},"end":{"line":42,"column":19}},"63":{"start":{"line":45,"column":0},"end":{"line":45,"column":29}},"64":{"start":{"line":46,"column":0},"end":{"line":46,"column":36}}},"branchMap":{"1":{"line":7,"type":"binary-expr","locations":[{"start":{"line":7,"column":169},"end":{"line":7,"column":190}},{"start":{"line":7,"column":194},"end":{"line":7,"column":199}}]},"2":{"line":7,"type":"if","locations":[{"start":{"line":7,"column":233},"end":{"line":7,"column":233}},{"start":{"line":7,"column":233},"end":{"line":7,"column":233}}]},"3":{"line":7,"type":"if","locations":[{"start":{"line":7,"column":408},"end":{"line":7,"column":408}},{"start":{"line":7,"column":408},"end":{"line":7,"column":408}}]},"4":{"line":7,"type":"if","locations":[{"start":{"line":7,"column":477},"end":{"line":7,"column":477}},{"start":{"line":7,"column":477},"end":{"line":7,"column":477}}]},"5":{"line":9,"type":"if","locations":[{"start":{"line":9,"column":188},"end":{"line":9,"column":188}},{"start":{"line":9,"column":188},"end":{"line":9,"column":188}}]},"6":{"line":9,"type":"if","locations":[{"start":{"line":9,"column":300},"end":{"line":9,"column":300}},{"start":{"line":9,"column":300},"end":{"line":9,"column":300}}]},"7":{"line":9,"type":"if","locations":[{"start":{"line":9,"column":370},"end":{"line":9,"column":370}},{"start":{"line":9,"column":370},"end":{"line":9,"column":370}}]},"8":{"line":9,"type":"if","locations":[{"start":{"line":9,"column":509},"end":{"line":9,"column":509}},{"start":{"line":9,"column":509},"end":{"line":9,"column":509}}]},"9":{"line":9,"type":"if","locations":[{"start":{"line":9,"column":583},"end":{"line":9,"column":583}},{"start":{"line":9,"column":583},"end":{"line":9,"column":583}}]},"10":{"line":11,"type":"cond-expr","locations":[{"start":{"line":11,"column":70},"end":{"line":11,"column":73}},{"start":{"line":11,"column":76},"end":{"line":11,"column":94}}]},"11":{"line":11,"type":"binary-expr","locations":[{"start":{"line":11,"column":46},"end":{"line":11,"column":49}},{"start":{"line":11,"column":53},"end":{"line":11,"column":67}}]},"12":{"line":13,"type":"if","locations":[{"start":{"line":13,"column":50},"end":{"line":13,"column":50}},{"start":{"line":13,"column":50},"end":{"line":13,"column":50}}]},"13":{"line":15,"type":"if","locations":[{"start":{"line":15,"column":43},"end":{"line":15,"column":43}},{"start":{"line":15,"column":43},"end":{"line":15,"column":43}}]},"14":{"line":15,"type":"binary-expr","locations":[{"start":{"line":15,"column":47},"end":{"line":15,"column":79}},{"start":{"line":15,"column":83},"end":{"line":15,"column":102}}]},"15":{"line":15,"type":"binary-expr","locations":[{"start":{"line":15,"column":244},"end":{"line":15,"column":254}},{"start":{"line":15,"column":258},"end":{"line":15,"column":278}}]},"16":{"line":15,"type":"if","locations":[{"start":{"line":15,"column":374},"end":{"line":15,"column":374}},{"start":{"line":15,"column":374},"end":{"line":15,"column":374}}]}}}}