TN:
SF:/home/ubuntu/html-document/lib/Abstract/AbstractCSSStyleDeclaration.js
FN:14,CSSStyleRule
FN:33,(anonymous_2)
FN:34,AbstractCSSStyleDeclaration
FN:51,_parse
FN:56,(anonymous_5)
FN:87,_stringify
FN:89,(anonymous_7)
FN:107,getPropertyPriority
FN:123,getPropertyValue
FN:139,item
FN:155,removeProperty
FN:180,setProperty
FN:200,_setProperty
FN:223,get
FN:233,set
FNF:15
FNH:15
FNDA:23,CSSStyleRule
FNDA:1,(anonymous_2)
FNDA:320,AbstractCSSStyleDeclaration
FNDA:12,_parse
FNDA:22,(anonymous_5)
FNDA:16,_stringify
FNDA:28,(anonymous_7)
FNDA:3,getPropertyPriority
FNDA:5,getPropertyValue
FNDA:10,item
FNDA:1,removeProperty
FNDA:2,setProperty
FNDA:23,_setProperty
FNDA:8,get
FNDA:12,set
DA:6,1
DA:8,1
DA:10,1
DA:14,1
DA:15,23
DA:17,23
DA:18,23
DA:19,23
DA:33,1
DA:34,1
DA:35,320
DA:38,1
DA:52,12
DA:54,12
DA:55,12
DA:56,12
DA:57,22
DA:58,22
DA:59,1
DA:62,21
DA:63,21
DA:64,10
DA:67,21
DA:68,21
DA:69,21
DA:70,21
DA:71,21
DA:74,12
DA:88,16
DA:89,16
DA:90,28
DA:92,16
DA:108,3
DA:124,5
DA:140,10
DA:156,1
DA:157,1
DA:158,1
DA:159,1
DA:160,1
DA:161,1
DA:181,2
DA:182,2
DA:201,23
DA:202,0
DA:205,23
DA:206,23
DA:207,1
DA:209,22
DA:212,23
DA:224,8
DA:234,12
DA:238,1
DA:241,1
DA:242,1
LF:55
LH:54
BRDA:58,1,0,1
BRDA:58,1,1,21
BRDA:63,2,0,10
BRDA:63,2,1,11
BRDA:68,3,0,21
BRDA:68,3,1,0
BRDA:71,4,0,21
BRDA:71,4,1,10
BRDA:90,5,0,28
BRDA:90,5,1,13
BRDA:90,5,2,15
BRDA:108,6,0,3
BRDA:108,6,1,2
BRDA:108,6,2,1
BRDA:124,7,0,5
BRDA:124,7,1,4
BRDA:140,8,0,10
BRDA:140,8,1,6
BRDA:156,9,0,1
BRDA:156,9,1,0
BRDA:201,10,0,0
BRDA:201,10,1,23
BRDA:206,11,0,1
BRDA:206,11,1,22
BRF:24
BRH:21
end_of_record
TN:
SF:/home/ubuntu/html-document/lib/Comment.js
FN:30,(anonymous_1)
FN:37,Comment
FN:57,get
FN:69,get
FN:83,get
FN:93,set
FNF:6
FNH:5
FNDA:1,(anonymous_1)
FNDA:1,Comment
FNDA:1,get
FNDA:1,get
FNDA:1,get
FNDA:0,set
DA:3,1
DA:5,1
DA:7,1
DA:9,1
DA:11,1
DA:13,1
DA:17,1
DA:19,1
DA:21,1
DA:23,1
DA:30,1
DA:31,1
DA:37,1
DA:38,1
DA:40,1
DA:41,1
DA:55,1
DA:58,1
DA:70,1
DA:84,1
DA:94,0
DA:98,1
DA:101,1
DA:102,1
DA:107,1
DA:108,1
LF:26
LH:25
BRF:0
BRH:0
end_of_record
TN:
SF:/home/ubuntu/html-document/lib/utils/escapeHTML.js
FN:9,escapeHTML
FNF:1
FNH:1
FNDA:26,escapeHTML
DA:3,1
DA:6,1
DA:9,1
DA:10,26
DA:11,0
DA:14,26
DA:17,1
LF:7
LH:6
BRDA:10,1,0,0
BRDA:10,1,1,26
BRF:2
BRH:1
end_of_record
TN:
SF:/home/ubuntu/html-document/lib/Node.js
FN:19,(anonymous_1)
FN:20,Node
FN:56,getAttribute
FN:73,hasAttribute
FN:91,setAttribute
FN:110,_setAttribute
FN:125,removeAttribute
FN:144,_updatedAttribute
FN:158,_toHTML
FN:177,addEventListener
FN:208,removeEventListener
FN:232,dispatchEvent
FN:239,capturingPhase
FN:251,(anonymous_14)
FN:262,(anonymous_15)
FN:264,bubblingPhase
FN:268,(anonymous_17)
FN:287,get
FN:292,get
FNF:19
FNH:16
FNDA:1,(anonymous_1)
FNDA:408,Node
FNDA:85,getAttribute
FNDA:54,hasAttribute
FNDA:59,setAttribute
FNDA:75,_setAttribute
FNDA:17,removeAttribute
FNDA:0,_updatedAttribute
FNDA:26,_toHTML
FNDA:4,addEventListener
FNDA:1,removeEventListener
FNDA:1,dispatchEvent
FNDA:1,capturingPhase
FNDA:1,(anonymous_14)
FNDA:1,(anonymous_15)
FNDA:1,bubblingPhase
FNDA:0,(anonymous_17)
FNDA:38,get
FNDA:0,get
DA:9,1
DA:11,1
DA:13,1
DA:15,1
DA:19,1
DA:20,1
DA:21,408
DA:23,408
DA:41,1
DA:57,85
DA:74,54
DA:92,59
DA:93,59
DA:111,75
DA:126,17
DA:127,13
DA:128,13
DA:159,26
DA:178,4
DA:179,4
DA:180,4
DA:181,4
DA:184,4
DA:185,4
DA:186,4
DA:188,0
DA:191,4
DA:192,4
DA:209,1
DA:210,1
DA:211,1
DA:212,1
DA:213,1
DA:214,1
DA:215,0
DA:218,1
DA:233,1
DA:235,1
DA:238,1
DA:240,1
DA:241,0
DA:244,1
DA:245,0
DA:248,1
DA:249,1
DA:250,1
DA:252,1
DA:253,1
DA:258,1
DA:261,1
DA:262,1
DA:263,1
DA:265,1
DA:266,1
DA:267,0
DA:269,0
DA:270,0
DA:274,1
DA:275,0
DA:279,1
DA:283,1
DA:288,38
DA:293,0
DA:297,1
DA:300,1
DA:301,1
DA:306,1
DA:311,1
DA:316,1
DA:321,1
DA:326,1
DA:331,1
DA:336,1
DA:341,1
DA:346,1
DA:351,1
DA:356,1
DA:357,1
LF:78
LH:69
BRDA:57,1,0,37
BRDA:57,1,1,48
BRDA:126,2,0,13
BRDA:126,2,1,4
BRDA:179,3,0,4
BRDA:179,3,1,0
BRDA:180,4,0,4
BRDA:180,4,1,0
BRDA:185,5,0,4
BRDA:185,5,1,0
BRDA:210,6,0,1
BRDA:210,6,1,0
BRDA:211,7,0,1
BRDA:211,7,1,0
BRDA:211,8,0,1
BRDA:211,8,1,1
BRDA:214,9,0,0
BRDA:214,9,1,1
BRDA:240,10,0,0
BRDA:240,10,1,1
BRDA:244,11,0,0
BRDA:244,11,1,1
BRDA:248,12,0,1
BRDA:248,12,1,1
BRDA:249,13,0,1
BRDA:249,13,1,0
BRDA:261,14,0,1
BRDA:261,14,1,0
BRDA:265,15,0,1
BRDA:265,15,1,0
BRDA:266,16,0,0
BRDA:266,16,1,1
BRDA:274,17,0,0
BRDA:274,17,1,1
BRDA:274,18,0,1
BRDA:274,18,1,1
BRDA:288,19,0,38
BRDA:288,19,1,0
BRF:38
BRH:24
end_of_record
TN:
SF:/home/ubuntu/html-document/lib/Document.js
FN:63,(anonymous_1)
FN:66,Document
FN:107,createComment
FN:125,createDocumentFragment
FN:145,createElement
FN:188,createTextNode
FN:208,getElementById
FN:230,getElementsByTagName
FN:238,getElementsByClassName
FN:258,querySelector
FN:277,querySelectorAll
FNF:11
FNH:7
FNDA:1,(anonymous_1)
FNDA:35,Document
FNDA:0,createComment
FNDA:5,createDocumentFragment
FNDA:263,createElement
FNDA:39,createTextNode
FNDA:0,getElementById
FNDA:0,getElementsByTagName
FNDA:0,getElementsByClassName
FNDA:1,querySelector
FNDA:1,querySelectorAll
DA:3,1
DA:5,1
DA:7,1
DA:9,1
DA:11,1
DA:13,1
DA:17,1
DA:19,1
DA:21,1
DA:23,1
DA:25,1
DA:27,1
DA:29,1
DA:31,1
DA:33,1
DA:35,1
DA:39,1
DA:41,1
DA:43,1
DA:45,1
DA:47,1
DA:49,1
DA:51,1
DA:53,1
DA:55,1
DA:57,1
DA:63,1
DA:64,1
DA:66,1
DA:67,35
DA:69,35
DA:73,35
DA:78,35
DA:79,35
DA:84,35
DA:85,35
DA:105,1
DA:108,0
DA:109,0
DA:110,0
DA:126,5
DA:127,5
DA:128,5
DA:146,263
DA:147,263
DA:149,1
DA:150,1
DA:152,0
DA:153,0
DA:155,4
DA:156,4
DA:160,8
DA:161,8
DA:162,8
DA:164,5
DA:165,5
DA:167,245
DA:168,245
DA:170,263
DA:171,263
DA:189,39
DA:190,39
DA:191,39
DA:209,0
DA:231,0
DA:239,0
DA:259,1
DA:278,1
DA:282,1
DA:285,1
DA:286,1
DA:287,1
LF:72
LH:64
BRDA:147,1,0,1
BRDA:147,1,1,0
BRDA:147,1,2,4
BRDA:147,1,3,4
BRDA:147,1,4,5
BRDA:147,1,5,8
BRDA:147,1,6,5
BRDA:147,1,7,245
BRF:8
BRH:7
end_of_record
TN:
SF:/home/ubuntu/html-document/lib/DocumentFragment.js
FN:32,(anonymous_1)
FN:35,DocumentFragment
FN:54,get
FNF:3
FNH:2
FNDA:1,(anonymous_1)
FNDA:5,DocumentFragment
FNDA:0,get
DA:3,1
DA:5,1
DA:7,1
DA:9,1
DA:11,1
DA:13,1
DA:17,1
DA:19,1
DA:21,1
DA:23,1
DA:32,1
DA:33,1
DA:35,1
DA:36,5
DA:38,5
DA:45,1
DA:55,0
DA:59,1
DA:62,1
DA:63,1
DA:64,1
LF:21
LH:20
BRF:0
BRH:0
end_of_record
TN:
SF:/home/ubuntu/html-document/lib/ParentNode.js
FN:31,(anonymous_1)
FN:34,ParentNode
FN:62,_childNodesRecursiveForEach
FN:64,(anonymous_4)
FN:82,_childNodesRecursiveFind
FN:85,(anonymous_6)
FN:111,_filterDescendantNodes
FN:114,(anonymous_8)
FN:133,_childNodeFind
FN:135,(anonymous_10)
FN:161,_highestParent
FN:186,_closestParent
FN:214,appendChild
FN:251,replaceChild
FN:293,removeChild
FN:316,insertBefore
FN:356,get
FN:361,get
FN:366,get
FN:379,get
FN:392,get
FN:410,get
FN:420,get
FN:423,(anonymous_24)
FN:435,set
FN:449,get
FN:452,(anonymous_27)
FNF:27
FNH:25
FNDA:1,(anonymous_1)
FNDA:332,ParentNode
FNDA:10,_childNodesRecursiveForEach
FNDA:8,(anonymous_4)
FNDA:0,_childNodesRecursiveFind
FNDA:0,(anonymous_6)
FNDA:2,_filterDescendantNodes
FNDA:8,(anonymous_8)
FNDA:27,_childNodeFind
FNDA:14,(anonymous_10)
FNDA:2,_highestParent
FNDA:7,_closestParent
FNDA:239,appendChild
FNDA:4,replaceChild
FNDA:18,removeChild
FNDA:6,insertBefore
FNDA:31,get
FNDA:13,get
FNDA:32,get
FNDA:11,get
FNDA:3,get
FNDA:3,get
FNDA:36,get
FNDA:45,(anonymous_24)
FNDA:24,set
FNDA:34,get
FNDA:28,(anonymous_27)
DA:3,1
DA:5,1
DA:7,1
DA:9,1
DA:11,1
DA:13,1
DA:17,1
DA:19,1
DA:21,1
DA:23,1
DA:31,1
DA:32,1
DA:34,1
DA:35,332
DA:37,332
DA:38,332
DA:51,1
DA:63,10
DA:65,8
DA:66,8
DA:67,8
DA:83,0
DA:84,0
DA:86,0
DA:87,0
DA:88,0
DA:91,0
DA:92,0
DA:93,0
DA:94,0
DA:98,0
DA:112,2
DA:114,2
DA:115,8
DA:116,3
DA:120,2
DA:134,27
DA:135,27
DA:136,14
DA:137,4
DA:138,4
DA:141,27
DA:162,2
DA:164,2
DA:165,0
DA:168,2
DA:169,0
DA:172,2
DA:187,7
DA:189,7
DA:190,3
DA:193,7
DA:215,239
DA:216,0
DA:219,239
DA:220,2
DA:223,239
DA:224,1
DA:226,1
DA:227,2
DA:228,2
DA:231,1
DA:234,238
DA:235,238
DA:236,238
DA:252,4
DA:253,4
DA:254,1
DA:257,3
DA:258,0
DA:261,3
DA:262,2
DA:264,2
DA:265,2
DA:267,2
DA:268,3
DA:269,3
DA:270,3
DA:273,2
DA:275,1
DA:276,1
DA:279,3
DA:280,3
DA:294,18
DA:295,18
DA:296,1
DA:299,17
DA:300,17
DA:301,17
DA:317,6
DA:318,6
DA:319,1
DA:322,5
DA:323,0
DA:326,5
DA:327,1
DA:329,1
DA:330,1
DA:332,1
DA:333,2
DA:334,2
DA:335,2
DA:338,1
DA:340,4
DA:341,4
DA:344,5
DA:357,31
DA:362,13
DA:367,32
DA:380,11
DA:393,3
DA:394,3
DA:395,0
DA:398,3
DA:411,3
DA:412,3
DA:413,0
DA:416,3
DA:421,36
DA:424,45
DA:436,24
DA:437,24
DA:450,34
DA:453,28
DA:458,1
DA:461,1
DA:462,1
LF:127
LH:110
BRDA:66,1,0,8
BRDA:66,1,1,0
BRDA:86,2,0,0
BRDA:86,2,1,0
BRDA:91,3,0,0
BRDA:91,3,1,0
BRDA:93,4,0,0
BRDA:93,4,1,0
BRDA:115,5,0,3
BRDA:115,5,1,5
BRDA:136,6,0,4
BRDA:136,6,1,10
BRDA:164,7,0,0
BRDA:164,7,1,2
BRDA:189,8,0,10
BRDA:189,8,1,6
BRDA:215,9,0,0
BRDA:215,9,1,239
BRDA:219,10,0,2
BRDA:219,10,1,237
BRDA:223,11,0,1
BRDA:223,11,1,238
BRDA:253,12,0,1
BRDA:253,12,1,3
BRDA:257,13,0,0
BRDA:257,13,1,3
BRDA:261,14,0,2
BRDA:261,14,1,1
BRDA:295,15,0,1
BRDA:295,15,1,17
BRDA:318,16,0,1
BRDA:318,16,1,5
BRDA:322,17,0,0
BRDA:322,17,1,5
BRDA:326,18,0,1
BRDA:326,18,1,4
BRDA:362,19,0,13
BRDA:362,19,1,0
BRDA:367,20,0,32
BRDA:367,20,1,7
BRDA:380,21,0,11
BRDA:380,21,1,1
BRDA:394,22,0,0
BRDA:394,22,1,3
BRDA:398,23,0,3
BRDA:398,23,1,1
BRDA:398,23,2,2
BRDA:412,24,0,0
BRDA:412,24,1,3
BRDA:416,25,0,3
BRDA:416,25,1,2
BRF:51
BRH:37
end_of_record
TN:
SF:/home/ubuntu/html-document/lib/parse.js
FN:21,parse
FN:23,last
FN:31,onopentagname
FN:38,onattribute
FN:43,ontext
FN:48,onclosetag
FN:54,oncomment
FNF:7
FNH:6
FNDA:24,parse
FNDA:135,last
FNDA:66,onopentagname
FNDA:34,onattribute
FNDA:35,ontext
FNDA:66,onclosetag
FNDA:0,oncomment
DA:3,1
DA:5,1
DA:8,1
DA:10,1
DA:12,1
DA:21,1
DA:22,24
DA:23,24
DA:24,135
DA:27,24
DA:29,24
DA:32,66
DA:33,66
DA:39,34
DA:44,35
DA:49,66
DA:50,66
DA:55,0
DA:58,24
DA:59,24
DA:62,1
LF:21
LH:20
BRDA:24,1,0,0
BRDA:24,1,1,135
BRF:2
BRH:1
end_of_record
TN:
SF:/home/ubuntu/html-document/lib/HTMLElement.js
FN:43,(anonymous_1)
FN:46,HTMLElement
FN:79,_updatedAttribute
FN:98,get
FN:108,set
FN:113,get
FN:116,(anonymous_7)
FNF:7
FNH:5
FNDA:1,(anonymous_1)
FNDA:312,HTMLElement
FNDA:72,_updatedAttribute
FNDA:0,get
FNDA:0,set
FNDA:34,get
FNDA:7,(anonymous_7)
DA:3,1
DA:5,1
DA:7,1
DA:9,1
DA:11,1
DA:13,1
DA:15,1
DA:19,1
DA:21,1
DA:23,1
DA:25,1
DA:27,1
DA:29,1
DA:31,1
DA:33,1
DA:35,1
DA:43,1
DA:44,1
DA:46,1
DA:47,312
DA:49,312
DA:55,312
DA:61,312
DA:73,1
DA:80,72
DA:81,2
DA:84,72
DA:85,20
DA:99,0
DA:109,0
DA:114,34
DA:116,34
DA:117,7
DA:122,1
DA:125,1
DA:126,1
LF:36
LH:34
BRDA:80,1,0,2
BRDA:80,1,1,70
BRDA:81,2,0,2
BRDA:81,2,1,1
BRDA:84,3,0,20
BRDA:84,3,1,52
BRDA:85,4,0,20
BRDA:85,4,1,0
BRDA:118,5,0,6
BRDA:118,5,1,28
BRF:10
BRH:9
end_of_record
TN:
SF:/home/ubuntu/html-document/lib/Element.js
FN:50,(anonymous_1)
FN:53,Element
FN:76,getElementById
FN:77,(anonymous_4)
FN:98,getElementsByTagName
FN:107,(anonymous_6)
FN:128,querySelector
FN:145,querySelectorAll
FN:159,get
FN:169,set
FN:184,get
FN:204,get
FN:205,(anonymous_13)
FN:221,get
FN:236,get
FN:251,get
FNF:16
FNH:9
FNDA:1,(anonymous_1)
FNDA:312,Element
FNDA:0,getElementById
FNDA:0,(anonymous_4)
FNDA:32,getElementsByTagName
FNDA:50,(anonymous_6)
FNDA:21,querySelector
FNDA:12,querySelectorAll
FNDA:0,get
FNDA:0,set
FNDA:132,get
FNDA:164,get
FNDA:199,(anonymous_13)
FNDA:0,get
FNDA:0,get
FNDA:0,get
DA:3,1
DA:5,1
DA:7,1
DA:9,1
DA:11,1
DA:13,1
DA:17,1
DA:19,1
DA:21,1
DA:23,1
DA:25,1
DA:50,1
DA:51,1
DA:53,1
DA:54,312
DA:56,312
DA:63,1
DA:77,0
DA:78,0
DA:99,32
DA:100,0
DA:102,0
DA:105,32
DA:106,32
DA:107,32
DA:108,50
DA:109,50
DA:112,32
DA:129,21
DA:146,12
DA:160,0
DA:170,0
DA:185,132
DA:205,164
DA:206,199
DA:222,0
DA:237,0
DA:252,0
DA:256,1
DA:259,1
DA:260,1
DA:261,1
LF:42
LH:33
BRDA:77,1,0,0
BRDA:77,1,1,0
BRDA:78,2,0,0
BRDA:78,2,1,0
BRDA:99,3,0,0
BRDA:99,3,1,32
BRDA:102,4,0,0
BRDA:102,4,1,0
BRDA:105,5,0,32
BRDA:105,5,1,32
BRDA:108,6,0,50
BRDA:108,6,1,0
BRDA:222,7,0,0
BRDA:222,7,1,0
BRDA:237,8,0,0
BRDA:237,8,1,0
BRF:16
BRH:4
end_of_record
TN:
SF:/home/ubuntu/html-document/lib/utils/querySelectorHelper.js
FN:29,querySelector
FN:51,querySelectorAll
FN:85,processElement
FN:144,processRules
FN:160,processRule
FN:172,processSelectors
FN:221,matchRule
FN:227,(anonymous_8)
FN:235,(anonymous_9)
FNF:9
FNH:9
FNDA:21,querySelector
FNDA:12,querySelectorAll
FNDA:98,processElement
FNDA:76,processRules
FNDA:56,processRule
FNDA:76,processSelectors
FNDA:94,matchRule
FNDA:44,(anonymous_8)
FNDA:14,(anonymous_9)
DA:3,1
DA:5,1
DA:8,1
DA:9,1
DA:11,1
DA:13,1
DA:29,1
DA:30,21
DA:32,21
DA:33,21
DA:35,21
DA:36,11
DA:39,10
DA:51,1
DA:52,12
DA:54,12
DA:55,12
DA:56,36
DA:58,36
DA:59,0
DA:60,0
DA:62,36
DA:63,36
DA:64,24
DA:67,24
DA:69,24
DA:72,12
DA:85,1
DA:86,98
DA:87,162
DA:89,162
DA:90,162
DA:91,76
DA:93,0
DA:94,0
DA:95,0
DA:98,76
DA:100,76
DA:101,100
DA:103,100
DA:104,0
DA:105,0
DA:107,100
DA:108,100
DA:109,35
DA:112,35
DA:114,35
DA:117,65
DA:118,76
DA:120,76
DA:121,0
DA:122,0
DA:124,76
DA:125,76
DA:126,12
DA:129,12
DA:131,12
DA:144,1
DA:145,76
DA:146,20
DA:147,56
DA:148,56
DA:160,1
DA:161,56
DA:172,1
DA:173,76
DA:174,135
DA:176,135
DA:177,135
DA:178,94
DA:180,0
DA:181,0
DA:182,0
DA:185,94
DA:187,94
DA:189,94
DA:190,59
DA:193,35
DA:194,35
DA:195,24
DA:198,0
DA:199,0
DA:201,0
DA:202,0
DA:203,0
DA:205,0
DA:206,0
DA:207,0
DA:210,0
DA:212,0
DA:215,0
DA:221,1
DA:222,94
DA:223,25
DA:226,69
DA:227,34
DA:228,44
DA:230,25
DA:234,44
DA:235,14
DA:236,14
DA:238,8
DA:240,6
DA:242,0
DA:245,9
DA:249,35
LF:106
LH:82
BRDA:35,1,0,11
BRDA:35,1,1,10
BRDA:35,2,0,21
BRDA:35,2,1,21
BRDA:58,3,0,0
BRDA:58,3,1,36
BRDA:59,4,0,0
BRDA:59,4,1,0
BRDA:63,5,0,12
BRDA:63,5,1,24
BRDA:89,6,0,162
BRDA:89,6,1,0
BRDA:90,7,0,86
BRDA:90,7,1,76
BRDA:94,8,0,0
BRDA:94,8,1,0
BRDA:103,9,0,0
BRDA:103,9,1,100
BRDA:104,10,0,0
BRDA:104,10,1,0
BRDA:108,11,0,65
BRDA:108,11,1,35
BRDA:120,12,0,0
BRDA:120,12,1,76
BRDA:121,13,0,0
BRDA:121,13,1,0
BRDA:125,14,0,64
BRDA:125,14,1,12
BRDA:145,15,0,20
BRDA:145,15,1,56
BRDA:147,16,0,56
BRDA:147,16,1,0
BRDA:176,17,0,135
BRDA:176,17,1,0
BRDA:177,18,0,41
BRDA:177,18,1,94
BRDA:181,19,0,0
BRDA:181,19,1,0
BRDA:189,20,0,59
BRDA:189,20,1,35
BRDA:193,21,0,35
BRDA:193,21,1,0
BRDA:201,22,0,0
BRDA:201,22,1,0
BRDA:202,23,0,0
BRDA:202,23,1,0
BRDA:206,24,0,0
BRDA:206,24,1,0
BRDA:222,25,0,25
BRDA:222,25,1,69
BRDA:222,26,0,94
BRDA:222,26,1,74
BRDA:226,27,0,34
BRDA:226,27,1,35
BRDA:227,28,0,25
BRDA:227,28,1,9
BRDA:234,29,0,14
BRDA:234,29,1,30
BRDA:235,30,0,9
BRDA:235,30,1,5
BRDA:236,31,0,8
BRDA:236,31,1,6
BRDA:236,31,2,0
BRF:63
BRH:39
end_of_record
TN:
SF:/home/ubuntu/html-document/lib/HTMLElement/CSSStyleDeclaration.js
FN:26,(anonymous_1)
FN:33,CSSStyleDeclaration
FN:44,_stringify
FNF:3
FNH:3
FNDA:1,(anonymous_1)
FNDA:312,CSSStyleDeclaration
FNDA:4,_stringify
DA:3,1
DA:5,1
DA:7,1
DA:9,1
DA:11,1
DA:13,1
DA:17,1
DA:19,1
DA:26,1
DA:27,1
DA:33,1
DA:34,312
DA:36,312
DA:37,312
DA:40,1
DA:45,4
DA:46,4
DA:50,1
DA:53,1
DA:54,1
LF:20
LH:20
BRF:0
BRH:0
end_of_record
TN:
SF:/home/ubuntu/html-document/lib/HTMLElement/ClassList.js
FN:17,(anonymous_1)
FN:22,ClassList
FN:47,_parse
FN:59,_stringify
FN:75,add
FN:84,(anonymous_6)
FN:108,remove
FN:117,(anonymous_8)
FN:145,toggle
FN:168,contains
FN:173,get
FNF:11
FNH:11
FNDA:1,(anonymous_1)
FNDA:312,ClassList
FNDA:20,_parse
FNDA:12,_stringify
FNDA:9,add
FNDA:13,(anonymous_6)
FNDA:4,remove
FNDA:6,(anonymous_8)
FNDA:6,toggle
FNDA:52,contains
FNDA:3,get
DA:8,1
DA:10,1
DA:12,1
DA:17,1
DA:22,1
DA:23,312
DA:25,312
DA:26,312
DA:37,1
DA:48,20
DA:60,12
DA:76,9
DA:78,9
DA:80,9
DA:81,13
DA:84,9
DA:85,13
DA:86,13
DA:87,11
DA:88,11
DA:92,9
DA:93,8
DA:109,4
DA:111,4
DA:113,4
DA:114,6
DA:117,4
DA:118,6
DA:119,6
DA:120,4
DA:121,4
DA:125,4
DA:126,4
DA:146,6
DA:147,6
DA:149,6
DA:150,4
DA:153,6
DA:169,52
DA:174,3
DA:178,1
DA:181,1
DA:182,1
LF:43
LH:43
BRDA:86,1,0,11
BRDA:86,1,1,2
BRDA:92,2,0,8
BRDA:92,2,1,1
BRDA:119,3,0,4
BRDA:119,3,1,2
BRDA:125,4,0,4
BRDA:125,4,1,0
BRDA:147,5,0,3
BRDA:147,5,1,3
BRDA:147,6,0,3
BRDA:147,6,1,2
BRDA:147,7,0,3
BRDA:147,7,1,2
BRDA:149,8,0,4
BRDA:149,8,1,2
BRF:16
BRH:15
end_of_record
TN:
SF:/home/ubuntu/html-document/lib/utils/escapeAttribute.js
FN:16,escapeAttribute
FNF:1
FNH:1
FNDA:7,escapeAttribute
DA:3,1
DA:5,1
DA:8,1
DA:10,1
DA:12,1
DA:16,1
DA:17,7
DA:20,1
LF:8
LH:8
BRF:0
BRH:0
end_of_record
TN:
SF:/home/ubuntu/html-document/lib/Text.js
FN:30,(anonymous_1)
FN:37,Text
FN:52,_toHTML
FN:64,get
FN:74,set
FNF:5
FNH:4
FNDA:1,(anonymous_1)
FNDA:39,Text
FNDA:18,_toHTML
FNDA:19,get
FNDA:0,set
DA:3,1
DA:5,1
DA:7,1
DA:9,1
DA:11,1
DA:13,1
DA:17,1
DA:19,1
DA:21,1
DA:23,1
DA:30,1
DA:31,1
DA:37,1
DA:38,39
DA:40,39
DA:41,39
DA:48,1
DA:53,18
DA:65,19
DA:75,0
DA:79,1
DA:82,1
DA:83,1
DA:88,1
DA:89,1
LF:25
LH:24
BRF:0
BRH:0
end_of_record
TN:
SF:/home/ubuntu/html-document/lib/HTMLElement/elements/HTMLOptionElement.js
FN:28,(anonymous_1)
FN:31,HTMLOptionElement
FN:54,get
FN:65,set
FN:80,get
FN:91,set
FN:111,get
FN:121,set
FN:138,get
FN:149,set
FN:165,get
FN:176,set
FN:183,get
FN:207,get
FN:218,set
FN:244,get
FN:254,set
FN:273,get
FN:284,set
FNF:19
FNH:7
FNDA:1,(anonymous_1)
FNDA:8,HTMLOptionElement
FNDA:0,get
FNDA:0,set
FNDA:0,get
FNDA:0,set
FNDA:0,get
FNDA:0,set
FNDA:0,get
FNDA:0,set
FNDA:0,get
FNDA:0,set
FNDA:3,get
FNDA:29,get
FNDA:7,set
FNDA:0,get
FNDA:0,set
FNDA:13,get
FNDA:3,set
DA:3,1
DA:5,1
DA:7,1
DA:9,1
DA:11,1
DA:13,1
DA:17,1
DA:19,1
DA:28,1
DA:29,1
DA:31,1
DA:32,8
DA:34,8
DA:41,1
DA:55,0
DA:66,0
DA:81,0
DA:92,0
DA:93,0
DA:95,0
DA:112,0
DA:122,0
DA:139,0
DA:150,0
DA:166,0
DA:177,0
DA:185,3
DA:189,3
DA:190,3
DA:191,3
DA:195,0
DA:208,29
DA:219,7
DA:220,3
DA:221,3
DA:222,3
DA:223,3
DA:224,3
DA:228,3
DA:230,4
DA:245,0
DA:255,0
DA:256,0
DA:259,0
DA:274,13
DA:275,13
DA:285,3
DA:286,1
DA:288,2
DA:293,1
DA:296,1
DA:297,1
DA:298,1
LF:53
LH:36
BRDA:81,1,0,0
BRDA:81,1,1,0
BRDA:81,1,2,0
BRDA:92,2,0,0
BRDA:92,2,1,0
BRDA:190,3,0,3
BRDA:190,3,1,0
BRDA:219,4,0,3
BRDA:219,4,1,4
BRDA:221,5,0,3
BRDA:221,5,1,0
BRDA:223,6,0,3
BRDA:223,6,1,0
BRDA:275,7,0,11
BRDA:275,7,1,2
BRDA:285,8,0,1
BRDA:285,8,1,2
BRF:17
BRH:9
end_of_record
TN:
SF:/home/ubuntu/html-document/lib/HTMLElement/elements/HTMLSelectElement.js
FN:30,(anonymous_1)
FN:33,HTMLSelectElement
FN:56,item
FN:74,namedItem
FN:90,remove
FN:107,get
FN:117,set
FN:137,get
FN:147,set
FN:169,get
FN:174,set
FN:189,get
FN:201,(anonymous_13)
FN:217,get
FN:222,set
FN:236,get
FN:246,set
FN:265,get
FN:275,set
FN:290,get
FN:295,set
FN:310,get
FN:315,set
FN:334,get
FN:345,(anonymous_25)
FN:373,set
FN:374,(anonymous_27)
FN:391,get
FN:393,(anonymous_29)
FN:409,get
FN:430,get
FN:440,set
FN:447,get
FN:463,get
FN:468,set
FN:475,get
FN:480,set
FN:487,get
FN:492,set
FN:506,get
FN:517,set
FN:525,get
FN:530,set
FNF:43
FNH:32
FNDA:1,(anonymous_1)
FNDA:25,HTMLSelectElement
FNDA:0,item
FNDA:0,namedItem
FNDA:0,remove
FNDA:6,get
FNDA:2,set
FNDA:6,get
FNDA:2,set
FNDA:4,get
FNDA:1,set
FNDA:2,get
FNDA:8,(anonymous_13)
FNDA:5,get
FNDA:1,set
FNDA:24,get
FNDA:5,set
FNDA:5,get
FNDA:1,set
FNDA:32,get
FNDA:1,set
FNDA:6,get
FNDA:2,set
FNDA:13,get
FNDA:22,(anonymous_25)
FNDA:2,set
FNDA:1,(anonymous_27)
FNDA:2,get
FNDA:4,(anonymous_29)
FNDA:7,get
FNDA:5,get
FNDA:1,set
FNDA:1,get
FNDA:3,get
FNDA:1,set
FNDA:0,get
FNDA:0,set
FNDA:0,get
FNDA:0,set
FNDA:0,get
FNDA:0,set
FNDA:0,get
FNDA:0,set
DA:3,1
DA:5,1
DA:7,1
DA:9,1
DA:11,1
DA:13,1
DA:17,1
DA:19,1
DA:30,1
DA:31,1
DA:33,1
DA:34,25
DA:36,25
DA:43,1
DA:57,0
DA:75,0
DA:91,0
DA:108,6
DA:118,2
DA:119,1
DA:121,1
DA:138,6
DA:148,2
DA:149,1
DA:151,1
DA:170,4
DA:175,1
DA:190,2
DA:191,0
DA:194,2
DA:195,2
DA:197,2
DA:198,0
DA:201,2
DA:202,8
DA:218,5
DA:223,1
DA:237,24
DA:247,5
DA:248,3
DA:250,2
DA:266,5
DA:276,1
DA:291,32
DA:296,1
DA:311,6
DA:316,2
DA:317,1
DA:319,1
DA:335,13
DA:336,13
DA:337,13
DA:339,13
DA:340,2
DA:343,11
DA:346,22
DA:347,2
DA:348,2
DA:351,20
DA:352,11
DA:356,11
DA:357,9
DA:359,9
DA:360,0
DA:364,11
DA:374,2
DA:375,1
DA:377,2
DA:392,2
DA:394,4
DA:410,7
DA:412,7
DA:413,0
DA:416,7
DA:431,5
DA:441,1
DA:448,1
DA:464,3
DA:469,1
DA:476,0
DA:481,0
DA:488,0
DA:493,0
DA:507,0
DA:518,0
DA:519,0
DA:526,0
DA:531,0
DA:535,1
DA:538,1
DA:539,1
DA:540,1
LF:92
LH:76
BRDA:118,1,0,1
BRDA:118,1,1,1
BRDA:148,2,0,1
BRDA:148,2,1,1
BRDA:170,3,0,4
BRDA:170,3,1,2
BRDA:190,4,0,0
BRDA:190,4,1,2
BRDA:197,5,0,0
BRDA:197,5,1,2
BRDA:202,6,0,8
BRDA:202,6,1,5
BRDA:247,7,0,3
BRDA:247,7,1,2
BRDA:316,8,0,1
BRDA:316,8,1,1
BRDA:339,9,0,2
BRDA:339,9,1,11
BRDA:346,10,0,2
BRDA:346,10,1,20
BRDA:351,11,0,11
BRDA:351,11,1,9
BRDA:351,12,0,20
BRDA:351,12,1,13
BRDA:356,13,0,9
BRDA:356,13,1,2
BRDA:356,14,0,11
BRDA:356,14,1,9
BRDA:359,15,0,0
BRDA:359,15,1,9
BRDA:412,16,0,0
BRDA:412,16,1,7
BRDA:431,17,0,5
BRDA:431,17,1,3
BRDA:431,18,0,1
BRDA:431,18,1,2
BRDA:464,19,0,1
BRDA:464,19,1,2
BRDA:507,20,0,0
BRDA:507,20,1,0
BRF:40
BRH:34
end_of_record
TN:
SF:/home/ubuntu/html-document/lib/HTMLElement/elements/HTMLTableElement.js
FN:32,(anonymous_1)
FN:35,HTMLTableElement
FN:57,createTHead
FN:78,deleteTHead
FN:97,createCaption
FN:119,deleteCaption
FN:138,createTFoot
FN:160,deleteTFoot
FN:177,_createTBody
FN:201,insertRow
FN:234,appendChild
FN:260,get
FN:273,set
FN:300,get
FN:301,(anonymous_15)
FN:313,set
FN:325,(anonymous_17)
FN:348,get
FN:349,(anonymous_19)
FN:361,set
FN:372,(anonymous_21)
FN:396,get
FN:399,(anonymous_23)
FN:407,(anonymous_24)
FN:408,(anonymous_25)
FN:417,(anonymous_26)
FN:438,get
FN:439,(anonymous_28)
FNF:28
FNH:25
FNDA:1,(anonymous_1)
FNDA:10,HTMLTableElement
FNDA:3,createTHead
FNDA:1,deleteTHead
FNDA:3,createCaption
FNDA:1,deleteCaption
FNDA:1,createTFoot
FNDA:1,deleteTFoot
FNDA:2,_createTBody
FNDA:1,insertRow
FNDA:11,appendChild
FNDA:11,get
FNDA:4,set
FNDA:15,get
FNDA:9,(anonymous_15)
FNDA:4,set
FNDA:3,(anonymous_17)
FNDA:12,get
FNDA:5,(anonymous_19)
FNDA:1,set
FNDA:0,(anonymous_21)
FNDA:4,get
FNDA:0,(anonymous_23)
FNDA:3,(anonymous_24)
FNDA:3,(anonymous_25)
FNDA:0,(anonymous_26)
FNDA:11,get
FNDA:8,(anonymous_28)
DA:3,1
DA:5,1
DA:7,1
DA:9,1
DA:11,1
DA:13,1
DA:17,1
DA:19,1
DA:21,1
DA:23,1
DA:32,1
DA:33,1
DA:35,1
DA:36,10
DA:38,10
DA:45,1
DA:58,3
DA:59,3
DA:60,0
DA:63,3
DA:64,3
DA:65,3
DA:79,1
DA:80,1
DA:81,1
DA:98,3
DA:100,3
DA:101,0
DA:104,3
DA:105,3
DA:106,3
DA:120,1
DA:122,1
DA:123,1
DA:139,1
DA:141,1
DA:142,0
DA:145,1
DA:146,1
DA:147,1
DA:161,1
DA:162,1
DA:163,1
DA:178,2
DA:179,2
DA:180,2
DA:181,0
DA:183,2
DA:186,2
DA:202,1
DA:204,1
DA:205,1
DA:206,1
DA:208,1
DA:209,1
DA:211,0
DA:214,1
DA:215,1
DA:216,0
DA:217,0
DA:219,0
DA:222,1
DA:235,11
DA:236,1
DA:237,1
DA:238,1
DA:239,1
DA:241,0
DA:244,1
DA:247,10
DA:261,11
DA:274,4
DA:275,1
DA:278,3
DA:279,3
DA:280,0
DA:282,3
DA:283,1
DA:285,2
DA:301,15
DA:302,9
DA:314,4
DA:316,4
DA:317,0
DA:320,4
DA:322,4
DA:323,0
DA:325,4
DA:326,3
DA:327,1
DA:328,1
DA:331,2
DA:333,3
DA:349,12
DA:350,5
DA:362,1
DA:364,1
DA:365,0
DA:368,1
DA:369,1
DA:370,0
DA:372,1
DA:373,0
DA:374,0
DA:375,0
DA:378,0
DA:380,1
DA:397,4
DA:398,4
DA:399,0
DA:400,0
DA:401,0
DA:406,4
DA:407,3
DA:408,3
DA:409,3
DA:410,3
DA:416,4
DA:417,0
DA:418,0
DA:419,0
DA:424,4
DA:439,11
DA:440,8
DA:445,1
DA:448,1
DA:449,1
DA:450,1
LF:128
LH:104
BRDA:59,1,0,0
BRDA:59,1,1,3
BRDA:80,2,0,1
BRDA:80,2,1,0
BRDA:100,3,0,0
BRDA:100,3,1,3
BRDA:122,4,0,1
BRDA:122,4,1,0
BRDA:141,5,0,0
BRDA:141,5,1,1
BRDA:162,6,0,1
BRDA:162,6,1,0
BRDA:180,7,0,0
BRDA:180,7,1,2
BRDA:202,8,0,1
BRDA:202,8,1,0
BRDA:202,9,0,1
BRDA:202,9,1,0
BRDA:208,10,0,1
BRDA:208,10,1,0
BRDA:214,11,0,1
BRDA:214,11,1,0
BRDA:214,12,0,1
BRDA:214,12,1,0
BRDA:216,13,0,0
BRDA:216,13,1,0
BRDA:235,14,0,1
BRDA:235,14,1,10
BRDA:238,15,0,1
BRDA:238,15,1,0
BRDA:274,16,0,1
BRDA:274,16,1,3
BRDA:279,17,0,0
BRDA:279,17,1,3
BRDA:282,18,0,1
BRDA:282,18,1,2
BRDA:316,19,0,0
BRDA:316,19,1,4
BRDA:322,20,0,0
BRDA:322,20,1,4
BRDA:325,21,0,3
BRDA:325,21,1,1
BRDA:326,22,0,1
BRDA:326,22,1,2
BRDA:326,23,0,3
BRDA:326,23,1,1
BRDA:364,24,0,0
BRDA:364,24,1,1
BRDA:369,25,0,0
BRDA:369,25,1,1
BRDA:372,26,0,1
BRDA:372,26,1,0
BRDA:373,27,0,0
BRDA:373,27,1,0
BRDA:373,28,0,0
BRDA:373,28,1,0
BRDA:373,28,2,0
BRDA:398,29,0,0
BRDA:398,29,1,4
BRDA:400,30,0,0
BRDA:400,30,1,0
BRDA:406,31,0,3
BRDA:406,31,1,1
BRDA:409,32,0,3
BRDA:409,32,1,0
BRDA:416,33,0,0
BRDA:416,33,1,4
BRDA:418,34,0,0
BRDA:418,34,1,0
BRF:69
BRH:36
end_of_record
TN:
SF:/home/ubuntu/html-document/lib/DOMException.js
FN:45,(anonymous_1)
FN:52,DOMException
FN:73,get
FN:86,get
FN:99,get
FNF:5
FNH:2
FNDA:1,(anonymous_1)
FNDA:1,DOMException
FNDA:0,get
FNDA:0,get
FNDA:0,get
DA:3,1
DA:5,1
DA:7,1
DA:10,1
DA:45,1
DA:52,1
DA:53,1
DA:55,1
DA:56,1
DA:71,1
DA:74,0
DA:87,0
DA:100,0
DA:104,1
DA:107,1
DA:108,1
DA:113,1
DA:118,1
DA:123,1
DA:128,1
DA:133,1
DA:138,1
DA:143,1
DA:148,1
DA:153,1
DA:158,1
DA:163,1
DA:168,1
DA:173,1
DA:178,1
DA:183,1
DA:188,1
DA:193,1
DA:198,1
DA:203,1
DA:208,1
DA:213,1
DA:218,1
DA:223,1
DA:228,1
DA:229,1
LF:41
LH:38
BRDA:74,1,0,0
BRDA:74,1,1,0
BRF:2
BRH:0
end_of_record
TN:
SF:/home/ubuntu/html-document/lib/HTMLElement/elements/HTMLTableSectionElement.js
FN:32,(anonymous_1)
FN:35,HTMLTableSectionElement
FN:54,insertRow
FN:82,deleteRow
FN:101,get
FN:113,set
FN:131,get
FN:132,(anonymous_8)
FN:150,get
FN:166,get
FN:183,get
FN:196,set
FNF:12
FNH:3
FNDA:1,(anonymous_1)
FNDA:8,HTMLTableSectionElement
FNDA:2,insertRow
FNDA:0,deleteRow
FNDA:0,get
FNDA:0,set
FNDA:0,get
FNDA:0,(anonymous_8)
FNDA:0,get
FNDA:0,get
FNDA:0,get
FNDA:0,set
DA:3,1
DA:5,1
DA:7,1
DA:9,1
DA:11,1
DA:13,1
DA:17,1
DA:19,1
DA:21,1
DA:23,1
DA:32,1
DA:33,1
DA:35,1
DA:36,8
DA:38,8
DA:41,1
DA:55,2
DA:57,2
DA:58,2
DA:59,2
DA:60,0
DA:61,0
DA:63,0
DA:66,2
DA:83,0
DA:84,0
DA:87,0
DA:102,0
DA:114,0
DA:115,0
DA:132,0
DA:133,0
DA:151,0
DA:167,0
DA:184,0
DA:197,0
DA:198,0
DA:203,1
DA:206,1
DA:207,1
LF:40
LH:24
BRDA:55,1,0,2
BRDA:55,1,1,0
BRDA:55,2,0,2
BRDA:55,2,1,0
BRDA:58,3,0,2
BRDA:58,3,1,0
BRDA:58,4,0,2
BRDA:58,4,1,0
BRDA:60,5,0,0
BRDA:60,5,1,0
BRDA:83,6,0,0
BRDA:83,6,1,0
BRDA:83,7,0,0
BRDA:83,7,1,0
BRDA:114,8,0,0
BRDA:114,8,1,0
BRDA:197,9,0,0
BRDA:197,9,1,0
BRF:18
BRH:4
end_of_record
TN:
SF:/home/ubuntu/html-document/lib/HTMLElement/elements/HTMLTableRowElement.js
FN:22,(anonymous_1)
FN:25,HTMLTableRowElement
FN:59,insertCell
FN:87,deleteCell
FN:96,get
FN:97,(anonymous_6)
FN:115,get
FN:132,get
FN:146,set
FN:163,get
FN:177,set
FN:194,get
FN:209,get
FN:228,get
FN:251,(anonymous_15)
FNF:15
FNH:3
FNDA:1,(anonymous_1)
FNDA:5,HTMLTableRowElement
FNDA:2,insertCell
FNDA:0,deleteCell
FNDA:0,get
FNDA:0,(anonymous_6)
FNDA:0,get
FNDA:0,get
FNDA:0,set
FNDA:0,get
FNDA:0,set
FNDA:0,get
FNDA:0,get
FNDA:0,get
FNDA:0,(anonymous_15)
DA:3,1
DA:5,1
DA:7,1
DA:9,1
DA:11,1
DA:13,1
DA:17,1
DA:19,1
DA:22,1
DA:23,1
DA:25,1
DA:26,5
DA:28,5
DA:46,1
DA:60,2
DA:62,2
DA:63,2
DA:64,2
DA:65,0
DA:66,0
DA:68,0
DA:71,2
DA:88,0
DA:89,0
DA:92,0
DA:97,0
DA:98,0
DA:116,0
DA:133,0
DA:147,0
DA:148,0
DA:164,0
DA:178,0
DA:179,0
DA:195,0
DA:210,0
DA:211,0
DA:214,0
DA:229,0
DA:230,0
DA:233,0
DA:234,0
DA:237,0
DA:238,0
DA:239,0
DA:240,0
DA:241,0
DA:242,0
DA:245,0
DA:246,0
DA:249,0
DA:250,0
DA:251,0
DA:252,0
DA:253,0
DA:254,0
DA:257,0
DA:259,0
DA:260,0
DA:264,0
DA:265,0
DA:268,0
DA:272,1
DA:275,1
DA:276,1
DA:277,1
LF:66
LH:23
BRDA:60,1,0,2
BRDA:60,1,1,0
BRDA:60,2,0,2
BRDA:60,2,1,0
BRDA:63,3,0,2
BRDA:63,3,1,0
BRDA:63,4,0,2
BRDA:63,4,1,0
BRDA:65,5,0,0
BRDA:65,5,1,0
BRDA:88,6,0,0
BRDA:88,6,1,0
BRDA:88,7,0,0
BRDA:88,7,1,0
BRDA:147,8,0,0
BRDA:147,8,1,0
BRDA:178,9,0,0
BRDA:178,9,1,0
BRDA:210,10,0,0
BRDA:210,10,1,0
BRDA:229,11,0,0
BRDA:229,11,1,0
BRDA:233,12,0,0
BRDA:233,12,1,0
BRDA:241,13,0,0
BRDA:241,13,1,0
BRDA:245,14,0,0
BRDA:245,14,1,0
BRDA:249,15,0,0
BRDA:249,15,1,0
BRDA:252,16,0,0
BRDA:252,16,1,0
BRDA:259,17,0,0
BRDA:259,17,1,0
BRDA:264,18,0,0
BRDA:264,18,1,0
BRF:36
BRH:4
end_of_record
TN:
SF:/home/ubuntu/html-document/lib/Doctype.js
FN:22,(anonymous_1)
FN:25,Doctype
FN:35,_toHTML
FNF:3
FNH:3
FNDA:1,(anonymous_1)
FNDA:1,Doctype
FNDA:1,_toHTML
DA:3,1
DA:5,1
DA:7,1
DA:9,1
DA:11,1
DA:13,1
DA:17,1
DA:19,1
DA:22,1
DA:23,1
DA:25,1
DA:26,1
DA:28,1
DA:31,1
DA:36,1
DA:40,1
DA:43,1
DA:44,1
LF:18
LH:18
BRF:0
BRH:0
end_of_record
TN:
SF:/home/ubuntu/html-document/lib/Event.js
FN:19,(anonymous_1)
FN:24,Event
FN:100,preventDefault
FN:111,stopImmediatePropagation
FN:123,stopPropagation
FN:135,isImmediatePropagationStopped
FNF:6
FNH:2
FNDA:1,(anonymous_1)
FNDA:1,Event
FNDA:0,preventDefault
FNDA:0,stopImmediatePropagation
FNDA:0,stopPropagation
FNDA:0,isImmediatePropagationStopped
DA:10,1
DA:12,1
DA:14,1
DA:19,1
DA:24,1
DA:25,1
DA:32,1
DA:39,1
DA:46,1
DA:53,1
DA:60,1
DA:67,1
DA:74,1
DA:81,1
DA:89,1
DA:98,1
DA:101,0
DA:112,0
DA:113,0
DA:124,0
DA:136,0
DA:140,1
DA:143,1
DA:144,1
LF:24
LH:19
BRF:0
BRH:0
end_of_record
TN:
SF:/home/ubuntu/html-document/lib/NodeList.js
FN:21,(anonymous_1)
FN:22,NodeList
FN:42,item
FN:49,_push
FN:57,value
FN:63,next
FNF:6
FNH:6
FNDA:1,(anonymous_1)
FNDA:2,NodeList
FNDA:2,item
FNDA:3,_push
FNDA:1,value
FNDA:3,next
DA:9,1
DA:11,1
DA:13,1
DA:15,1
DA:17,1
DA:21,1
DA:22,1
DA:23,2
DA:28,2
DA:40,1
DA:43,2
DA:50,3
DA:52,3
DA:58,1
DA:60,1
DA:62,1
DA:64,3
DA:70,1
DA:73,1
DA:74,1
LF:20
LH:20
BRDA:43,1,0,2
BRDA:43,1,1,1
BRF:2
BRH:2
end_of_record
